2018-08-03 08:38:32.648 [localhost-startStop-1] WARN  com.netflix.config.sources.URLConfigurationSource - No URLs will be polled as dynamic configuration sources.
2018-08-03 08:38:33.051 [main] WARN  com.netflix.config.sources.URLConfigurationSource - No URLs will be polled as dynamic configuration sources.
2018-08-03 08:40:47.792 [http-nio-8888-exec-1] WARN  org.springframework.cloud.netflix.zuul.filters.route.support.AbstractRibbonCommand - The Hystrix timeout of 13000ms for the command micro-ancaiyun-admin-server is set lower than the combination of the Ribbon read and connect timeout, 26000ms.
2018-08-03 08:40:48.992 [http-nio-8888-exec-3] WARN  org.springframework.cloud.netflix.zuul.filters.route.support.AbstractRibbonCommand - The Hystrix timeout of 13000ms for the command micro-ancaiyun-admin-sso-service is set lower than the combination of the Ribbon read and connect timeout, 26000ms.
2018-08-03 08:41:14.362 [http-nio-8888-exec-5] WARN  org.springframework.cloud.netflix.zuul.filters.route.support.AbstractRibbonCommand - The Hystrix timeout of 13000ms for the command micro-ancaiyun-admin-server is set lower than the combination of the Ribbon read and connect timeout, 26000ms.
2018-08-03 08:41:14.391 [http-nio-8888-exec-6] WARN  org.springframework.cloud.netflix.zuul.filters.route.support.AbstractRibbonCommand - The Hystrix timeout of 13000ms for the command micro-ancaiyun-admin-sso-service is set lower than the combination of the Ribbon read and connect timeout, 26000ms.
2018-08-03 08:41:31.378 [http-nio-8888-exec-7] WARN  org.springframework.cloud.netflix.zuul.filters.route.support.AbstractRibbonCommand - The Hystrix timeout of 13000ms for the command micro-ancaiyun-admin-server is set lower than the combination of the Ribbon read and connect timeout, 26000ms.
2018-08-03 08:41:31.459 [http-nio-8888-exec-8] WARN  org.springframework.cloud.netflix.zuul.filters.route.support.AbstractRibbonCommand - The Hystrix timeout of 13000ms for the command micro-ancaiyun-admin-sso-service is set lower than the combination of the Ribbon read and connect timeout, 26000ms.
2018-08-03 08:42:02.693 [http-nio-8888-exec-9] WARN  org.springframework.cloud.netflix.zuul.filters.route.support.AbstractRibbonCommand - The Hystrix timeout of 13000ms for the command micro-ancaiyun-admin-sso-service is set lower than the combination of the Ribbon read and connect timeout, 26000ms.
2018-08-03 08:42:29.745 [http-nio-8888-exec-10] WARN  org.springframework.cloud.netflix.zuul.filters.route.support.AbstractRibbonCommand - The Hystrix timeout of 13000ms for the command micro-ancaiyun-admin-server is set lower than the combination of the Ribbon read and connect timeout, 26000ms.
2018-08-03 08:42:29.773 [http-nio-8888-exec-2] WARN  org.springframework.cloud.netflix.zuul.filters.route.support.AbstractRibbonCommand - The Hystrix timeout of 13000ms for the command micro-ancaiyun-admin-sso-service is set lower than the combination of the Ribbon read and connect timeout, 26000ms.
2018-08-03 08:47:54.702 [http-nio-8888-exec-7] WARN  org.springframework.cloud.netflix.zuul.filters.route.support.AbstractRibbonCommand - The Hystrix timeout of 13000ms for the command micro-ancaiyun-admin-server is set lower than the combination of the Ribbon read and connect timeout, 26000ms.
2018-08-03 08:47:54.730 [http-nio-8888-exec-9] WARN  org.springframework.cloud.netflix.zuul.filters.route.support.AbstractRibbonCommand - The Hystrix timeout of 13000ms for the command micro-ancaiyun-admin-sso-service is set lower than the combination of the Ribbon read and connect timeout, 26000ms.
2018-08-03 08:49:20.092 [http-nio-8888-exec-3] WARN  org.springframework.cloud.netflix.zuul.filters.route.support.AbstractRibbonCommand - The Hystrix timeout of 13000ms for the command micro-ancaiyun-admin-server is set lower than the combination of the Ribbon read and connect timeout, 26000ms.
2018-08-03 08:49:20.119 [http-nio-8888-exec-1] WARN  org.springframework.cloud.netflix.zuul.filters.route.support.AbstractRibbonCommand - The Hystrix timeout of 13000ms for the command micro-ancaiyun-admin-sso-service is set lower than the combination of the Ribbon read and connect timeout, 26000ms.
2018-08-03 08:50:46.961 [http-nio-8888-exec-9] WARN  org.springframework.cloud.netflix.zuul.filters.route.support.AbstractRibbonCommand - The Hystrix timeout of 13000ms for the command micro-ancaiyun-admin-server is set lower than the combination of the Ribbon read and connect timeout, 26000ms.
2018-08-03 08:50:47.648 [http-nio-8888-exec-7] WARN  org.springframework.cloud.netflix.zuul.filters.route.support.AbstractRibbonCommand - The Hystrix timeout of 13000ms for the command micro-ancaiyun-admin-sso-service is set lower than the combination of the Ribbon read and connect timeout, 26000ms.
2018-08-03 08:51:31.409 [http-nio-8888-exec-10] WARN  org.springframework.cloud.netflix.zuul.filters.route.support.AbstractRibbonCommand - The Hystrix timeout of 13000ms for the command micro-ancaiyun-admin-server is set lower than the combination of the Ribbon read and connect timeout, 26000ms.
2018-08-03 08:51:31.438 [http-nio-8888-exec-1] WARN  org.springframework.cloud.netflix.zuul.filters.route.support.AbstractRibbonCommand - The Hystrix timeout of 13000ms for the command micro-ancaiyun-admin-sso-service is set lower than the combination of the Ribbon read and connect timeout, 26000ms.
2018-08-03 08:53:45.878 [http-nio-8888-exec-8] WARN  org.springframework.cloud.netflix.zuul.filters.route.support.AbstractRibbonCommand - The Hystrix timeout of 13000ms for the command micro-ancaiyun-admin-server is set lower than the combination of the Ribbon read and connect timeout, 26000ms.
2018-08-03 08:53:46.520 [http-nio-8888-exec-7] WARN  org.springframework.cloud.netflix.zuul.filters.route.support.AbstractRibbonCommand - The Hystrix timeout of 13000ms for the command micro-ancaiyun-admin-sso-service is set lower than the combination of the Ribbon read and connect timeout, 26000ms.
2018-08-03 08:54:26.644 [http-nio-8888-exec-2] WARN  org.springframework.cloud.netflix.zuul.filters.route.support.AbstractRibbonCommand - The Hystrix timeout of 13000ms for the command micro-ancaiyun-admin-server is set lower than the combination of the Ribbon read and connect timeout, 26000ms.
2018-08-03 08:54:35.095 [http-nio-8888-exec-1] WARN  org.springframework.cloud.netflix.zuul.filters.route.support.AbstractRibbonCommand - The Hystrix timeout of 13000ms for the command micro-ancaiyun-admin-server is set lower than the combination of the Ribbon read and connect timeout, 26000ms.
2018-08-03 08:54:35.123 [http-nio-8888-exec-10] WARN  org.springframework.cloud.netflix.zuul.filters.route.support.AbstractRibbonCommand - The Hystrix timeout of 13000ms for the command micro-ancaiyun-admin-sso-service is set lower than the combination of the Ribbon read and connect timeout, 26000ms.
2018-08-03 08:55:05.393 [http-nio-8888-exec-4] WARN  org.springframework.cloud.netflix.zuul.filters.route.support.AbstractRibbonCommand - The Hystrix timeout of 13000ms for the command micro-ancaiyun-admin-server is set lower than the combination of the Ribbon read and connect timeout, 26000ms.
2018-08-03 08:55:10.979 [http-nio-8888-exec-6] WARN  org.springframework.cloud.netflix.zuul.filters.route.support.AbstractRibbonCommand - The Hystrix timeout of 13000ms for the command micro-ancaiyun-admin-server is set lower than the combination of the Ribbon read and connect timeout, 26000ms.
2018-08-03 08:55:11.068 [http-nio-8888-exec-5] WARN  org.springframework.cloud.netflix.zuul.filters.route.support.AbstractRibbonCommand - The Hystrix timeout of 13000ms for the command micro-ancaiyun-admin-sso-service is set lower than the combination of the Ribbon read and connect timeout, 26000ms.
2018-08-03 08:56:50.323 [http-nio-8888-exec-2] WARN  org.springframework.cloud.netflix.zuul.filters.route.support.AbstractRibbonCommand - The Hystrix timeout of 13000ms for the command micro-ancaiyun-admin-server is set lower than the combination of the Ribbon read and connect timeout, 26000ms.
2018-08-03 08:56:50.352 [http-nio-8888-exec-10] WARN  org.springframework.cloud.netflix.zuul.filters.route.support.AbstractRibbonCommand - The Hystrix timeout of 13000ms for the command micro-ancaiyun-admin-sso-service is set lower than the combination of the Ribbon read and connect timeout, 26000ms.
2018-08-03 08:58:01.508 [http-nio-8888-exec-4] WARN  org.springframework.cloud.netflix.zuul.filters.route.support.AbstractRibbonCommand - The Hystrix timeout of 13000ms for the command micro-ancaiyun-admin-server is set lower than the combination of the Ribbon read and connect timeout, 26000ms.
2018-08-03 08:58:02.306 [http-nio-8888-exec-5] WARN  org.springframework.cloud.netflix.zuul.filters.route.support.AbstractRibbonCommand - The Hystrix timeout of 13000ms for the command micro-ancaiyun-admin-sso-service is set lower than the combination of the Ribbon read and connect timeout, 26000ms.
2018-08-03 09:03:34.920 [http-nio-8888-exec-7] WARN  org.springframework.cloud.netflix.zuul.filters.route.support.AbstractRibbonCommand - The Hystrix timeout of 13000ms for the command micro-ancaiyun-admin-server is set lower than the combination of the Ribbon read and connect timeout, 26000ms.
2018-08-03 09:03:35.565 [http-nio-8888-exec-8] WARN  org.springframework.cloud.netflix.zuul.filters.route.support.AbstractRibbonCommand - The Hystrix timeout of 13000ms for the command micro-ancaiyun-admin-sso-service is set lower than the combination of the Ribbon read and connect timeout, 26000ms.
2018-08-03 09:06:48.375 [http-nio-8888-exec-4] WARN  org.springframework.cloud.netflix.zuul.filters.route.support.AbstractRibbonCommand - The Hystrix timeout of 13000ms for the command micro-ancaiyun-admin-server is set lower than the combination of the Ribbon read and connect timeout, 26000ms.
2018-08-03 09:10:23.044 [http-nio-8888-exec-2] WARN  org.springframework.cloud.netflix.zuul.filters.route.support.AbstractRibbonCommand - The Hystrix timeout of 13000ms for the command micro-ancaiyun-admin-server is set lower than the combination of the Ribbon read and connect timeout, 26000ms.
2018-08-03 09:10:23.072 [http-nio-8888-exec-1] WARN  org.springframework.cloud.netflix.zuul.filters.route.support.AbstractRibbonCommand - The Hystrix timeout of 13000ms for the command micro-ancaiyun-admin-sso-service is set lower than the combination of the Ribbon read and connect timeout, 26000ms.
2018-08-03 09:10:33.904 [http-nio-8888-exec-5] WARN  org.springframework.cloud.netflix.zuul.filters.route.support.AbstractRibbonCommand - The Hystrix timeout of 13000ms for the command micro-ancaiyun-admin-server is set lower than the combination of the Ribbon read and connect timeout, 26000ms.
2018-08-03 09:10:33.931 [http-nio-8888-exec-6] WARN  org.springframework.cloud.netflix.zuul.filters.route.support.AbstractRibbonCommand - The Hystrix timeout of 13000ms for the command micro-ancaiyun-admin-sso-service is set lower than the combination of the Ribbon read and connect timeout, 26000ms.
2018-08-03 09:10:56.269 [http-nio-8888-exec-8] WARN  org.springframework.cloud.netflix.zuul.filters.route.support.AbstractRibbonCommand - The Hystrix timeout of 13000ms for the command micro-ancaiyun-admin-server is set lower than the combination of the Ribbon read and connect timeout, 26000ms.
2018-08-03 09:10:56.296 [http-nio-8888-exec-7] WARN  org.springframework.cloud.netflix.zuul.filters.route.support.AbstractRibbonCommand - The Hystrix timeout of 13000ms for the command micro-ancaiyun-admin-sso-service is set lower than the combination of the Ribbon read and connect timeout, 26000ms.
2018-08-03 09:38:37.653 [localhost-startStop-1] WARN  com.netflix.config.sources.URLConfigurationSource - No URLs will be polled as dynamic configuration sources.
2018-08-03 09:38:38.212 [main] WARN  com.netflix.config.sources.URLConfigurationSource - No URLs will be polled as dynamic configuration sources.
2018-08-03 09:40:27.651 [http-nio-8888-exec-5] WARN  org.springframework.cloud.netflix.zuul.filters.route.support.AbstractRibbonCommand - The Hystrix timeout of 13000ms for the command micro-ancaiyun-admin-server is set lower than the combination of the Ribbon read and connect timeout, 26000ms.
2018-08-03 14:21:16.273 [localhost-startStop-1] WARN  com.netflix.config.sources.URLConfigurationSource - No URLs will be polled as dynamic configuration sources.
2018-08-03 14:21:16.797 [main] WARN  com.netflix.config.sources.URLConfigurationSource - No URLs will be polled as dynamic configuration sources.
2018-08-03 14:22:09.271 [main] WARN  com.netflix.config.sources.URLConfigurationSource - No URLs will be polled as dynamic configuration sources.
2018-08-03 14:22:09.329 [main] WARN  com.netflix.config.sources.URLConfigurationSource - No URLs will be polled as dynamic configuration sources.
2018-08-03 14:22:15.833 [Thread-8] WARN  com.netflix.discovery.DiscoveryClient - Saw local status change event StatusChangeEvent [timestamp=1533277335833, current=DOWN, previous=STARTING]
2018-08-03 14:22:19.188 [Thread-8] WARN  com.netflix.config.sources.URLConfigurationSource - No URLs will be polled as dynamic configuration sources.
2018-08-03 14:29:44.627 [localhost-startStop-1] WARN  com.netflix.config.sources.URLConfigurationSource - No URLs will be polled as dynamic configuration sources.
2018-08-03 14:29:45.199 [main] WARN  com.netflix.config.sources.URLConfigurationSource - No URLs will be polled as dynamic configuration sources.
2018-08-03 15:18:00.072 [http-nio-8888-exec-3] WARN  org.springframework.cloud.netflix.zuul.filters.route.support.AbstractRibbonCommand - The Hystrix timeout of 13000ms for the command micro-ancaiyun-admin-server is set lower than the combination of the Ribbon read and connect timeout, 26000ms.
2018-08-03 15:18:02.708 [http-nio-8888-exec-4] WARN  org.springframework.cloud.netflix.zuul.filters.route.support.AbstractRibbonCommand - The Hystrix timeout of 13000ms for the command micro-ancaiyun-admin-server is set lower than the combination of the Ribbon read and connect timeout, 26000ms.
2018-08-03 15:18:27.541 [localhost-startStop-1] WARN  com.netflix.config.sources.URLConfigurationSource - No URLs will be polled as dynamic configuration sources.
2018-08-03 15:18:28.077 [main] WARN  com.netflix.config.sources.URLConfigurationSource - No URLs will be polled as dynamic configuration sources.
2018-08-03 15:18:38.228 [http-nio-8888-exec-1] WARN  org.springframework.cloud.netflix.zuul.filters.route.support.AbstractRibbonCommand - The Hystrix timeout of 13000ms for the command micro-ancaiyun-admin-server is set lower than the combination of the Ribbon read and connect timeout, 26000ms.
2018-08-03 15:18:40.023 [http-nio-8888-exec-4] WARN  org.springframework.cloud.netflix.zuul.filters.route.support.AbstractRibbonCommand - The Hystrix timeout of 13000ms for the command micro-ancaiyun-admin-server is set lower than the combination of the Ribbon read and connect timeout, 26000ms.
2018-08-03 15:18:41.288 [http-nio-8888-exec-5] WARN  org.springframework.cloud.netflix.zuul.filters.route.support.AbstractRibbonCommand - The Hystrix timeout of 13000ms for the command micro-ancaiyun-admin-server is set lower than the combination of the Ribbon read and connect timeout, 26000ms.
2018-08-03 15:18:42.641 [http-nio-8888-exec-8] WARN  org.springframework.cloud.netflix.zuul.filters.route.support.AbstractRibbonCommand - The Hystrix timeout of 13000ms for the command micro-ancaiyun-admin-server is set lower than the combination of the Ribbon read and connect timeout, 26000ms.
2018-08-03 15:18:48.081 [http-nio-8888-exec-10] WARN  org.springframework.cloud.netflix.zuul.filters.route.support.AbstractRibbonCommand - The Hystrix timeout of 13000ms for the command micro-ancaiyun-admin-server is set lower than the combination of the Ribbon read and connect timeout, 26000ms.
2018-08-03 15:19:04.496 [http-nio-8888-exec-1] WARN  org.springframework.cloud.netflix.zuul.filters.route.support.AbstractRibbonCommand - The Hystrix timeout of 13000ms for the command micro-ancaiyun-admin-server is set lower than the combination of the Ribbon read and connect timeout, 26000ms.
2018-08-03 15:19:29.121 [http-nio-8888-exec-3] WARN  org.springframework.cloud.netflix.zuul.filters.route.support.AbstractRibbonCommand - The Hystrix timeout of 13000ms for the command mirco-ancaiyun-performance-server is set lower than the combination of the Ribbon read and connect timeout, 26000ms.
2018-08-03 15:20:04.608 [http-nio-8888-exec-6] WARN  org.springframework.cloud.netflix.zuul.filters.route.support.AbstractRibbonCommand - The Hystrix timeout of 13000ms for the command mirco-ancaiyun-performance-server is set lower than the combination of the Ribbon read and connect timeout, 26000ms.
2018-08-03 15:25:26.377 [http-nio-8888-exec-8] WARN  org.springframework.cloud.netflix.zuul.filters.route.support.AbstractRibbonCommand - The Hystrix timeout of 13000ms for the command mirco-ancaiyun-performance-server is set lower than the combination of the Ribbon read and connect timeout, 26000ms.
2018-08-03 15:46:30.544 [http-nio-8888-exec-10] WARN  org.springframework.cloud.netflix.zuul.filters.route.support.AbstractRibbonCommand - The Hystrix timeout of 13000ms for the command mirco-ancaiyun-performance-server is set lower than the combination of the Ribbon read and connect timeout, 26000ms.
2018-08-03 15:51:21.200 [http-nio-8888-exec-3] WARN  org.springframework.cloud.netflix.zuul.filters.route.support.AbstractRibbonCommand - The Hystrix timeout of 13000ms for the command mirco-ancaiyun-performance-server is set lower than the combination of the Ribbon read and connect timeout, 26000ms.
