2018-07-09 11:13:43.838 [localhost-startStop-1] WARN  com.netflix.config.sources.URLConfigurationSource - No URLs will be polled as dynamic configuration sources.
2018-07-09 11:13:44.141 [main] WARN  com.netflix.config.sources.URLConfigurationSource - No URLs will be polled as dynamic configuration sources.
2018-07-09 14:23:08.027 [DiscoveryClient-CacheRefreshExecutor-0] WARN  com.netflix.discovery.shared.transport.decorator.RetryableEurekaHttpClient - Request execution failed with message: java.net.ConnectException: Connection refused: connect
2018-07-09 14:23:08.045 [DiscoveryClient-HeartbeatExecutor-0] WARN  com.netflix.discovery.shared.transport.decorator.RetryableEurekaHttpClient - Request execution failed with message: java.net.ConnectException: Connection refused: connect
2018-07-09 14:23:10.055 [DiscoveryClient-CacheRefreshExecutor-0] WARN  com.netflix.discovery.shared.transport.decorator.RetryableEurekaHttpClient - Request execution failed with message: java.net.ConnectException: Connection refused: connect
2018-07-09 14:23:10.067 [DiscoveryClient-HeartbeatExecutor-0] WARN  com.netflix.discovery.shared.transport.decorator.RetryableEurekaHttpClient - Request execution failed with message: java.net.ConnectException: Connection refused: connect
2018-07-09 14:23:45.458 [localhost-startStop-1] WARN  com.netflix.config.sources.URLConfigurationSource - No URLs will be polled as dynamic configuration sources.
2018-07-09 14:23:45.675 [main] WARN  com.netflix.config.sources.URLConfigurationSource - No URLs will be polled as dynamic configuration sources.
2018-07-09 16:13:12.100 [http-nio-8888-exec-6] WARN  org.springframework.cloud.netflix.zuul.filters.route.support.AbstractRibbonCommand - The Hystrix timeout of 1000ms for the command ancaiyun-admin-server is set lower than the combination of the Ribbon read and connect timeout, 4000ms.
2018-07-09 16:13:28.580 [http-nio-8888-exec-9] WARN  org.springframework.cloud.netflix.zuul.filters.route.support.AbstractRibbonCommand - The Hystrix timeout of 1000ms for the command ancaiyun-admin-server is set lower than the combination of the Ribbon read and connect timeout, 4000ms.
2018-07-09 16:14:20.794 [http-nio-8888-exec-2] WARN  org.springframework.cloud.netflix.zuul.filters.route.support.AbstractRibbonCommand - The Hystrix timeout of 1000ms for the command ancaiyun-admin-server is set lower than the combination of the Ribbon read and connect timeout, 4000ms.
2018-07-09 16:40:52.289 [http-nio-8888-exec-5] WARN  org.springframework.cloud.netflix.zuul.filters.route.support.AbstractRibbonCommand - The Hystrix timeout of 1000ms for the command ancaiyun-admin-server is set lower than the combination of the Ribbon read and connect timeout, 4000ms.
2018-07-09 16:42:58.457 [http-nio-8888-exec-6] WARN  org.springframework.cloud.netflix.zuul.filters.route.support.AbstractRibbonCommand - The Hystrix timeout of 1000ms for the command ancaiyun-admin-server is set lower than the combination of the Ribbon read and connect timeout, 4000ms.
2018-07-09 16:44:17.427 [http-nio-8888-exec-10] WARN  org.springframework.cloud.netflix.zuul.filters.route.support.AbstractRibbonCommand - The Hystrix timeout of 1000ms for the command ancaiyun-admin-server is set lower than the combination of the Ribbon read and connect timeout, 4000ms.
2018-07-09 16:45:23.698 [http-nio-8888-exec-3] WARN  org.springframework.cloud.netflix.zuul.filters.route.support.AbstractRibbonCommand - The Hystrix timeout of 1000ms for the command ancaiyun-admin-server is set lower than the combination of the Ribbon read and connect timeout, 4000ms.
2018-07-09 16:45:54.954 [http-nio-8888-exec-5] WARN  org.springframework.cloud.netflix.zuul.filters.route.support.AbstractRibbonCommand - The Hystrix timeout of 1000ms for the command ancaiyun-admin-server is set lower than the combination of the Ribbon read and connect timeout, 4000ms.
2018-07-09 16:46:53.841 [http-nio-8888-exec-4] WARN  org.springframework.cloud.netflix.zuul.filters.route.support.AbstractRibbonCommand - The Hystrix timeout of 1000ms for the command ancaiyun-admin-server is set lower than the combination of the Ribbon read and connect timeout, 4000ms.
2018-07-09 16:49:00.933 [http-nio-8888-exec-8] WARN  org.springframework.cloud.netflix.zuul.filters.route.support.AbstractRibbonCommand - The Hystrix timeout of 1000ms for the command ancaiyun-admin-server is set lower than the combination of the Ribbon read and connect timeout, 4000ms.
2018-07-09 16:51:50.596 [http-nio-8888-exec-2] WARN  org.springframework.cloud.netflix.zuul.filters.route.support.AbstractRibbonCommand - The Hystrix timeout of 1000ms for the command ancaiyun-admin-server is set lower than the combination of the Ribbon read and connect timeout, 4000ms.
2018-07-09 16:53:30.949 [http-nio-8888-exec-5] WARN  org.springframework.cloud.netflix.zuul.filters.route.support.AbstractRibbonCommand - The Hystrix timeout of 1000ms for the command ancaiyun-admin-server is set lower than the combination of the Ribbon read and connect timeout, 4000ms.
2018-07-09 16:54:58.239 [http-nio-8888-exec-6] WARN  org.springframework.cloud.netflix.zuul.filters.route.support.AbstractRibbonCommand - The Hystrix timeout of 1000ms for the command ancaiyun-admin-server is set lower than the combination of the Ribbon read and connect timeout, 4000ms.
2018-07-09 16:57:18.876 [http-nio-8888-exec-10] WARN  org.springframework.cloud.netflix.zuul.filters.route.support.AbstractRibbonCommand - The Hystrix timeout of 1000ms for the command ancaiyun-admin-server is set lower than the combination of the Ribbon read and connect timeout, 4000ms.
2018-07-09 16:58:57.974 [http-nio-8888-exec-3] WARN  org.springframework.cloud.netflix.zuul.filters.route.support.AbstractRibbonCommand - The Hystrix timeout of 1000ms for the command ancaiyun-admin-server is set lower than the combination of the Ribbon read and connect timeout, 4000ms.
2018-07-09 17:00:51.848 [http-nio-8888-exec-7] WARN  org.springframework.cloud.netflix.zuul.filters.route.support.AbstractRibbonCommand - The Hystrix timeout of 1000ms for the command ancaiyun-admin-server is set lower than the combination of the Ribbon read and connect timeout, 4000ms.
2018-07-09 17:02:32.443 [http-nio-8888-exec-9] WARN  org.springframework.cloud.netflix.zuul.filters.route.support.AbstractRibbonCommand - The Hystrix timeout of 1000ms for the command ancaiyun-admin-server is set lower than the combination of the Ribbon read and connect timeout, 4000ms.
2018-07-09 17:03:33.937 [http-nio-8888-exec-1] WARN  org.springframework.cloud.netflix.zuul.filters.route.support.AbstractRibbonCommand - The Hystrix timeout of 1000ms for the command ancaiyun-admin-server is set lower than the combination of the Ribbon read and connect timeout, 4000ms.
2018-07-09 17:04:36.084 [http-nio-8888-exec-4] WARN  org.springframework.cloud.netflix.zuul.filters.route.support.AbstractRibbonCommand - The Hystrix timeout of 1000ms for the command ancaiyun-admin-server is set lower than the combination of the Ribbon read and connect timeout, 4000ms.
2018-07-09 17:10:55.614 [http-nio-8888-exec-6] WARN  org.springframework.cloud.netflix.zuul.filters.route.support.AbstractRibbonCommand - The Hystrix timeout of 1000ms for the command ancaiyun-admin-server is set lower than the combination of the Ribbon read and connect timeout, 4000ms.
2018-07-09 17:11:45.227 [http-nio-8888-exec-8] WARN  org.springframework.cloud.netflix.zuul.filters.route.support.AbstractRibbonCommand - The Hystrix timeout of 1000ms for the command ancaiyun-admin-server is set lower than the combination of the Ribbon read and connect timeout, 4000ms.
2018-07-09 17:13:11.621 [http-nio-8888-exec-10] WARN  org.springframework.cloud.netflix.zuul.filters.route.support.AbstractRibbonCommand - The Hystrix timeout of 1000ms for the command ancaiyun-admin-server is set lower than the combination of the Ribbon read and connect timeout, 4000ms.
2018-07-09 17:13:52.575 [http-nio-8888-exec-1] WARN  org.springframework.cloud.netflix.zuul.filters.route.support.AbstractRibbonCommand - The Hystrix timeout of 1000ms for the command ancaiyun-admin-server is set lower than the combination of the Ribbon read and connect timeout, 4000ms.
2018-07-09 17:20:23.752 [http-nio-8888-exec-4] WARN  org.springframework.cloud.netflix.zuul.filters.route.support.AbstractRibbonCommand - The Hystrix timeout of 1000ms for the command ancaiyun-admin-server is set lower than the combination of the Ribbon read and connect timeout, 4000ms.
2018-07-09 17:27:28.090 [http-nio-8888-exec-8] WARN  org.springframework.cloud.netflix.zuul.filters.route.support.AbstractRibbonCommand - The Hystrix timeout of 1000ms for the command ancaiyun-admin-server is set lower than the combination of the Ribbon read and connect timeout, 4000ms.
2018-07-09 17:29:32.772 [http-nio-8888-exec-10] WARN  org.springframework.cloud.netflix.zuul.filters.route.support.AbstractRibbonCommand - The Hystrix timeout of 1000ms for the command ancaiyun-admin-server is set lower than the combination of the Ribbon read and connect timeout, 4000ms.
