2018-07-31 19:06:21.141 [main] INFO  org.springframework.boot.test.context.SpringBootTestContextBootstrapper - Neither @ContextConfiguration nor @ContextHierarchy found for test class [com.ancaiyun.MicroAncaiyunZuulApplicationTests], using SpringBootContextLoader
2018-07-31 19:06:21.250 [main] INFO  org.springframework.test.context.support.AbstractContextLoader - Could not detect default resource locations for test class [com.ancaiyun.MicroAncaiyunZuulApplicationTests]: no resource found for suffixes {-context.xml, Context.groovy}.
2018-07-31 19:06:21.280 [main] INFO  org.springframework.test.context.support.AnnotationConfigContextLoaderUtils - Could not detect default configuration classes for test class [com.ancaiyun.MicroAncaiyunZuulApplicationTests]: MicroAncaiyunZuulApplicationTests does not declare any static, non-private, non-final, nested classes annotated with @Configuration.
2018-07-31 19:06:21.450 [main] INFO  org.springframework.boot.test.context.SpringBootTestContextBootstrapper - Found @SpringBootConfiguration com.ancaiyun.MicroAncaiyunZuulApplication for test class com.ancaiyun.MicroAncaiyunZuulApplicationTests
2018-07-31 19:06:21.597 [main] INFO  org.springframework.boot.test.context.SpringBootTestContextBootstrapper - Loaded default TestExecutionListener class names from location [META-INF/spring.factories]: [org.springframework.boot.test.mock.mockito.MockitoTestExecutionListener, org.springframework.boot.test.mock.mockito.ResetMocksTestExecutionListener, org.springframework.boot.test.autoconfigure.restdocs.RestDocsTestExecutionListener, org.springframework.boot.test.autoconfigure.web.client.MockRestServiceServerResetTestExecutionListener, org.springframework.boot.test.autoconfigure.web.servlet.MockMvcPrintOnlyOnFailureTestExecutionListener, org.springframework.boot.test.autoconfigure.web.servlet.WebDriverTestExecutionListener, org.springframework.test.context.web.ServletTestExecutionListener, org.springframework.test.context.support.DirtiesContextBeforeModesTestExecutionListener, org.springframework.test.context.support.DependencyInjectionTestExecutionListener, org.springframework.test.context.support.DirtiesContextTestExecutionListener, org.springframework.test.context.transaction.TransactionalTestExecutionListener, org.springframework.test.context.jdbc.SqlScriptsTestExecutionListener]
2018-07-31 19:06:21.652 [main] INFO  org.springframework.boot.test.context.SpringBootTestContextBootstrapper - Using TestExecutionListeners: [org.springframework.test.context.web.ServletTestExecutionListener@64b0598, org.springframework.test.context.support.DirtiesContextBeforeModesTestExecutionListener@18f8cd79, org.springframework.boot.test.mock.mockito.MockitoTestExecutionListener@3e2055d6, org.springframework.boot.test.autoconfigure.SpringBootDependencyInjectionTestExecutionListener@50029372, org.springframework.test.context.support.DirtiesContextTestExecutionListener@e3b3b2f, org.springframework.boot.test.mock.mockito.ResetMocksTestExecutionListener@50f6ac94, org.springframework.boot.test.autoconfigure.restdocs.RestDocsTestExecutionListener@6cc4cdb9, org.springframework.boot.test.autoconfigure.web.client.MockRestServiceServerResetTestExecutionListener@28194a50, org.springframework.boot.test.autoconfigure.web.servlet.MockMvcPrintOnlyOnFailureTestExecutionListener@7f2cfe3f, org.springframework.boot.test.autoconfigure.web.servlet.WebDriverTestExecutionListener@1a5b6f42]
2018-07-31 19:06:23.188 [main] INFO  org.springframework.context.annotation.AnnotationConfigApplicationContext - Refreshing org.springframework.context.annotation.AnnotationConfigApplicationContext@29ca3d04: startup date [Tue Jul 31 19:06:23 CST 2018]; root of context hierarchy
2018-07-31 19:06:23.445 [main] INFO  org.springframework.beans.factory.annotation.AutowiredAnnotationBeanPostProcessor - JSR-330 'javax.inject.Inject' annotation found and supported for autowiring
2018-07-31 19:06:23.503 [main] INFO  org.springframework.context.support.PostProcessorRegistrationDelegate$BeanPostProcessorChecker - Bean 'configurationPropertiesRebinderAutoConfiguration' of type [org.springframework.cloud.autoconfigure.ConfigurationPropertiesRebinderAutoConfiguration$$EnhancerBySpringCGLIB$$54f8900] is not eligible for getting processed by all BeanPostProcessors (for example: not eligible for auto-proxying)
2018-07-31 19:06:24.853 [main] INFO  com.ancaiyun.MicroAncaiyunZuulApplicationTests - No active profile set, falling back to default profiles: default
2018-07-31 19:06:24.932 [main] INFO  org.springframework.web.context.support.GenericWebApplicationContext - Refreshing org.springframework.web.context.support.GenericWebApplicationContext@3e2943ab: startup date [Tue Jul 31 19:06:24 CST 2018]; parent: org.springframework.context.annotation.AnnotationConfigApplicationContext@29ca3d04
2018-07-31 19:06:25.638 [main] INFO  org.springframework.beans.factory.support.DefaultListableBeanFactory - Overriding bean definition for bean 'environmentWebEndpointExtension' with a different definition: replacing [Root bean: class [null]; scope=; abstract=false; lazyInit=false; autowireMode=3; dependencyCheck=0; autowireCandidate=true; primary=false; factoryBeanName=org.springframework.boot.actuate.autoconfigure.env.EnvironmentEndpointAutoConfiguration; factoryMethodName=environmentWebEndpointExtension; initMethodName=null; destroyMethodName=(inferred); defined in class path resource [org/springframework/boot/actuate/autoconfigure/env/EnvironmentEndpointAutoConfiguration.class]] with [Root bean: class [null]; scope=; abstract=false; lazyInit=false; autowireMode=3; dependencyCheck=0; autowireCandidate=true; primary=false; factoryBeanName=org.springframework.cloud.autoconfigure.LifecycleMvcEndpointAutoConfiguration$EndpointConfiguration; factoryMethodName=environmentWebEndpointExtension; initMethodName=null; destroyMethodName=(inferred); defined in class path resource [org/springframework/cloud/autoconfigure/LifecycleMvcEndpointAutoConfiguration$EndpointConfiguration.class]]
2018-07-31 19:06:25.713 [main] INFO  org.springframework.beans.factory.support.DefaultListableBeanFactory - Overriding bean definition for bean 'proxyRequestHelper' with a different definition: replacing [Root bean: class [null]; scope=; abstract=false; lazyInit=false; autowireMode=3; dependencyCheck=0; autowireCandidate=true; primary=false; factoryBeanName=org.springframework.cloud.netflix.zuul.ZuulProxyAutoConfiguration$EndpointConfiguration; factoryMethodName=proxyRequestHelper; initMethodName=null; destroyMethodName=(inferred); defined in class path resource [org/springframework/cloud/netflix/zuul/ZuulProxyAutoConfiguration$EndpointConfiguration.class]] with [Root bean: class [null]; scope=; abstract=false; lazyInit=false; autowireMode=3; dependencyCheck=0; autowireCandidate=true; primary=false; factoryBeanName=org.springframework.cloud.netflix.zuul.ZuulProxyAutoConfiguration$NoActuatorConfiguration; factoryMethodName=proxyRequestHelper; initMethodName=null; destroyMethodName=(inferred); defined in class path resource [org/springframework/cloud/netflix/zuul/ZuulProxyAutoConfiguration$NoActuatorConfiguration.class]]
2018-07-31 19:06:25.752 [main] INFO  org.springframework.beans.factory.support.DefaultListableBeanFactory - Overriding bean definition for bean 'counterFactory' with a different definition: replacing [Root bean: class [null]; scope=; abstract=false; lazyInit=false; autowireMode=3; dependencyCheck=0; autowireCandidate=true; primary=false; factoryBeanName=org.springframework.cloud.netflix.zuul.ZuulServerAutoConfiguration$ZuulMetricsConfiguration; factoryMethodName=counterFactory; initMethodName=null; destroyMethodName=(inferred); defined in class path resource [org/springframework/cloud/netflix/zuul/ZuulServerAutoConfiguration$ZuulMetricsConfiguration.class]] with [Root bean: class [null]; scope=; abstract=false; lazyInit=false; autowireMode=3; dependencyCheck=0; autowireCandidate=true; primary=false; factoryBeanName=org.springframework.cloud.netflix.zuul.ZuulServerAutoConfiguration$ZuulCounterFactoryConfiguration; factoryMethodName=counterFactory; initMethodName=null; destroyMethodName=(inferred); defined in class path resource [org/springframework/cloud/netflix/zuul/ZuulServerAutoConfiguration$ZuulCounterFactoryConfiguration.class]]
2018-07-31 19:06:26.092 [main] INFO  org.springframework.cloud.context.scope.GenericScope - BeanFactory id=b8829b21-f557-3655-817a-084996450d8a
2018-07-31 19:06:26.167 [main] INFO  org.springframework.beans.factory.annotation.AutowiredAnnotationBeanPostProcessor - JSR-330 'javax.inject.Inject' annotation found and supported for autowiring
2018-07-31 19:06:26.449 [main] INFO  org.springframework.context.support.PostProcessorRegistrationDelegate$BeanPostProcessorChecker - Bean 'org.springframework.cloud.autoconfigure.ConfigurationPropertiesRebinderAutoConfiguration' of type [org.springframework.cloud.autoconfigure.ConfigurationPropertiesRebinderAutoConfiguration$$EnhancerBySpringCGLIB$$54f8900] is not eligible for getting processed by all BeanPostProcessors (for example: not eligible for auto-proxying)
2018-07-31 19:06:26.825 [main] INFO  com.netflix.config.sources.URLConfigurationSource - To enable URLs as dynamic configuration sources, define System property archaius.configurationSource.additionalUrls or make config.properties available on classpath.
2018-07-31 19:06:26.881 [main] INFO  com.netflix.config.sources.URLConfigurationSource - To enable URLs as dynamic configuration sources, define System property archaius.configurationSource.additionalUrls or make config.properties available on classpath.
2018-07-31 19:06:27.000 [main] INFO  org.springframework.web.servlet.handler.SimpleUrlHandlerMapping - Mapped URL path [/**/favicon.ico] onto handler of type [class org.springframework.web.servlet.resource.ResourceHttpRequestHandler]
2018-07-31 19:06:27.233 [main] INFO  org.springframework.web.servlet.mvc.method.annotation.RequestMappingHandlerAdapter - Looking for @ControllerAdvice: org.springframework.web.context.support.GenericWebApplicationContext@3e2943ab: startup date [Tue Jul 31 19:06:24 CST 2018]; parent: org.springframework.context.annotation.AnnotationConfigApplicationContext@29ca3d04
2018-07-31 19:06:27.322 [main] INFO  org.springframework.web.servlet.mvc.method.annotation.RequestMappingHandlerMapping - Mapped "{[/error]}" onto public org.springframework.http.ResponseEntity<java.util.Map<java.lang.String, java.lang.Object>> org.springframework.boot.autoconfigure.web.servlet.error.BasicErrorController.error(javax.servlet.http.HttpServletRequest)
2018-07-31 19:06:27.347 [main] INFO  org.springframework.web.servlet.mvc.method.annotation.RequestMappingHandlerMapping - Mapped "{[/error],produces=[text/html]}" onto public org.springframework.web.servlet.ModelAndView org.springframework.boot.autoconfigure.web.servlet.error.BasicErrorController.errorHtml(javax.servlet.http.HttpServletRequest,javax.servlet.http.HttpServletResponse)
2018-07-31 19:06:27.402 [main] INFO  org.springframework.web.servlet.handler.SimpleUrlHandlerMapping - Mapped URL path [/webjars/**] onto handler of type [class org.springframework.web.servlet.resource.ResourceHttpRequestHandler]
2018-07-31 19:06:27.428 [main] INFO  org.springframework.web.servlet.handler.SimpleUrlHandlerMapping - Mapped URL path [/**] onto handler of type [class org.springframework.web.servlet.resource.ResourceHttpRequestHandler]
2018-07-31 19:06:28.884 [main] INFO  org.springframework.cloud.commons.util.InetUtils - Cannot determine local hostname
2018-07-31 19:06:30.098 [main] INFO  org.springframework.cloud.commons.util.InetUtils - Cannot determine local hostname
2018-07-31 19:06:30.932 [main] INFO  org.springframework.ui.freemarker.SpringTemplateLoader - SpringTemplateLoader for FreeMarker: using resource loader [org.springframework.web.context.support.GenericWebApplicationContext@3e2943ab: startup date [Tue Jul 31 19:06:24 CST 2018]; parent: org.springframework.context.annotation.AnnotationConfigApplicationContext@29ca3d04] and template loader path [classpath:/templates/]
2018-07-31 19:06:30.961 [main] INFO  org.springframework.web.servlet.view.freemarker.FreeMarkerConfigurer - ClassTemplateLoader for Spring macros added to FreeMarker configuration
2018-07-31 19:06:31.578 [main] INFO  org.springframework.cloud.netflix.zuul.ZuulFilterInitializer - Starting filter initializer
2018-07-31 19:06:31.642 [main] INFO  org.springframework.boot.actuate.endpoint.web.EndpointLinksResolver - Exposing 2 endpoint(s) beneath base path '/actuator'
2018-07-31 19:06:31.674 [main] INFO  org.springframework.boot.actuate.endpoint.web.servlet.WebMvcEndpointHandlerMapping - Mapped "{[/actuator/health],methods=[GET],produces=[application/vnd.spring-boot.actuator.v2+json || application/json]}" onto public java.lang.Object org.springframework.boot.actuate.endpoint.web.servlet.AbstractWebMvcEndpointHandlerMapping$OperationHandler.handle(javax.servlet.http.HttpServletRequest,java.util.Map<java.lang.String, java.lang.String>)
2018-07-31 19:06:31.700 [main] INFO  org.springframework.boot.actuate.endpoint.web.servlet.WebMvcEndpointHandlerMapping - Mapped "{[/actuator/info],methods=[GET],produces=[application/vnd.spring-boot.actuator.v2+json || application/json]}" onto public java.lang.Object org.springframework.boot.actuate.endpoint.web.servlet.AbstractWebMvcEndpointHandlerMapping$OperationHandler.handle(javax.servlet.http.HttpServletRequest,java.util.Map<java.lang.String, java.lang.String>)
2018-07-31 19:06:31.729 [main] INFO  org.springframework.boot.actuate.endpoint.web.servlet.WebMvcEndpointHandlerMapping - Mapped "{[/actuator],methods=[GET],produces=[application/vnd.spring-boot.actuator.v2+json || application/json]}" onto protected java.util.Map<java.lang.String, java.util.Map<java.lang.String, org.springframework.boot.actuate.endpoint.web.Link>> org.springframework.boot.actuate.endpoint.web.servlet.WebMvcEndpointHandlerMapping.links(javax.servlet.http.HttpServletRequest,javax.servlet.http.HttpServletResponse)
2018-07-31 19:06:31.803 [main] INFO  org.springframework.context.support.DefaultLifecycleProcessor - Starting beans in phase 0
2018-07-31 19:06:31.846 [main] INFO  org.springframework.cloud.netflix.eureka.InstanceInfoFactory - Setting initial instance status as: STARTING
2018-07-31 19:06:31.908 [main] INFO  com.netflix.discovery.DiscoveryClient - Initializing Eureka in region us-east-1
2018-07-31 19:06:31.980 [main] INFO  com.netflix.discovery.provider.DiscoveryJerseyProvider - Using JSON encoding codec LegacyJacksonJson
2018-07-31 19:06:32.007 [main] INFO  com.netflix.discovery.provider.DiscoveryJerseyProvider - Using JSON decoding codec LegacyJacksonJson
2018-07-31 19:06:32.149 [main] INFO  com.netflix.discovery.provider.DiscoveryJerseyProvider - Using XML encoding codec XStreamXml
2018-07-31 19:06:32.175 [main] INFO  com.netflix.discovery.provider.DiscoveryJerseyProvider - Using XML decoding codec XStreamXml
2018-07-31 19:06:32.417 [main] INFO  com.netflix.discovery.shared.resolver.aws.ConfigClusterResolver - Resolving eureka endpoints via configuration
2018-07-31 19:06:32.538 [main] INFO  com.netflix.discovery.DiscoveryClient - Disable delta property : false
2018-07-31 19:06:32.565 [main] INFO  com.netflix.discovery.DiscoveryClient - Single vip registry refresh property : null
2018-07-31 19:06:32.590 [main] INFO  com.netflix.discovery.DiscoveryClient - Force full registry fetch : false
2018-07-31 19:06:32.615 [main] INFO  com.netflix.discovery.DiscoveryClient - Application is null : false
2018-07-31 19:06:32.638 [main] INFO  com.netflix.discovery.DiscoveryClient - Registered Applications size is zero : true
2018-07-31 19:06:32.663 [main] INFO  com.netflix.discovery.DiscoveryClient - Application version is -1: true
2018-07-31 19:06:32.688 [main] INFO  com.netflix.discovery.DiscoveryClient - Getting all instance registry info from the eureka server
2018-07-31 19:06:32.890 [main] INFO  com.netflix.discovery.DiscoveryClient - The response status is 200
2018-07-31 19:06:32.919 [main] INFO  com.netflix.discovery.DiscoveryClient - Starting heartbeat executor: renew interval is: 30
2018-07-31 19:06:32.947 [main] INFO  com.netflix.discovery.InstanceInfoReplicator - InstanceInfoReplicator onDemand update allowed rate per min is 4
2018-07-31 19:06:32.977 [main] INFO  com.netflix.discovery.DiscoveryClient - Discovery Client initialized at timestamp 1533035192976 with initial instances count: 4
2018-07-31 19:06:33.010 [main] INFO  com.ancaiyun.MicroAncaiyunZuulApplicationTests - Started MicroAncaiyunZuulApplicationTests in 11.301 seconds (JVM running for 12.547)
2018-07-31 19:06:33.187 [Thread-8] INFO  org.springframework.web.context.support.GenericWebApplicationContext - Closing org.springframework.web.context.support.GenericWebApplicationContext@3e2943ab: startup date [Tue Jul 31 19:06:24 CST 2018]; parent: org.springframework.context.annotation.AnnotationConfigApplicationContext@29ca3d04
2018-07-31 19:06:33.212 [Thread-8] INFO  org.springframework.cloud.netflix.eureka.serviceregistry.EurekaServiceRegistry - Unregistering application micro-ancaiyun-zuul with eureka with status DOWN
2018-07-31 19:06:33.267 [DiscoveryClient-InstanceInfoReplicator-0] INFO  com.netflix.discovery.DiscoveryClient - DiscoveryClient_MICRO-ANCAIYUN-ZUUL/localhost:micro-ancaiyun-zuul:-1: registering service...
2018-07-31 19:06:33.267 [Thread-8] INFO  org.springframework.context.support.DefaultLifecycleProcessor - Stopping beans in phase 0
2018-07-31 19:06:33.322 [DiscoveryClient-InstanceInfoReplicator-0] INFO  com.netflix.discovery.DiscoveryClient - DiscoveryClient_MICRO-ANCAIYUN-ZUUL/localhost:micro-ancaiyun-zuul:-1 - registration status: 204
2018-07-31 19:06:33.346 [Thread-8] INFO  org.springframework.cloud.netflix.zuul.ZuulFilterInitializer - Stopping filter initializer
2018-07-31 19:06:33.372 [Thread-8] INFO  com.netflix.discovery.DiscoveryClient - Shutting down DiscoveryClient ...
2018-07-31 19:06:36.397 [Thread-8] INFO  com.netflix.discovery.DiscoveryClient - Unregistering ...
2018-07-31 19:06:36.452 [Thread-8] INFO  com.netflix.discovery.DiscoveryClient - DiscoveryClient_MICRO-ANCAIYUN-ZUUL/localhost:micro-ancaiyun-zuul:-1 - deregister  status: 200
2018-07-31 19:06:36.500 [Thread-8] INFO  com.netflix.discovery.DiscoveryClient - Completed shut down of DiscoveryClient
2018-07-31 19:06:36.572 [Thread-8] INFO  com.netflix.config.sources.URLConfigurationSource - To enable URLs as dynamic configuration sources, define System property archaius.configurationSource.additionalUrls or make config.properties available on classpath.
2018-07-31 19:07:40.548 [main] INFO  org.springframework.boot.test.context.SpringBootTestContextBootstrapper - Neither @ContextConfiguration nor @ContextHierarchy found for test class [com.ancaiyun.MicroAncaiyunZuulApplicationTests], using SpringBootContextLoader
2018-07-31 19:07:40.655 [main] INFO  org.springframework.test.context.support.AbstractContextLoader - Could not detect default resource locations for test class [com.ancaiyun.MicroAncaiyunZuulApplicationTests]: no resource found for suffixes {-context.xml, Context.groovy}.
2018-07-31 19:07:40.679 [main] INFO  org.springframework.test.context.support.AnnotationConfigContextLoaderUtils - Could not detect default configuration classes for test class [com.ancaiyun.MicroAncaiyunZuulApplicationTests]: MicroAncaiyunZuulApplicationTests does not declare any static, non-private, non-final, nested classes annotated with @Configuration.
2018-07-31 19:07:40.831 [main] INFO  org.springframework.boot.test.context.SpringBootTestContextBootstrapper - Found @SpringBootConfiguration com.ancaiyun.MicroAncaiyunZuulApplication for test class com.ancaiyun.MicroAncaiyunZuulApplicationTests
2018-07-31 19:07:40.996 [main] INFO  org.springframework.boot.test.context.SpringBootTestContextBootstrapper - Loaded default TestExecutionListener class names from location [META-INF/spring.factories]: [org.springframework.boot.test.mock.mockito.MockitoTestExecutionListener, org.springframework.boot.test.mock.mockito.ResetMocksTestExecutionListener, org.springframework.boot.test.autoconfigure.restdocs.RestDocsTestExecutionListener, org.springframework.boot.test.autoconfigure.web.client.MockRestServiceServerResetTestExecutionListener, org.springframework.boot.test.autoconfigure.web.servlet.MockMvcPrintOnlyOnFailureTestExecutionListener, org.springframework.boot.test.autoconfigure.web.servlet.WebDriverTestExecutionListener, org.springframework.test.context.web.ServletTestExecutionListener, org.springframework.test.context.support.DirtiesContextBeforeModesTestExecutionListener, org.springframework.test.context.support.DependencyInjectionTestExecutionListener, org.springframework.test.context.support.DirtiesContextTestExecutionListener, org.springframework.test.context.transaction.TransactionalTestExecutionListener, org.springframework.test.context.jdbc.SqlScriptsTestExecutionListener]
2018-07-31 19:07:41.050 [main] INFO  org.springframework.boot.test.context.SpringBootTestContextBootstrapper - Using TestExecutionListeners: [org.springframework.test.context.web.ServletTestExecutionListener@64b0598, org.springframework.test.context.support.DirtiesContextBeforeModesTestExecutionListener@18f8cd79, org.springframework.boot.test.mock.mockito.MockitoTestExecutionListener@3e2055d6, org.springframework.boot.test.autoconfigure.SpringBootDependencyInjectionTestExecutionListener@50029372, org.springframework.test.context.support.DirtiesContextTestExecutionListener@e3b3b2f, org.springframework.boot.test.mock.mockito.ResetMocksTestExecutionListener@50f6ac94, org.springframework.boot.test.autoconfigure.restdocs.RestDocsTestExecutionListener@6cc4cdb9, org.springframework.boot.test.autoconfigure.web.client.MockRestServiceServerResetTestExecutionListener@28194a50, org.springframework.boot.test.autoconfigure.web.servlet.MockMvcPrintOnlyOnFailureTestExecutionListener@7f2cfe3f, org.springframework.boot.test.autoconfigure.web.servlet.WebDriverTestExecutionListener@1a5b6f42]
2018-07-31 19:07:42.580 [main] INFO  org.springframework.context.annotation.AnnotationConfigApplicationContext - Refreshing org.springframework.context.annotation.AnnotationConfigApplicationContext@29ca3d04: startup date [Tue Jul 31 19:07:42 CST 2018]; root of context hierarchy
2018-07-31 19:07:42.828 [main] INFO  org.springframework.beans.factory.annotation.AutowiredAnnotationBeanPostProcessor - JSR-330 'javax.inject.Inject' annotation found and supported for autowiring
2018-07-31 19:07:42.883 [main] INFO  org.springframework.context.support.PostProcessorRegistrationDelegate$BeanPostProcessorChecker - Bean 'configurationPropertiesRebinderAutoConfiguration' of type [org.springframework.cloud.autoconfigure.ConfigurationPropertiesRebinderAutoConfiguration$$EnhancerBySpringCGLIB$$54f8900] is not eligible for getting processed by all BeanPostProcessors (for example: not eligible for auto-proxying)
2018-07-31 19:07:44.236 [main] INFO  com.ancaiyun.MicroAncaiyunZuulApplicationTests - No active profile set, falling back to default profiles: default
2018-07-31 19:07:44.323 [main] INFO  org.springframework.web.context.support.GenericWebApplicationContext - Refreshing org.springframework.web.context.support.GenericWebApplicationContext@3e2943ab: startup date [Tue Jul 31 19:07:44 CST 2018]; parent: org.springframework.context.annotation.AnnotationConfigApplicationContext@29ca3d04
2018-07-31 19:07:44.999 [main] INFO  org.springframework.beans.factory.support.DefaultListableBeanFactory - Overriding bean definition for bean 'environmentWebEndpointExtension' with a different definition: replacing [Root bean: class [null]; scope=; abstract=false; lazyInit=false; autowireMode=3; dependencyCheck=0; autowireCandidate=true; primary=false; factoryBeanName=org.springframework.boot.actuate.autoconfigure.env.EnvironmentEndpointAutoConfiguration; factoryMethodName=environmentWebEndpointExtension; initMethodName=null; destroyMethodName=(inferred); defined in class path resource [org/springframework/boot/actuate/autoconfigure/env/EnvironmentEndpointAutoConfiguration.class]] with [Root bean: class [null]; scope=; abstract=false; lazyInit=false; autowireMode=3; dependencyCheck=0; autowireCandidate=true; primary=false; factoryBeanName=org.springframework.cloud.autoconfigure.LifecycleMvcEndpointAutoConfiguration$EndpointConfiguration; factoryMethodName=environmentWebEndpointExtension; initMethodName=null; destroyMethodName=(inferred); defined in class path resource [org/springframework/cloud/autoconfigure/LifecycleMvcEndpointAutoConfiguration$EndpointConfiguration.class]]
2018-07-31 19:07:45.075 [main] INFO  org.springframework.beans.factory.support.DefaultListableBeanFactory - Overriding bean definition for bean 'proxyRequestHelper' with a different definition: replacing [Root bean: class [null]; scope=; abstract=false; lazyInit=false; autowireMode=3; dependencyCheck=0; autowireCandidate=true; primary=false; factoryBeanName=org.springframework.cloud.netflix.zuul.ZuulProxyAutoConfiguration$EndpointConfiguration; factoryMethodName=proxyRequestHelper; initMethodName=null; destroyMethodName=(inferred); defined in class path resource [org/springframework/cloud/netflix/zuul/ZuulProxyAutoConfiguration$EndpointConfiguration.class]] with [Root bean: class [null]; scope=; abstract=false; lazyInit=false; autowireMode=3; dependencyCheck=0; autowireCandidate=true; primary=false; factoryBeanName=org.springframework.cloud.netflix.zuul.ZuulProxyAutoConfiguration$NoActuatorConfiguration; factoryMethodName=proxyRequestHelper; initMethodName=null; destroyMethodName=(inferred); defined in class path resource [org/springframework/cloud/netflix/zuul/ZuulProxyAutoConfiguration$NoActuatorConfiguration.class]]
2018-07-31 19:07:45.109 [main] INFO  org.springframework.beans.factory.support.DefaultListableBeanFactory - Overriding bean definition for bean 'counterFactory' with a different definition: replacing [Root bean: class [null]; scope=; abstract=false; lazyInit=false; autowireMode=3; dependencyCheck=0; autowireCandidate=true; primary=false; factoryBeanName=org.springframework.cloud.netflix.zuul.ZuulServerAutoConfiguration$ZuulMetricsConfiguration; factoryMethodName=counterFactory; initMethodName=null; destroyMethodName=(inferred); defined in class path resource [org/springframework/cloud/netflix/zuul/ZuulServerAutoConfiguration$ZuulMetricsConfiguration.class]] with [Root bean: class [null]; scope=; abstract=false; lazyInit=false; autowireMode=3; dependencyCheck=0; autowireCandidate=true; primary=false; factoryBeanName=org.springframework.cloud.netflix.zuul.ZuulServerAutoConfiguration$ZuulCounterFactoryConfiguration; factoryMethodName=counterFactory; initMethodName=null; destroyMethodName=(inferred); defined in class path resource [org/springframework/cloud/netflix/zuul/ZuulServerAutoConfiguration$ZuulCounterFactoryConfiguration.class]]
2018-07-31 19:07:45.452 [main] INFO  org.springframework.cloud.context.scope.GenericScope - BeanFactory id=b8829b21-f557-3655-817a-084996450d8a
2018-07-31 19:07:45.531 [main] INFO  org.springframework.beans.factory.annotation.AutowiredAnnotationBeanPostProcessor - JSR-330 'javax.inject.Inject' annotation found and supported for autowiring
2018-07-31 19:07:45.812 [main] INFO  org.springframework.context.support.PostProcessorRegistrationDelegate$BeanPostProcessorChecker - Bean 'org.springframework.cloud.autoconfigure.ConfigurationPropertiesRebinderAutoConfiguration' of type [org.springframework.cloud.autoconfigure.ConfigurationPropertiesRebinderAutoConfiguration$$EnhancerBySpringCGLIB$$54f8900] is not eligible for getting processed by all BeanPostProcessors (for example: not eligible for auto-proxying)
2018-07-31 19:07:46.197 [main] INFO  com.netflix.config.sources.URLConfigurationSource - To enable URLs as dynamic configuration sources, define System property archaius.configurationSource.additionalUrls or make config.properties available on classpath.
2018-07-31 19:07:46.256 [main] INFO  com.netflix.config.sources.URLConfigurationSource - To enable URLs as dynamic configuration sources, define System property archaius.configurationSource.additionalUrls or make config.properties available on classpath.
2018-07-31 19:07:46.408 [main] INFO  org.springframework.web.servlet.handler.SimpleUrlHandlerMapping - Mapped URL path [/**/favicon.ico] onto handler of type [class org.springframework.web.servlet.resource.ResourceHttpRequestHandler]
2018-07-31 19:07:46.651 [main] INFO  org.springframework.web.servlet.mvc.method.annotation.RequestMappingHandlerAdapter - Looking for @ControllerAdvice: org.springframework.web.context.support.GenericWebApplicationContext@3e2943ab: startup date [Tue Jul 31 19:07:44 CST 2018]; parent: org.springframework.context.annotation.AnnotationConfigApplicationContext@29ca3d04
2018-07-31 19:07:46.739 [main] INFO  org.springframework.web.servlet.mvc.method.annotation.RequestMappingHandlerMapping - Mapped "{[/error]}" onto public org.springframework.http.ResponseEntity<java.util.Map<java.lang.String, java.lang.Object>> org.springframework.boot.autoconfigure.web.servlet.error.BasicErrorController.error(javax.servlet.http.HttpServletRequest)
2018-07-31 19:07:46.769 [main] INFO  org.springframework.web.servlet.mvc.method.annotation.RequestMappingHandlerMapping - Mapped "{[/error],produces=[text/html]}" onto public org.springframework.web.servlet.ModelAndView org.springframework.boot.autoconfigure.web.servlet.error.BasicErrorController.errorHtml(javax.servlet.http.HttpServletRequest,javax.servlet.http.HttpServletResponse)
2018-07-31 19:07:46.826 [main] INFO  org.springframework.web.servlet.handler.SimpleUrlHandlerMapping - Mapped URL path [/webjars/**] onto handler of type [class org.springframework.web.servlet.resource.ResourceHttpRequestHandler]
2018-07-31 19:07:46.851 [main] INFO  org.springframework.web.servlet.handler.SimpleUrlHandlerMapping - Mapped URL path [/**] onto handler of type [class org.springframework.web.servlet.resource.ResourceHttpRequestHandler]
2018-07-31 19:07:48.293 [main] INFO  org.springframework.cloud.commons.util.InetUtils - Cannot determine local hostname
2018-07-31 19:07:49.509 [main] INFO  org.springframework.cloud.commons.util.InetUtils - Cannot determine local hostname
2018-07-31 19:07:50.242 [main] INFO  org.springframework.ui.freemarker.SpringTemplateLoader - SpringTemplateLoader for FreeMarker: using resource loader [org.springframework.web.context.support.GenericWebApplicationContext@3e2943ab: startup date [Tue Jul 31 19:07:44 CST 2018]; parent: org.springframework.context.annotation.AnnotationConfigApplicationContext@29ca3d04] and template loader path [classpath:/templates/]
2018-07-31 19:07:50.269 [main] INFO  org.springframework.web.servlet.view.freemarker.FreeMarkerConfigurer - ClassTemplateLoader for Spring macros added to FreeMarker configuration
2018-07-31 19:07:50.948 [main] INFO  org.springframework.cloud.netflix.zuul.ZuulFilterInitializer - Starting filter initializer
2018-07-31 19:07:51.005 [main] INFO  org.springframework.boot.actuate.endpoint.web.EndpointLinksResolver - Exposing 2 endpoint(s) beneath base path '/actuator'
2018-07-31 19:07:51.041 [main] INFO  org.springframework.boot.actuate.endpoint.web.servlet.WebMvcEndpointHandlerMapping - Mapped "{[/actuator/health],methods=[GET],produces=[application/vnd.spring-boot.actuator.v2+json || application/json]}" onto public java.lang.Object org.springframework.boot.actuate.endpoint.web.servlet.AbstractWebMvcEndpointHandlerMapping$OperationHandler.handle(javax.servlet.http.HttpServletRequest,java.util.Map<java.lang.String, java.lang.String>)
2018-07-31 19:07:51.069 [main] INFO  org.springframework.boot.actuate.endpoint.web.servlet.WebMvcEndpointHandlerMapping - Mapped "{[/actuator/info],methods=[GET],produces=[application/vnd.spring-boot.actuator.v2+json || application/json]}" onto public java.lang.Object org.springframework.boot.actuate.endpoint.web.servlet.AbstractWebMvcEndpointHandlerMapping$OperationHandler.handle(javax.servlet.http.HttpServletRequest,java.util.Map<java.lang.String, java.lang.String>)
2018-07-31 19:07:51.096 [main] INFO  org.springframework.boot.actuate.endpoint.web.servlet.WebMvcEndpointHandlerMapping - Mapped "{[/actuator],methods=[GET],produces=[application/vnd.spring-boot.actuator.v2+json || application/json]}" onto protected java.util.Map<java.lang.String, java.util.Map<java.lang.String, org.springframework.boot.actuate.endpoint.web.Link>> org.springframework.boot.actuate.endpoint.web.servlet.WebMvcEndpointHandlerMapping.links(javax.servlet.http.HttpServletRequest,javax.servlet.http.HttpServletResponse)
2018-07-31 19:07:51.165 [main] INFO  org.springframework.context.support.DefaultLifecycleProcessor - Starting beans in phase 0
2018-07-31 19:07:51.211 [main] INFO  org.springframework.cloud.netflix.eureka.InstanceInfoFactory - Setting initial instance status as: STARTING
2018-07-31 19:07:51.269 [main] INFO  com.netflix.discovery.DiscoveryClient - Initializing Eureka in region us-east-1
2018-07-31 19:07:51.344 [main] INFO  com.netflix.discovery.provider.DiscoveryJerseyProvider - Using JSON encoding codec LegacyJacksonJson
2018-07-31 19:07:51.372 [main] INFO  com.netflix.discovery.provider.DiscoveryJerseyProvider - Using JSON decoding codec LegacyJacksonJson
2018-07-31 19:07:51.516 [main] INFO  com.netflix.discovery.provider.DiscoveryJerseyProvider - Using XML encoding codec XStreamXml
2018-07-31 19:07:51.541 [main] INFO  com.netflix.discovery.provider.DiscoveryJerseyProvider - Using XML decoding codec XStreamXml
2018-07-31 19:07:51.731 [main] INFO  com.netflix.discovery.shared.resolver.aws.ConfigClusterResolver - Resolving eureka endpoints via configuration
2018-07-31 19:07:51.860 [main] INFO  com.netflix.discovery.DiscoveryClient - Disable delta property : false
2018-07-31 19:07:51.887 [main] INFO  com.netflix.discovery.DiscoveryClient - Single vip registry refresh property : null
2018-07-31 19:07:51.914 [main] INFO  com.netflix.discovery.DiscoveryClient - Force full registry fetch : false
2018-07-31 19:07:51.939 [main] INFO  com.netflix.discovery.DiscoveryClient - Application is null : false
2018-07-31 19:07:51.964 [main] INFO  com.netflix.discovery.DiscoveryClient - Registered Applications size is zero : true
2018-07-31 19:07:51.992 [main] INFO  com.netflix.discovery.DiscoveryClient - Application version is -1: true
2018-07-31 19:07:52.018 [main] INFO  com.netflix.discovery.DiscoveryClient - Getting all instance registry info from the eureka server
2018-07-31 19:07:52.231 [main] INFO  com.netflix.discovery.DiscoveryClient - The response status is 200
2018-07-31 19:07:52.261 [main] INFO  com.netflix.discovery.DiscoveryClient - Starting heartbeat executor: renew interval is: 30
2018-07-31 19:07:52.289 [main] INFO  com.netflix.discovery.InstanceInfoReplicator - InstanceInfoReplicator onDemand update allowed rate per min is 4
2018-07-31 19:07:52.317 [main] INFO  com.netflix.discovery.DiscoveryClient - Discovery Client initialized at timestamp 1533035272316 with initial instances count: 4
2018-07-31 19:07:52.351 [main] INFO  com.ancaiyun.MicroAncaiyunZuulApplicationTests - Started MicroAncaiyunZuulApplicationTests in 11.244 seconds (JVM running for 12.673)
2018-07-31 19:07:52.527 [Thread-8] INFO  org.springframework.web.context.support.GenericWebApplicationContext - Closing org.springframework.web.context.support.GenericWebApplicationContext@3e2943ab: startup date [Tue Jul 31 19:07:44 CST 2018]; parent: org.springframework.context.annotation.AnnotationConfigApplicationContext@29ca3d04
2018-07-31 19:07:52.554 [Thread-8] INFO  org.springframework.cloud.netflix.eureka.serviceregistry.EurekaServiceRegistry - Unregistering application micro-ancaiyun-zuul with eureka with status DOWN
2018-07-31 19:07:52.606 [DiscoveryClient-InstanceInfoReplicator-0] INFO  com.netflix.discovery.DiscoveryClient - DiscoveryClient_MICRO-ANCAIYUN-ZUUL/localhost:micro-ancaiyun-zuul:-1: registering service...
2018-07-31 19:07:52.607 [Thread-8] INFO  org.springframework.context.support.DefaultLifecycleProcessor - Stopping beans in phase 0
2018-07-31 19:07:52.664 [DiscoveryClient-InstanceInfoReplicator-0] INFO  com.netflix.discovery.DiscoveryClient - DiscoveryClient_MICRO-ANCAIYUN-ZUUL/localhost:micro-ancaiyun-zuul:-1 - registration status: 204
2018-07-31 19:07:52.682 [Thread-8] INFO  org.springframework.cloud.netflix.zuul.ZuulFilterInitializer - Stopping filter initializer
2018-07-31 19:07:52.707 [Thread-8] INFO  com.netflix.discovery.DiscoveryClient - Shutting down DiscoveryClient ...
2018-07-31 19:07:55.735 [Thread-8] INFO  com.netflix.discovery.DiscoveryClient - Unregistering ...
2018-07-31 19:07:55.773 [Thread-8] INFO  com.netflix.discovery.DiscoveryClient - DiscoveryClient_MICRO-ANCAIYUN-ZUUL/localhost:micro-ancaiyun-zuul:-1 - deregister  status: 200
2018-07-31 19:07:55.813 [Thread-8] INFO  com.netflix.discovery.DiscoveryClient - Completed shut down of DiscoveryClient
2018-07-31 19:07:55.877 [Thread-8] INFO  com.netflix.config.sources.URLConfigurationSource - To enable URLs as dynamic configuration sources, define System property archaius.configurationSource.additionalUrls or make config.properties available on classpath.
2018-07-31 19:39:27.885 [main] INFO  org.springframework.context.annotation.AnnotationConfigApplicationContext - Refreshing org.springframework.context.annotation.AnnotationConfigApplicationContext@49e5f737: startup date [Tue Jul 31 19:39:27 CST 2018]; root of context hierarchy
2018-07-31 19:39:28.153 [main] INFO  org.springframework.beans.factory.annotation.AutowiredAnnotationBeanPostProcessor - JSR-330 'javax.inject.Inject' annotation found and supported for autowiring
2018-07-31 19:39:28.206 [main] INFO  org.springframework.context.support.PostProcessorRegistrationDelegate$BeanPostProcessorChecker - Bean 'configurationPropertiesRebinderAutoConfiguration' of type [org.springframework.cloud.autoconfigure.ConfigurationPropertiesRebinderAutoConfiguration$$EnhancerBySpringCGLIB$$fb4817aa] is not eligible for getting processed by all BeanPostProcessors (for example: not eligible for auto-proxying)
2018-07-31 19:39:29.559 [main] INFO  com.ancaiyun.MicroAncaiyunZuulApplication - No active profile set, falling back to default profiles: default
2018-07-31 19:39:29.650 [main] INFO  org.springframework.boot.web.servlet.context.AnnotationConfigServletWebServerApplicationContext - Refreshing org.springframework.boot.web.servlet.context.AnnotationConfigServletWebServerApplicationContext@3daf7722: startup date [Tue Jul 31 19:39:29 CST 2018]; parent: org.springframework.context.annotation.AnnotationConfigApplicationContext@49e5f737
2018-07-31 19:39:30.132 [main] INFO  org.springframework.beans.factory.support.DefaultListableBeanFactory - Overriding bean definition for bean 'environmentWebEndpointExtension' with a different definition: replacing [Root bean: class [null]; scope=; abstract=false; lazyInit=false; autowireMode=3; dependencyCheck=0; autowireCandidate=true; primary=false; factoryBeanName=org.springframework.boot.actuate.autoconfigure.env.EnvironmentEndpointAutoConfiguration; factoryMethodName=environmentWebEndpointExtension; initMethodName=null; destroyMethodName=(inferred); defined in class path resource [org/springframework/boot/actuate/autoconfigure/env/EnvironmentEndpointAutoConfiguration.class]] with [Root bean: class [null]; scope=; abstract=false; lazyInit=false; autowireMode=3; dependencyCheck=0; autowireCandidate=true; primary=false; factoryBeanName=org.springframework.cloud.autoconfigure.LifecycleMvcEndpointAutoConfiguration$EndpointConfiguration; factoryMethodName=environmentWebEndpointExtension; initMethodName=null; destroyMethodName=(inferred); defined in class path resource [org/springframework/cloud/autoconfigure/LifecycleMvcEndpointAutoConfiguration$EndpointConfiguration.class]]
2018-07-31 19:39:30.203 [main] INFO  org.springframework.beans.factory.support.DefaultListableBeanFactory - Overriding bean definition for bean 'proxyRequestHelper' with a different definition: replacing [Root bean: class [null]; scope=; abstract=false; lazyInit=false; autowireMode=3; dependencyCheck=0; autowireCandidate=true; primary=false; factoryBeanName=org.springframework.cloud.netflix.zuul.ZuulProxyAutoConfiguration$EndpointConfiguration; factoryMethodName=proxyRequestHelper; initMethodName=null; destroyMethodName=(inferred); defined in class path resource [org/springframework/cloud/netflix/zuul/ZuulProxyAutoConfiguration$EndpointConfiguration.class]] with [Root bean: class [null]; scope=; abstract=false; lazyInit=false; autowireMode=3; dependencyCheck=0; autowireCandidate=true; primary=false; factoryBeanName=org.springframework.cloud.netflix.zuul.ZuulProxyAutoConfiguration$NoActuatorConfiguration; factoryMethodName=proxyRequestHelper; initMethodName=null; destroyMethodName=(inferred); defined in class path resource [org/springframework/cloud/netflix/zuul/ZuulProxyAutoConfiguration$NoActuatorConfiguration.class]]
2018-07-31 19:39:30.235 [main] INFO  org.springframework.beans.factory.support.DefaultListableBeanFactory - Overriding bean definition for bean 'counterFactory' with a different definition: replacing [Root bean: class [null]; scope=; abstract=false; lazyInit=false; autowireMode=3; dependencyCheck=0; autowireCandidate=true; primary=false; factoryBeanName=org.springframework.cloud.netflix.zuul.ZuulServerAutoConfiguration$ZuulMetricsConfiguration; factoryMethodName=counterFactory; initMethodName=null; destroyMethodName=(inferred); defined in class path resource [org/springframework/cloud/netflix/zuul/ZuulServerAutoConfiguration$ZuulMetricsConfiguration.class]] with [Root bean: class [null]; scope=; abstract=false; lazyInit=false; autowireMode=3; dependencyCheck=0; autowireCandidate=true; primary=false; factoryBeanName=org.springframework.cloud.netflix.zuul.ZuulServerAutoConfiguration$ZuulCounterFactoryConfiguration; factoryMethodName=counterFactory; initMethodName=null; destroyMethodName=(inferred); defined in class path resource [org/springframework/cloud/netflix/zuul/ZuulServerAutoConfiguration$ZuulCounterFactoryConfiguration.class]]
2018-07-31 19:39:30.417 [main] INFO  org.springframework.cloud.context.scope.GenericScope - BeanFactory id=8374500a-04ba-3d2c-aa21-62c0b6943d6a
2018-07-31 19:39:30.456 [main] INFO  org.springframework.beans.factory.annotation.AutowiredAnnotationBeanPostProcessor - JSR-330 'javax.inject.Inject' annotation found and supported for autowiring
2018-07-31 19:39:30.650 [main] INFO  org.springframework.context.support.PostProcessorRegistrationDelegate$BeanPostProcessorChecker - Bean 'org.springframework.cloud.autoconfigure.ConfigurationPropertiesRebinderAutoConfiguration' of type [org.springframework.cloud.autoconfigure.ConfigurationPropertiesRebinderAutoConfiguration$$EnhancerBySpringCGLIB$$fb4817aa] is not eligible for getting processed by all BeanPostProcessors (for example: not eligible for auto-proxying)
2018-07-31 19:39:30.877 [main] INFO  org.springframework.boot.web.embedded.tomcat.TomcatWebServer - Tomcat initialized with port(s): 8888 (http)
2018-07-31 19:39:30.910 [main] INFO  org.apache.coyote.http11.Http11NioProtocol - Initializing ProtocolHandler ["http-nio-8888"]
2018-07-31 19:39:30.942 [main] INFO  org.apache.catalina.core.StandardService - Starting service [Tomcat]
2018-07-31 19:39:30.970 [main] INFO  org.apache.catalina.core.StandardEngine - Starting Servlet Engine: Apache Tomcat/8.5.29
2018-07-31 19:39:31.006 [localhost-startStop-1] INFO  org.apache.catalina.core.AprLifecycleListener - The APR based Apache Tomcat Native library which allows optimal performance in production environments was not found on the java.library.path: [D:\houtai\jdk\bin;C:\WINDOWS\Sun\Java\bin;C:\WINDOWS\system32;C:\WINDOWS;D:\houtai\jdk\bin;C:\ProgramData\Oracle\Java\javapath;F:\springboot\spring-boot-cli-1.3.0.BUILD-SNAPSHOT-bin\spring-1.3.0.BUILD-SNAPSHOT\bin;C:\WINDOWS\system32;C:\WINDOWS;C:\WINDOWS\System32\Wbem;C:\WINDOWS\System32\WindowsPowerShell\v1.0\;C:\WINDOWS\System32\OpenSSH\;D:\houtai\node_js\;E:\git\Git\cmd;F:\python\learn\Scripts\;F:\python\learn\;D:\houtai\jdk\bin;C:\Users\Administrator\AppData\Local\Microsoft\WindowsApps;C:\Users\Administrator\AppData\Roaming\npm;.]
2018-07-31 19:39:31.261 [localhost-startStop-1] INFO  org.apache.catalina.core.ContainerBase.[Tomcat].[localhost].[/] - Initializing Spring embedded WebApplicationContext
2018-07-31 19:39:31.290 [localhost-startStop-1] INFO  org.springframework.web.context.ContextLoader - Root WebApplicationContext: initialization completed in 1640 ms
2018-07-31 19:39:32.713 [localhost-startStop-1] INFO  org.springframework.cloud.commons.util.InetUtils - Cannot determine local hostname
2018-07-31 19:39:33.953 [localhost-startStop-1] INFO  org.springframework.cloud.commons.util.InetUtils - Cannot determine local hostname
2018-07-31 19:39:34.484 [localhost-startStop-1] INFO  com.netflix.config.sources.URLConfigurationSource - To enable URLs as dynamic configuration sources, define System property archaius.configurationSource.additionalUrls or make config.properties available on classpath.
2018-07-31 19:39:34.519 [localhost-startStop-1] INFO  com.netflix.config.DynamicPropertyFactory - DynamicPropertyFactory is initialized with configuration sources: com.netflix.config.ConcurrentCompositeConfiguration@67cb6d05
2018-07-31 19:39:34.650 [localhost-startStop-1] INFO  org.springframework.boot.web.servlet.ServletRegistrationBean - Servlet dispatcherServlet mapped to [/]
2018-07-31 19:39:34.676 [localhost-startStop-1] INFO  org.springframework.boot.web.servlet.ServletRegistrationBean - Servlet zuulServlet mapped to [/zuul/*]
2018-07-31 19:39:34.706 [localhost-startStop-1] INFO  org.springframework.boot.web.servlet.FilterRegistrationBean - Mapping filter: 'characterEncodingFilter' to: [/*]
2018-07-31 19:39:34.732 [localhost-startStop-1] INFO  org.springframework.boot.web.servlet.FilterRegistrationBean - Mapping filter: 'hiddenHttpMethodFilter' to: [/*]
2018-07-31 19:39:34.762 [localhost-startStop-1] INFO  org.springframework.boot.web.servlet.FilterRegistrationBean - Mapping filter: 'httpPutFormContentFilter' to: [/*]
2018-07-31 19:39:34.790 [localhost-startStop-1] INFO  org.springframework.boot.web.servlet.FilterRegistrationBean - Mapping filter: 'requestContextFilter' to: [/*]
2018-07-31 19:39:34.817 [localhost-startStop-1] INFO  org.springframework.boot.web.servlet.FilterRegistrationBean - Mapping filter: 'httpTraceFilter' to: [/*]
2018-07-31 19:39:34.845 [localhost-startStop-1] INFO  org.springframework.boot.web.servlet.FilterRegistrationBean - Mapping filter: 'webMvcMetricsFilter' to: [/*]
2018-07-31 19:39:35.024 [main] INFO  com.netflix.config.sources.URLConfigurationSource - To enable URLs as dynamic configuration sources, define System property archaius.configurationSource.additionalUrls or make config.properties available on classpath.
2018-07-31 19:39:35.135 [main] INFO  org.springframework.web.servlet.handler.SimpleUrlHandlerMapping - Mapped URL path [/**/favicon.ico] onto handler of type [class org.springframework.web.servlet.resource.ResourceHttpRequestHandler]
2018-07-31 19:39:35.306 [main] INFO  org.springframework.web.servlet.mvc.method.annotation.RequestMappingHandlerAdapter - Looking for @ControllerAdvice: org.springframework.boot.web.servlet.context.AnnotationConfigServletWebServerApplicationContext@3daf7722: startup date [Tue Jul 31 19:39:29 CST 2018]; parent: org.springframework.context.annotation.AnnotationConfigApplicationContext@49e5f737
2018-07-31 19:39:35.371 [main] INFO  org.springframework.web.servlet.mvc.method.annotation.RequestMappingHandlerMapping - Mapped "{[/error]}" onto public org.springframework.http.ResponseEntity<java.util.Map<java.lang.String, java.lang.Object>> org.springframework.boot.autoconfigure.web.servlet.error.BasicErrorController.error(javax.servlet.http.HttpServletRequest)
2018-07-31 19:39:35.402 [main] INFO  org.springframework.web.servlet.mvc.method.annotation.RequestMappingHandlerMapping - Mapped "{[/error],produces=[text/html]}" onto public org.springframework.web.servlet.ModelAndView org.springframework.boot.autoconfigure.web.servlet.error.BasicErrorController.errorHtml(javax.servlet.http.HttpServletRequest,javax.servlet.http.HttpServletResponse)
2018-07-31 19:39:35.454 [main] INFO  org.springframework.web.servlet.handler.SimpleUrlHandlerMapping - Mapped URL path [/webjars/**] onto handler of type [class org.springframework.web.servlet.resource.ResourceHttpRequestHandler]
2018-07-31 19:39:35.482 [main] INFO  org.springframework.web.servlet.handler.SimpleUrlHandlerMapping - Mapped URL path [/**] onto handler of type [class org.springframework.web.servlet.resource.ResourceHttpRequestHandler]
2018-07-31 19:39:35.842 [main] INFO  org.springframework.ui.freemarker.SpringTemplateLoader - SpringTemplateLoader for FreeMarker: using resource loader [org.springframework.boot.web.servlet.context.AnnotationConfigServletWebServerApplicationContext@3daf7722: startup date [Tue Jul 31 19:39:29 CST 2018]; parent: org.springframework.context.annotation.AnnotationConfigApplicationContext@49e5f737] and template loader path [classpath:/templates/]
2018-07-31 19:39:35.872 [main] INFO  org.springframework.web.servlet.view.freemarker.FreeMarkerConfigurer - ClassTemplateLoader for Spring macros added to FreeMarker configuration
2018-07-31 19:39:36.278 [main] INFO  org.springframework.cloud.netflix.zuul.ZuulFilterInitializer - Starting filter initializer
2018-07-31 19:39:36.335 [main] INFO  org.springframework.boot.actuate.endpoint.web.EndpointLinksResolver - Exposing 2 endpoint(s) beneath base path '/actuator'
2018-07-31 19:39:36.375 [main] INFO  org.springframework.boot.actuate.endpoint.web.servlet.WebMvcEndpointHandlerMapping - Mapped "{[/actuator/health],methods=[GET],produces=[application/vnd.spring-boot.actuator.v2+json || application/json]}" onto public java.lang.Object org.springframework.boot.actuate.endpoint.web.servlet.AbstractWebMvcEndpointHandlerMapping$OperationHandler.handle(javax.servlet.http.HttpServletRequest,java.util.Map<java.lang.String, java.lang.String>)
2018-07-31 19:39:36.404 [main] INFO  org.springframework.boot.actuate.endpoint.web.servlet.WebMvcEndpointHandlerMapping - Mapped "{[/actuator/info],methods=[GET],produces=[application/vnd.spring-boot.actuator.v2+json || application/json]}" onto public java.lang.Object org.springframework.boot.actuate.endpoint.web.servlet.AbstractWebMvcEndpointHandlerMapping$OperationHandler.handle(javax.servlet.http.HttpServletRequest,java.util.Map<java.lang.String, java.lang.String>)
2018-07-31 19:39:36.434 [main] INFO  org.springframework.boot.actuate.endpoint.web.servlet.WebMvcEndpointHandlerMapping - Mapped "{[/actuator],methods=[GET],produces=[application/vnd.spring-boot.actuator.v2+json || application/json]}" onto protected java.util.Map<java.lang.String, java.util.Map<java.lang.String, org.springframework.boot.actuate.endpoint.web.Link>> org.springframework.boot.actuate.endpoint.web.servlet.WebMvcEndpointHandlerMapping.links(javax.servlet.http.HttpServletRequest,javax.servlet.http.HttpServletResponse)
2018-07-31 19:39:36.508 [main] INFO  org.springframework.jmx.export.annotation.AnnotationMBeanExporter - Registering beans for JMX exposure on startup
2018-07-31 19:39:36.542 [main] INFO  org.springframework.jmx.export.annotation.AnnotationMBeanExporter - Bean with name 'configurationPropertiesRebinder' has been autodetected for JMX exposure
2018-07-31 19:39:36.568 [main] INFO  org.springframework.jmx.export.annotation.AnnotationMBeanExporter - Bean with name 'environmentManager' has been autodetected for JMX exposure
2018-07-31 19:39:36.594 [main] INFO  org.springframework.jmx.export.annotation.AnnotationMBeanExporter - Bean with name 'refreshScope' has been autodetected for JMX exposure
2018-07-31 19:39:36.622 [main] INFO  org.springframework.jmx.export.annotation.AnnotationMBeanExporter - Located managed bean 'environmentManager': registering with JMX server as MBean [org.springframework.cloud.context.environment:name=environmentManager,type=EnvironmentManager]
2018-07-31 19:39:36.654 [main] INFO  org.springframework.jmx.export.annotation.AnnotationMBeanExporter - Located managed bean 'refreshScope': registering with JMX server as MBean [org.springframework.cloud.context.scope.refresh:name=refreshScope,type=RefreshScope]
2018-07-31 19:39:36.688 [main] INFO  org.springframework.jmx.export.annotation.AnnotationMBeanExporter - Located managed bean 'configurationPropertiesRebinder': registering with JMX server as MBean [org.springframework.cloud.context.properties:name=configurationPropertiesRebinder,context=3daf7722,type=ConfigurationPropertiesRebinder]
2018-07-31 19:39:36.722 [main] INFO  org.springframework.context.support.DefaultLifecycleProcessor - Starting beans in phase 0
2018-07-31 19:39:36.755 [main] INFO  org.springframework.cloud.netflix.eureka.InstanceInfoFactory - Setting initial instance status as: STARTING
2018-07-31 19:39:36.806 [main] INFO  com.netflix.discovery.DiscoveryClient - Initializing Eureka in region us-east-1
2018-07-31 19:39:36.865 [main] INFO  com.netflix.discovery.provider.DiscoveryJerseyProvider - Using JSON encoding codec LegacyJacksonJson
2018-07-31 19:39:36.890 [main] INFO  com.netflix.discovery.provider.DiscoveryJerseyProvider - Using JSON decoding codec LegacyJacksonJson
2018-07-31 19:39:37.036 [main] INFO  com.netflix.discovery.provider.DiscoveryJerseyProvider - Using XML encoding codec XStreamXml
2018-07-31 19:39:37.060 [main] INFO  com.netflix.discovery.provider.DiscoveryJerseyProvider - Using XML decoding codec XStreamXml
2018-07-31 19:39:37.226 [main] INFO  com.netflix.discovery.shared.resolver.aws.ConfigClusterResolver - Resolving eureka endpoints via configuration
2018-07-31 19:39:37.321 [main] INFO  com.netflix.discovery.DiscoveryClient - Disable delta property : false
2018-07-31 19:39:37.350 [main] INFO  com.netflix.discovery.DiscoveryClient - Single vip registry refresh property : null
2018-07-31 19:39:37.376 [main] INFO  com.netflix.discovery.DiscoveryClient - Force full registry fetch : false
2018-07-31 19:39:37.400 [main] INFO  com.netflix.discovery.DiscoveryClient - Application is null : false
2018-07-31 19:39:37.427 [main] INFO  com.netflix.discovery.DiscoveryClient - Registered Applications size is zero : true
2018-07-31 19:39:37.453 [main] INFO  com.netflix.discovery.DiscoveryClient - Application version is -1: true
2018-07-31 19:39:37.481 [main] INFO  com.netflix.discovery.DiscoveryClient - Getting all instance registry info from the eureka server
2018-07-31 19:39:37.633 [main] INFO  com.netflix.discovery.DiscoveryClient - The response status is 200
2018-07-31 19:39:37.663 [main] INFO  com.netflix.discovery.DiscoveryClient - Starting heartbeat executor: renew interval is: 30
2018-07-31 19:39:37.692 [main] INFO  com.netflix.discovery.InstanceInfoReplicator - InstanceInfoReplicator onDemand update allowed rate per min is 4
2018-07-31 19:39:37.723 [main] INFO  com.netflix.discovery.DiscoveryClient - Discovery Client initialized at timestamp 1533037177722 with initial instances count: 4
2018-07-31 19:39:37.753 [main] INFO  org.springframework.cloud.netflix.eureka.serviceregistry.EurekaServiceRegistry - Registering application micro-ancaiyun-zuul with eureka with status UP
2018-07-31 19:39:37.781 [main] INFO  com.netflix.discovery.DiscoveryClient - Saw local status change event StatusChangeEvent [timestamp=1533037177781, current=UP, previous=STARTING]
2018-07-31 19:39:37.809 [DiscoveryClient-InstanceInfoReplicator-0] INFO  com.netflix.discovery.DiscoveryClient - DiscoveryClient_MICRO-ANCAIYUN-ZUUL/localhost:micro-ancaiyun-zuul:8888: registering service...
2018-07-31 19:39:37.832 [main] INFO  org.apache.coyote.http11.Http11NioProtocol - Starting ProtocolHandler ["http-nio-8888"]
2018-07-31 19:39:37.863 [DiscoveryClient-InstanceInfoReplicator-0] INFO  com.netflix.discovery.DiscoveryClient - DiscoveryClient_MICRO-ANCAIYUN-ZUUL/localhost:micro-ancaiyun-zuul:8888 - registration status: 204
2018-07-31 19:39:37.911 [main] INFO  org.apache.tomcat.util.net.NioSelectorPool - Using a shared selector for servlet write/read
2018-07-31 19:39:37.947 [main] INFO  org.springframework.boot.web.embedded.tomcat.TomcatWebServer - Tomcat started on port(s): 8888 (http) with context path ''
2018-07-31 19:39:37.970 [main] INFO  org.springframework.cloud.netflix.eureka.serviceregistry.EurekaAutoServiceRegistration - Updating port to 8888
2018-07-31 19:39:37.996 [main] INFO  com.ancaiyun.MicroAncaiyunZuulApplication - Started MicroAncaiyunZuulApplication in 11.709 seconds (JVM running for 12.685)
2018-07-31 19:39:38.552 [RMI TCP Connection(7)-127.0.0.1] INFO  org.apache.catalina.core.ContainerBase.[Tomcat].[localhost].[/] - Initializing Spring FrameworkServlet 'dispatcherServlet'
2018-07-31 19:39:38.576 [RMI TCP Connection(7)-127.0.0.1] INFO  org.springframework.web.servlet.DispatcherServlet - FrameworkServlet 'dispatcherServlet': initialization started
2018-07-31 19:39:38.611 [RMI TCP Connection(7)-127.0.0.1] INFO  org.springframework.web.servlet.DispatcherServlet - FrameworkServlet 'dispatcherServlet': initialization completed in 11 ms
2018-07-31 19:44:37.512 [AsyncResolver-bootstrap-executor-0] INFO  com.netflix.discovery.shared.resolver.aws.ConfigClusterResolver - Resolving eureka endpoints via configuration
2018-07-31 19:49:37.540 [AsyncResolver-bootstrap-executor-0] INFO  com.netflix.discovery.shared.resolver.aws.ConfigClusterResolver - Resolving eureka endpoints via configuration
2018-07-31 19:54:37.568 [AsyncResolver-bootstrap-executor-0] INFO  com.netflix.discovery.shared.resolver.aws.ConfigClusterResolver - Resolving eureka endpoints via configuration
2018-07-31 19:59:37.598 [AsyncResolver-bootstrap-executor-0] INFO  com.netflix.discovery.shared.resolver.aws.ConfigClusterResolver - Resolving eureka endpoints via configuration
2018-07-31 20:04:37.624 [AsyncResolver-bootstrap-executor-0] INFO  com.netflix.discovery.shared.resolver.aws.ConfigClusterResolver - Resolving eureka endpoints via configuration
2018-07-31 20:09:37.651 [AsyncResolver-bootstrap-executor-0] INFO  com.netflix.discovery.shared.resolver.aws.ConfigClusterResolver - Resolving eureka endpoints via configuration
2018-07-31 20:14:00.919 [http-nio-8888-exec-2] INFO  org.springframework.cloud.netflix.zuul.web.ZuulHandlerMapping - Mapped URL path [/admin-server/**] onto handler of type [class org.springframework.cloud.netflix.zuul.web.ZuulController]
2018-07-31 20:14:00.944 [http-nio-8888-exec-2] INFO  org.springframework.cloud.netflix.zuul.web.ZuulHandlerMapping - Mapped URL path [/admin-sso/**] onto handler of type [class org.springframework.cloud.netflix.zuul.web.ZuulController]
2018-07-31 20:14:00.970 [http-nio-8888-exec-2] INFO  org.springframework.cloud.netflix.zuul.web.ZuulHandlerMapping - Mapped URL path [/material/**] onto handler of type [class org.springframework.cloud.netflix.zuul.web.ZuulController]
2018-07-31 20:14:00.997 [http-nio-8888-exec-2] INFO  org.springframework.cloud.netflix.zuul.web.ZuulHandlerMapping - Mapped URL path [/project/**] onto handler of type [class org.springframework.cloud.netflix.zuul.web.ZuulController]
2018-07-31 20:14:01.023 [http-nio-8888-exec-2] INFO  org.springframework.cloud.netflix.zuul.web.ZuulHandlerMapping - Mapped URL path [/performance/**] onto handler of type [class org.springframework.cloud.netflix.zuul.web.ZuulController]
2018-07-31 20:14:01.050 [http-nio-8888-exec-2] INFO  org.springframework.cloud.netflix.zuul.web.ZuulHandlerMapping - Mapped URL path [/member/**] onto handler of type [class org.springframework.cloud.netflix.zuul.web.ZuulController]
2018-07-31 20:14:01.078 [http-nio-8888-exec-2] INFO  org.springframework.cloud.netflix.zuul.web.ZuulHandlerMapping - Mapped URL path [/bids/**] onto handler of type [class org.springframework.cloud.netflix.zuul.web.ZuulController]
2018-07-31 20:14:01.105 [http-nio-8888-exec-2] INFO  org.springframework.cloud.netflix.zuul.web.ZuulHandlerMapping - Mapped URL path [/other-bid/**] onto handler of type [class org.springframework.cloud.netflix.zuul.web.ZuulController]
2018-07-31 20:14:01.129 [http-nio-8888-exec-2] INFO  org.springframework.cloud.netflix.zuul.web.ZuulHandlerMapping - Mapped URL path [/supplier/**] onto handler of type [class org.springframework.cloud.netflix.zuul.web.ZuulController]
2018-07-31 20:14:01.155 [http-nio-8888-exec-2] INFO  org.springframework.cloud.netflix.zuul.web.ZuulHandlerMapping - Mapped URL path [/micro-ancaiyun-admin-sso-service/**] onto handler of type [class org.springframework.cloud.netflix.zuul.web.ZuulController]
2018-07-31 20:14:01.181 [http-nio-8888-exec-2] INFO  org.springframework.cloud.netflix.zuul.web.ZuulHandlerMapping - Mapped URL path [/micro-ancaiyun-admin-server/**] onto handler of type [class org.springframework.cloud.netflix.zuul.web.ZuulController]
2018-07-31 20:14:01.207 [http-nio-8888-exec-2] INFO  org.springframework.cloud.netflix.zuul.web.ZuulHandlerMapping - Mapped URL path [/mirco-ancaiyun-performance-server/**] onto handler of type [class org.springframework.cloud.netflix.zuul.web.ZuulController]
2018-07-31 20:14:01.314 [http-nio-8888-exec-2] INFO  org.springframework.context.annotation.AnnotationConfigApplicationContext - Refreshing SpringClientFactory-mirco-ancaiyun-performance-server: startup date [Tue Jul 31 20:14:01 CST 2018]; parent: org.springframework.boot.web.servlet.context.AnnotationConfigServletWebServerApplicationContext@3daf7722
2018-07-31 20:14:01.398 [http-nio-8888-exec-2] INFO  org.springframework.beans.factory.annotation.AutowiredAnnotationBeanPostProcessor - JSR-330 'javax.inject.Inject' annotation found and supported for autowiring
2018-07-31 20:14:01.607 [http-nio-8888-exec-2] INFO  com.netflix.config.ChainedDynamicProperty - Flipping property: mirco-ancaiyun-performance-server.ribbon.ActiveConnectionsLimit to use NEXT property: niws.loadbalancer.availabilityFilteringRule.activeConnectionsLimit = 2147483647
2018-07-31 20:14:01.647 [http-nio-8888-exec-2] INFO  com.netflix.util.concurrent.ShutdownEnabledTimer - Shutdown hook installed for: NFLoadBalancer-PingTimer-mirco-ancaiyun-performance-server
2018-07-31 20:14:01.690 [http-nio-8888-exec-2] INFO  com.netflix.loadbalancer.BaseLoadBalancer - Client: mirco-ancaiyun-performance-server instantiated a LoadBalancer: DynamicServerListLoadBalancer:{NFLoadBalancer:name=mirco-ancaiyun-performance-server,current list of Servers=[],Load balancer stats=Zone stats: {},Server stats: []}ServerList:null
2018-07-31 20:14:01.719 [http-nio-8888-exec-2] INFO  com.netflix.loadbalancer.DynamicServerListLoadBalancer - Using serverListUpdater PollingServerListUpdater
2018-07-31 20:14:01.781 [http-nio-8888-exec-2] INFO  com.netflix.config.ChainedDynamicProperty - Flipping property: mirco-ancaiyun-performance-server.ribbon.ActiveConnectionsLimit to use NEXT property: niws.loadbalancer.availabilityFilteringRule.activeConnectionsLimit = 2147483647
2018-07-31 20:14:01.808 [http-nio-8888-exec-2] INFO  com.netflix.loadbalancer.DynamicServerListLoadBalancer - DynamicServerListLoadBalancer for client mirco-ancaiyun-performance-server initialized: DynamicServerListLoadBalancer:{NFLoadBalancer:name=mirco-ancaiyun-performance-server,current list of Servers=[localhost:8081],Load balancer stats=Zone stats: {defaultzone=[Zone:defaultzone;	Instance count:1;	Active connections count: 0;	Circuit breaker tripped count: 0;	Active connections per server: 0.0;]
},Server stats: [[Server:localhost:8081;	Zone:defaultZone;	Total Requests:0;	Successive connection failure:0;	Total blackout seconds:0;	Last connection made:Thu Jan 01 08:00:00 CST 1970;	First connection made: Thu Jan 01 08:00:00 CST 1970;	Active Connections:0;	total failure count in last (1000) msecs:0;	average resp time:0.0;	90 percentile resp time:0.0;	95 percentile resp time:0.0;	min resp time:0.0;	max resp time:0.0;	stddev resp time:0.0]
]}ServerList:org.springframework.cloud.netflix.ribbon.eureka.DomainExtractingServerList@50ca32d0
2018-07-31 20:14:02.748 [PollingServerListUpdater-0] INFO  com.netflix.config.ChainedDynamicProperty - Flipping property: mirco-ancaiyun-performance-server.ribbon.ActiveConnectionsLimit to use NEXT property: niws.loadbalancer.availabilityFilteringRule.activeConnectionsLimit = 2147483647
2018-07-31 20:14:37.677 [AsyncResolver-bootstrap-executor-0] INFO  com.netflix.discovery.shared.resolver.aws.ConfigClusterResolver - Resolving eureka endpoints via configuration
2018-07-31 20:19:37.701 [AsyncResolver-bootstrap-executor-0] INFO  com.netflix.discovery.shared.resolver.aws.ConfigClusterResolver - Resolving eureka endpoints via configuration
2018-07-31 20:24:37.730 [AsyncResolver-bootstrap-executor-0] INFO  com.netflix.discovery.shared.resolver.aws.ConfigClusterResolver - Resolving eureka endpoints via configuration
2018-07-31 20:29:37.762 [AsyncResolver-bootstrap-executor-0] INFO  com.netflix.discovery.shared.resolver.aws.ConfigClusterResolver - Resolving eureka endpoints via configuration
