2018-07-31 19:06:26.801 [main] WARN  com.netflix.config.sources.URLConfigurationSource - No URLs will be polled as dynamic configuration sources.
2018-07-31 19:06:26.856 [main] WARN  com.netflix.config.sources.URLConfigurationSource - No URLs will be polled as dynamic configuration sources.
2018-07-31 19:06:33.238 [Thread-8] WARN  com.netflix.discovery.DiscoveryClient - Saw local status change event StatusChangeEvent [timestamp=1533035193238, current=DOWN, previous=STARTING]
2018-07-31 19:06:36.550 [Thread-8] WARN  com.netflix.config.sources.URLConfigurationSource - No URLs will be polled as dynamic configuration sources.
2018-07-31 19:07:46.169 [main] WARN  com.netflix.config.sources.URLConfigurationSource - No URLs will be polled as dynamic configuration sources.
2018-07-31 19:07:46.228 [main] WARN  com.netflix.config.sources.URLConfigurationSource - No URLs will be polled as dynamic configuration sources.
2018-07-31 19:07:52.581 [Thread-8] WARN  com.netflix.discovery.DiscoveryClient - Saw local status change event StatusChangeEvent [timestamp=1533035272581, current=DOWN, previous=STARTING]
2018-07-31 19:07:55.853 [Thread-8] WARN  com.netflix.config.sources.URLConfigurationSource - No URLs will be polled as dynamic configuration sources.
2018-07-31 19:39:34.459 [localhost-startStop-1] WARN  com.netflix.config.sources.URLConfigurationSource - No URLs will be polled as dynamic configuration sources.
2018-07-31 19:39:34.999 [main] WARN  com.netflix.config.sources.URLConfigurationSource - No URLs will be polled as dynamic configuration sources.
2018-07-31 20:14:01.918 [http-nio-8888-exec-2] WARN  org.springframework.cloud.netflix.zuul.filters.route.support.AbstractRibbonCommand - The Hystrix timeout of 13000ms for the command mirco-ancaiyun-performance-server is set lower than the combination of the Ribbon read and connect timeout, 26000ms.
2018-07-31 20:14:22.559 [http-nio-8888-exec-6] WARN  org.springframework.cloud.netflix.zuul.filters.route.support.AbstractRibbonCommand - The Hystrix timeout of 13000ms for the command mirco-ancaiyun-performance-server is set lower than the combination of the Ribbon read and connect timeout, 26000ms.
2018-07-31 20:14:25.463 [http-nio-8888-exec-7] WARN  org.springframework.cloud.netflix.zuul.filters.route.support.AbstractRibbonCommand - The Hystrix timeout of 13000ms for the command mirco-ancaiyun-performance-server is set lower than the combination of the Ribbon read and connect timeout, 26000ms.
2018-07-31 20:14:28.913 [http-nio-8888-exec-3] WARN  org.springframework.cloud.netflix.zuul.filters.route.support.AbstractRibbonCommand - The Hystrix timeout of 13000ms for the command mirco-ancaiyun-performance-server is set lower than the combination of the Ribbon read and connect timeout, 26000ms.
2018-07-31 20:14:34.776 [http-nio-8888-exec-5] WARN  org.springframework.cloud.netflix.zuul.filters.route.support.AbstractRibbonCommand - The Hystrix timeout of 13000ms for the command mirco-ancaiyun-performance-server is set lower than the combination of the Ribbon read and connect timeout, 26000ms.
2018-07-31 20:14:40.151 [http-nio-8888-exec-4] WARN  org.springframework.cloud.netflix.zuul.filters.route.support.AbstractRibbonCommand - The Hystrix timeout of 13000ms for the command mirco-ancaiyun-performance-server is set lower than the combination of the Ribbon read and connect timeout, 26000ms.
2018-07-31 20:15:09.124 [http-nio-8888-exec-8] WARN  org.springframework.cloud.netflix.zuul.filters.route.support.AbstractRibbonCommand - The Hystrix timeout of 13000ms for the command mirco-ancaiyun-performance-server is set lower than the combination of the Ribbon read and connect timeout, 26000ms.
2018-07-31 20:15:53.812 [http-nio-8888-exec-9] WARN  org.springframework.cloud.netflix.zuul.filters.route.support.AbstractRibbonCommand - The Hystrix timeout of 13000ms for the command mirco-ancaiyun-performance-server is set lower than the combination of the Ribbon read and connect timeout, 26000ms.
2018-07-31 20:17:33.286 [http-nio-8888-exec-2] WARN  org.springframework.cloud.netflix.zuul.filters.route.support.AbstractRibbonCommand - The Hystrix timeout of 13000ms for the command mirco-ancaiyun-performance-server is set lower than the combination of the Ribbon read and connect timeout, 26000ms.
2018-07-31 20:17:36.752 [http-nio-8888-exec-6] WARN  org.springframework.cloud.netflix.zuul.filters.route.support.AbstractRibbonCommand - The Hystrix timeout of 13000ms for the command mirco-ancaiyun-performance-server is set lower than the combination of the Ribbon read and connect timeout, 26000ms.
2018-07-31 20:18:12.067 [http-nio-8888-exec-7] WARN  org.springframework.cloud.netflix.zuul.filters.route.support.AbstractRibbonCommand - The Hystrix timeout of 13000ms for the command mirco-ancaiyun-performance-server is set lower than the combination of the Ribbon read and connect timeout, 26000ms.
2018-07-31 20:18:41.012 [http-nio-8888-exec-3] WARN  org.springframework.cloud.netflix.zuul.filters.route.support.AbstractRibbonCommand - The Hystrix timeout of 13000ms for the command mirco-ancaiyun-performance-server is set lower than the combination of the Ribbon read and connect timeout, 26000ms.
2018-07-31 20:18:47.955 [http-nio-8888-exec-5] WARN  org.springframework.cloud.netflix.zuul.filters.route.support.AbstractRibbonCommand - The Hystrix timeout of 13000ms for the command mirco-ancaiyun-performance-server is set lower than the combination of the Ribbon read and connect timeout, 26000ms.
2018-07-31 20:18:59.820 [http-nio-8888-exec-4] WARN  org.springframework.cloud.netflix.zuul.filters.route.support.AbstractRibbonCommand - The Hystrix timeout of 13000ms for the command mirco-ancaiyun-performance-server is set lower than the combination of the Ribbon read and connect timeout, 26000ms.
2018-07-31 20:19:45.070 [http-nio-8888-exec-8] WARN  org.springframework.cloud.netflix.zuul.filters.route.support.AbstractRibbonCommand - The Hystrix timeout of 13000ms for the command mirco-ancaiyun-performance-server is set lower than the combination of the Ribbon read and connect timeout, 26000ms.
2018-07-31 20:20:17.696 [http-nio-8888-exec-9] WARN  org.springframework.cloud.netflix.zuul.filters.route.support.AbstractRibbonCommand - The Hystrix timeout of 13000ms for the command mirco-ancaiyun-performance-server is set lower than the combination of the Ribbon read and connect timeout, 26000ms.
2018-07-31 20:27:03.003 [http-nio-8888-exec-2] WARN  org.springframework.cloud.netflix.zuul.filters.route.support.AbstractRibbonCommand - The Hystrix timeout of 13000ms for the command mirco-ancaiyun-performance-server is set lower than the combination of the Ribbon read and connect timeout, 26000ms.
2018-07-31 20:28:49.286 [http-nio-8888-exec-3] WARN  org.springframework.cloud.netflix.zuul.filters.route.support.AbstractRibbonCommand - The Hystrix timeout of 13000ms for the command mirco-ancaiyun-performance-server is set lower than the combination of the Ribbon read and connect timeout, 26000ms.
