2018-07-26 11:53:33.786 [localhost-startStop-1] WARN  com.netflix.config.sources.URLConfigurationSource - No URLs will be polled as dynamic configuration sources.
2018-07-26 11:53:34.358 [main] WARN  com.netflix.config.sources.URLConfigurationSource - No URLs will be polled as dynamic configuration sources.
2018-07-26 11:57:04.750 [http-nio-8888-exec-2] WARN  org.springframework.cloud.netflix.zuul.filters.route.support.AbstractRibbonCommand - The Hystrix timeout of 13000ms for the command micro-ancaiyun-admin-server is set lower than the combination of the Ribbon read and connect timeout, 26000ms.
2018-07-26 11:57:06.134 [http-nio-8888-exec-3] WARN  org.springframework.cloud.netflix.zuul.filters.route.support.AbstractRibbonCommand - The Hystrix timeout of 13000ms for the command micro-ancaiyun-admin-sso-service is set lower than the combination of the Ribbon read and connect timeout, 26000ms.
2018-07-26 11:57:19.131 [http-nio-8888-exec-5] WARN  org.springframework.cloud.netflix.zuul.filters.route.support.AbstractRibbonCommand - The Hystrix timeout of 13000ms for the command micro-ancaiyun-admin-server is set lower than the combination of the Ribbon read and connect timeout, 26000ms.
2018-07-26 11:57:19.167 [http-nio-8888-exec-6] WARN  org.springframework.cloud.netflix.zuul.filters.route.support.AbstractRibbonCommand - The Hystrix timeout of 13000ms for the command micro-ancaiyun-admin-sso-service is set lower than the combination of the Ribbon read and connect timeout, 26000ms.
2018-07-26 11:57:23.688 [http-nio-8888-exec-7] WARN  org.springframework.cloud.netflix.zuul.filters.route.support.AbstractRibbonCommand - The Hystrix timeout of 13000ms for the command micro-ancaiyun-admin-server is set lower than the combination of the Ribbon read and connect timeout, 26000ms.
2018-07-26 14:17:24.374 [localhost-startStop-1] WARN  com.netflix.config.sources.URLConfigurationSource - No URLs will be polled as dynamic configuration sources.
2018-07-26 14:17:24.984 [main] WARN  com.netflix.config.sources.URLConfigurationSource - No URLs will be polled as dynamic configuration sources.
2018-07-26 14:35:48.546 [localhost-startStop-1] WARN  com.netflix.config.sources.URLConfigurationSource - No URLs will be polled as dynamic configuration sources.
2018-07-26 14:35:49.124 [main] WARN  com.netflix.config.sources.URLConfigurationSource - No URLs will be polled as dynamic configuration sources.
2018-07-26 14:38:15.710 [http-nio-8888-exec-1] WARN  org.springframework.cloud.netflix.zuul.filters.route.support.AbstractRibbonCommand - The Hystrix timeout of 13000ms for the command micro-ancaiyun-admin-server is set lower than the combination of the Ribbon read and connect timeout, 26000ms.
2018-07-26 14:38:17.645 [http-nio-8888-exec-3] WARN  org.springframework.cloud.netflix.zuul.filters.route.support.AbstractRibbonCommand - The Hystrix timeout of 13000ms for the command micro-ancaiyun-admin-server is set lower than the combination of the Ribbon read and connect timeout, 26000ms.
2018-07-26 14:38:27.063 [http-nio-8888-exec-4] WARN  org.springframework.cloud.netflix.zuul.filters.route.support.AbstractRibbonCommand - The Hystrix timeout of 13000ms for the command micro-ancaiyun-admin-server is set lower than the combination of the Ribbon read and connect timeout, 26000ms.
2018-07-26 14:38:27.947 [http-nio-8888-exec-5] WARN  org.springframework.cloud.netflix.zuul.filters.route.support.AbstractRibbonCommand - The Hystrix timeout of 13000ms for the command micro-ancaiyun-admin-sso-service is set lower than the combination of the Ribbon read and connect timeout, 26000ms.
2018-07-26 14:38:37.410 [http-nio-8888-exec-6] WARN  org.springframework.cloud.netflix.zuul.filters.route.support.AbstractRibbonCommand - The Hystrix timeout of 13000ms for the command micro-ancaiyun-admin-server is set lower than the combination of the Ribbon read and connect timeout, 26000ms.
2018-07-26 14:38:37.440 [http-nio-8888-exec-8] WARN  org.springframework.cloud.netflix.zuul.filters.route.support.AbstractRibbonCommand - The Hystrix timeout of 13000ms for the command micro-ancaiyun-admin-sso-service is set lower than the combination of the Ribbon read and connect timeout, 26000ms.
2018-07-26 14:41:23.893 [http-nio-8888-exec-2] WARN  org.springframework.cloud.netflix.zuul.filters.route.support.AbstractRibbonCommand - The Hystrix timeout of 13000ms for the command micro-ancaiyun-admin-server is set lower than the combination of the Ribbon read and connect timeout, 26000ms.
2018-07-26 14:41:24.775 [http-nio-8888-exec-1] WARN  org.springframework.cloud.netflix.zuul.filters.route.support.AbstractRibbonCommand - The Hystrix timeout of 13000ms for the command micro-ancaiyun-admin-sso-service is set lower than the combination of the Ribbon read and connect timeout, 26000ms.
2018-07-26 14:41:30.130 [http-nio-8888-exec-3] WARN  org.springframework.cloud.netflix.zuul.filters.route.support.AbstractRibbonCommand - The Hystrix timeout of 13000ms for the command micro-ancaiyun-admin-sso-service is set lower than the combination of the Ribbon read and connect timeout, 26000ms.
2018-07-26 14:41:38.295 [http-nio-8888-exec-4] WARN  org.springframework.cloud.netflix.zuul.filters.route.support.AbstractRibbonCommand - The Hystrix timeout of 13000ms for the command micro-ancaiyun-admin-server is set lower than the combination of the Ribbon read and connect timeout, 26000ms.
2018-07-26 14:41:38.327 [http-nio-8888-exec-7] WARN  org.springframework.cloud.netflix.zuul.filters.route.support.AbstractRibbonCommand - The Hystrix timeout of 13000ms for the command micro-ancaiyun-admin-sso-service is set lower than the combination of the Ribbon read and connect timeout, 26000ms.
2018-07-26 14:42:06.439 [http-nio-8888-exec-6] WARN  org.springframework.cloud.netflix.zuul.filters.route.support.AbstractRibbonCommand - The Hystrix timeout of 13000ms for the command micro-ancaiyun-admin-server is set lower than the combination of the Ribbon read and connect timeout, 26000ms.
2018-07-26 14:42:06.473 [http-nio-8888-exec-9] WARN  org.springframework.cloud.netflix.zuul.filters.route.support.AbstractRibbonCommand - The Hystrix timeout of 13000ms for the command micro-ancaiyun-admin-sso-service is set lower than the combination of the Ribbon read and connect timeout, 26000ms.
2018-07-26 14:42:36.626 [http-nio-8888-exec-10] WARN  org.springframework.cloud.netflix.zuul.filters.route.support.AbstractRibbonCommand - The Hystrix timeout of 13000ms for the command micro-ancaiyun-admin-server is set lower than the combination of the Ribbon read and connect timeout, 26000ms.
2018-07-26 14:42:57.422 [http-nio-8888-exec-1] WARN  org.springframework.cloud.netflix.zuul.filters.route.support.AbstractRibbonCommand - The Hystrix timeout of 13000ms for the command micro-ancaiyun-admin-server is set lower than the combination of the Ribbon read and connect timeout, 26000ms.
2018-07-26 14:42:57.453 [http-nio-8888-exec-2] WARN  org.springframework.cloud.netflix.zuul.filters.route.support.AbstractRibbonCommand - The Hystrix timeout of 13000ms for the command micro-ancaiyun-admin-sso-service is set lower than the combination of the Ribbon read and connect timeout, 26000ms.
2018-07-26 14:46:04.543 [http-nio-8888-exec-7] WARN  org.springframework.cloud.netflix.zuul.filters.route.support.AbstractRibbonCommand - The Hystrix timeout of 13000ms for the command micro-ancaiyun-admin-server is set lower than the combination of the Ribbon read and connect timeout, 26000ms.
2018-07-26 14:46:05.291 [http-nio-8888-exec-4] WARN  org.springframework.cloud.netflix.zuul.filters.route.support.AbstractRibbonCommand - The Hystrix timeout of 13000ms for the command micro-ancaiyun-admin-sso-service is set lower than the combination of the Ribbon read and connect timeout, 26000ms.
2018-07-26 14:47:04.851 [http-nio-8888-exec-9] WARN  org.springframework.cloud.netflix.zuul.filters.route.support.AbstractRibbonCommand - The Hystrix timeout of 13000ms for the command micro-ancaiyun-admin-server is set lower than the combination of the Ribbon read and connect timeout, 26000ms.
2018-07-26 14:47:04.894 [http-nio-8888-exec-6] WARN  org.springframework.cloud.netflix.zuul.filters.route.support.AbstractRibbonCommand - The Hystrix timeout of 13000ms for the command micro-ancaiyun-admin-sso-service is set lower than the combination of the Ribbon read and connect timeout, 26000ms.
2018-07-26 14:47:55.421 [http-nio-8888-exec-10] WARN  org.springframework.cloud.netflix.zuul.filters.route.support.AbstractRibbonCommand - The Hystrix timeout of 13000ms for the command micro-ancaiyun-admin-server is set lower than the combination of the Ribbon read and connect timeout, 26000ms.
2018-07-26 14:47:55.454 [http-nio-8888-exec-2] WARN  org.springframework.cloud.netflix.zuul.filters.route.support.AbstractRibbonCommand - The Hystrix timeout of 13000ms for the command micro-ancaiyun-admin-sso-service is set lower than the combination of the Ribbon read and connect timeout, 26000ms.
2018-07-26 14:50:20.185 [http-nio-8888-exec-4] WARN  org.springframework.cloud.netflix.zuul.filters.route.support.AbstractRibbonCommand - The Hystrix timeout of 13000ms for the command micro-ancaiyun-admin-server is set lower than the combination of the Ribbon read and connect timeout, 26000ms.
2018-07-26 14:50:20.215 [http-nio-8888-exec-7] WARN  org.springframework.cloud.netflix.zuul.filters.route.support.AbstractRibbonCommand - The Hystrix timeout of 13000ms for the command micro-ancaiyun-admin-sso-service is set lower than the combination of the Ribbon read and connect timeout, 26000ms.
2018-07-26 14:50:28.970 [http-nio-8888-exec-8] WARN  org.springframework.cloud.netflix.zuul.filters.route.support.AbstractRibbonCommand - The Hystrix timeout of 13000ms for the command micro-ancaiyun-admin-sso-service is set lower than the combination of the Ribbon read and connect timeout, 26000ms.
2018-07-26 14:50:54.521 [http-nio-8888-exec-6] WARN  org.springframework.cloud.netflix.zuul.filters.route.support.AbstractRibbonCommand - The Hystrix timeout of 13000ms for the command micro-ancaiyun-admin-server is set lower than the combination of the Ribbon read and connect timeout, 26000ms.
2018-07-26 14:50:54.553 [http-nio-8888-exec-9] WARN  org.springframework.cloud.netflix.zuul.filters.route.support.AbstractRibbonCommand - The Hystrix timeout of 13000ms for the command micro-ancaiyun-admin-sso-service is set lower than the combination of the Ribbon read and connect timeout, 26000ms.
2018-07-26 14:51:03.467 [http-nio-8888-exec-2] WARN  org.springframework.cloud.netflix.zuul.filters.route.support.AbstractRibbonCommand - The Hystrix timeout of 13000ms for the command micro-ancaiyun-admin-server is set lower than the combination of the Ribbon read and connect timeout, 26000ms.
2018-07-26 14:51:03.497 [http-nio-8888-exec-10] WARN  org.springframework.cloud.netflix.zuul.filters.route.support.AbstractRibbonCommand - The Hystrix timeout of 13000ms for the command micro-ancaiyun-admin-sso-service is set lower than the combination of the Ribbon read and connect timeout, 26000ms.
2018-07-26 14:51:10.995 [http-nio-8888-exec-1] WARN  org.springframework.cloud.netflix.zuul.filters.route.support.AbstractRibbonCommand - The Hystrix timeout of 13000ms for the command micro-ancaiyun-admin-server is set lower than the combination of the Ribbon read and connect timeout, 26000ms.
2018-07-26 14:51:11.024 [http-nio-8888-exec-3] WARN  org.springframework.cloud.netflix.zuul.filters.route.support.AbstractRibbonCommand - The Hystrix timeout of 13000ms for the command micro-ancaiyun-admin-sso-service is set lower than the combination of the Ribbon read and connect timeout, 26000ms.
2018-07-26 14:51:21.271 [http-nio-8888-exec-7] WARN  org.springframework.cloud.netflix.zuul.filters.route.support.AbstractRibbonCommand - The Hystrix timeout of 13000ms for the command micro-ancaiyun-admin-server is set lower than the combination of the Ribbon read and connect timeout, 26000ms.
2018-07-26 14:51:21.304 [http-nio-8888-exec-4] WARN  org.springframework.cloud.netflix.zuul.filters.route.support.AbstractRibbonCommand - The Hystrix timeout of 13000ms for the command micro-ancaiyun-admin-sso-service is set lower than the combination of the Ribbon read and connect timeout, 26000ms.
2018-07-26 14:51:33.362 [http-nio-8888-exec-8] WARN  org.springframework.cloud.netflix.zuul.filters.route.support.AbstractRibbonCommand - The Hystrix timeout of 13000ms for the command micro-ancaiyun-admin-server is set lower than the combination of the Ribbon read and connect timeout, 26000ms.
2018-07-26 14:51:33.393 [http-nio-8888-exec-9] WARN  org.springframework.cloud.netflix.zuul.filters.route.support.AbstractRibbonCommand - The Hystrix timeout of 13000ms for the command micro-ancaiyun-admin-sso-service is set lower than the combination of the Ribbon read and connect timeout, 26000ms.
2018-07-26 14:52:46.773 [http-nio-8888-exec-2] WARN  org.springframework.cloud.netflix.zuul.filters.route.support.AbstractRibbonCommand - The Hystrix timeout of 13000ms for the command micro-ancaiyun-admin-server is set lower than the combination of the Ribbon read and connect timeout, 26000ms.
2018-07-26 14:53:26.088 [http-nio-8888-exec-1] WARN  org.springframework.cloud.netflix.zuul.filters.route.support.AbstractRibbonCommand - The Hystrix timeout of 13000ms for the command micro-ancaiyun-admin-server is set lower than the combination of the Ribbon read and connect timeout, 26000ms.
2018-07-26 14:53:26.835 [http-nio-8888-exec-5] WARN  org.springframework.cloud.netflix.zuul.filters.route.support.AbstractRibbonCommand - The Hystrix timeout of 13000ms for the command micro-ancaiyun-admin-sso-service is set lower than the combination of the Ribbon read and connect timeout, 26000ms.
2018-07-26 16:52:09.339 [localhost-startStop-1] WARN  com.netflix.config.sources.URLConfigurationSource - No URLs will be polled as dynamic configuration sources.
2018-07-26 16:52:09.910 [main] WARN  com.netflix.config.sources.URLConfigurationSource - No URLs will be polled as dynamic configuration sources.
2018-07-26 17:07:46.005 [http-nio-8888-exec-2] WARN  org.springframework.cloud.netflix.zuul.filters.route.support.AbstractRibbonCommand - The Hystrix timeout of 13000ms for the command mirco-ancaiyun-performance-server is set lower than the combination of the Ribbon read and connect timeout, 26000ms.
2018-07-26 17:28:47.449 [http-nio-8888-exec-5] WARN  org.springframework.cloud.netflix.zuul.filters.route.support.AbstractRibbonCommand - The Hystrix timeout of 13000ms for the command mirco-ancaiyun-performance-server is set lower than the combination of the Ribbon read and connect timeout, 26000ms.
2018-07-26 17:28:58.538 [http-nio-8888-exec-6] WARN  org.springframework.cloud.netflix.zuul.filters.route.support.AbstractRibbonCommand - The Hystrix timeout of 13000ms for the command mirco-ancaiyun-performance-server is set lower than the combination of the Ribbon read and connect timeout, 26000ms.
2018-07-26 17:28:59.624 [http-nio-8888-exec-7] WARN  org.springframework.cloud.netflix.zuul.filters.route.support.AbstractRibbonCommand - The Hystrix timeout of 13000ms for the command mirco-ancaiyun-performance-server is set lower than the combination of the Ribbon read and connect timeout, 26000ms.
2018-07-26 17:29:04.160 [http-nio-8888-exec-9] WARN  org.springframework.cloud.netflix.zuul.filters.route.support.AbstractRibbonCommand - The Hystrix timeout of 13000ms for the command mirco-ancaiyun-performance-server is set lower than the combination of the Ribbon read and connect timeout, 26000ms.
2018-07-26 17:30:07.957 [http-nio-8888-exec-1] WARN  org.springframework.cloud.netflix.zuul.filters.route.support.AbstractRibbonCommand - The Hystrix timeout of 13000ms for the command mirco-ancaiyun-performance-server is set lower than the combination of the Ribbon read and connect timeout, 26000ms.
2018-07-26 19:01:53.876 [http-nio-8888-exec-4] WARN  org.springframework.cloud.netflix.zuul.filters.route.support.AbstractRibbonCommand - The Hystrix timeout of 13000ms for the command mirco-ancaiyun-performance-server is set lower than the combination of the Ribbon read and connect timeout, 26000ms.
2018-07-26 19:01:58.372 [http-nio-8888-exec-6] WARN  org.springframework.cloud.netflix.zuul.filters.route.support.AbstractRibbonCommand - The Hystrix timeout of 13000ms for the command mirco-ancaiyun-performance-server is set lower than the combination of the Ribbon read and connect timeout, 26000ms.
2018-07-26 19:02:27.380 [localhost-startStop-1] WARN  com.netflix.config.sources.URLConfigurationSource - No URLs will be polled as dynamic configuration sources.
2018-07-26 19:02:27.905 [main] WARN  com.netflix.config.sources.URLConfigurationSource - No URLs will be polled as dynamic configuration sources.
2018-07-26 19:03:09.190 [http-nio-8888-exec-2] WARN  org.springframework.cloud.netflix.zuul.filters.route.support.AbstractRibbonCommand - The Hystrix timeout of 13000ms for the command mirco-ancaiyun-performance-server is set lower than the combination of the Ribbon read and connect timeout, 26000ms.
2018-07-26 19:17:55.043 [localhost-startStop-1] WARN  com.netflix.config.sources.URLConfigurationSource - No URLs will be polled as dynamic configuration sources.
2018-07-26 19:17:56.364 [main] WARN  com.netflix.config.sources.URLConfigurationSource - No URLs will be polled as dynamic configuration sources.
