2018-07-27 08:41:18.560 [main] INFO  org.springframework.context.annotation.AnnotationConfigApplicationContext - Refreshing org.springframework.context.annotation.AnnotationConfigApplicationContext@3943a2be: startup date [Fri Jul 27 08:41:18 CST 2018]; root of context hierarchy
2018-07-27 08:41:18.843 [main] INFO  org.springframework.beans.factory.annotation.AutowiredAnnotationBeanPostProcessor - JSR-330 'javax.inject.Inject' annotation found and supported for autowiring
2018-07-27 08:41:18.893 [main] INFO  org.springframework.context.support.PostProcessorRegistrationDelegate$BeanPostProcessorChecker - Bean 'configurationPropertiesRebinderAutoConfiguration' of type [org.springframework.cloud.autoconfigure.ConfigurationPropertiesRebinderAutoConfiguration$$EnhancerBySpringCGLIB$$b26de5ac] is not eligible for getting processed by all BeanPostProcessors (for example: not eligible for auto-proxying)
2018-07-27 08:41:20.251 [main] INFO  com.ancaiyun.MicroAncaiyunZuulApplication - No active profile set, falling back to default profiles: default
2018-07-27 08:41:20.365 [main] INFO  org.springframework.boot.web.servlet.context.AnnotationConfigServletWebServerApplicationContext - Refreshing org.springframework.boot.web.servlet.context.AnnotationConfigServletWebServerApplicationContext@c94fd30: startup date [Fri Jul 27 08:41:20 CST 2018]; parent: org.springframework.context.annotation.AnnotationConfigApplicationContext@3943a2be
2018-07-27 08:41:20.813 [main] INFO  org.springframework.beans.factory.support.DefaultListableBeanFactory - Overriding bean definition for bean 'environmentWebEndpointExtension' with a different definition: replacing [Root bean: class [null]; scope=; abstract=false; lazyInit=false; autowireMode=3; dependencyCheck=0; autowireCandidate=true; primary=false; factoryBeanName=org.springframework.boot.actuate.autoconfigure.env.EnvironmentEndpointAutoConfiguration; factoryMethodName=environmentWebEndpointExtension; initMethodName=null; destroyMethodName=(inferred); defined in class path resource [org/springframework/boot/actuate/autoconfigure/env/EnvironmentEndpointAutoConfiguration.class]] with [Root bean: class [null]; scope=; abstract=false; lazyInit=false; autowireMode=3; dependencyCheck=0; autowireCandidate=true; primary=false; factoryBeanName=org.springframework.cloud.autoconfigure.LifecycleMvcEndpointAutoConfiguration$EndpointConfiguration; factoryMethodName=environmentWebEndpointExtension; initMethodName=null; destroyMethodName=(inferred); defined in class path resource [org/springframework/cloud/autoconfigure/LifecycleMvcEndpointAutoConfiguration$EndpointConfiguration.class]]
2018-07-27 08:41:20.878 [main] INFO  org.springframework.beans.factory.support.DefaultListableBeanFactory - Overriding bean definition for bean 'proxyRequestHelper' with a different definition: replacing [Root bean: class [null]; scope=; abstract=false; lazyInit=false; autowireMode=3; dependencyCheck=0; autowireCandidate=true; primary=false; factoryBeanName=org.springframework.cloud.netflix.zuul.ZuulProxyAutoConfiguration$EndpointConfiguration; factoryMethodName=proxyRequestHelper; initMethodName=null; destroyMethodName=(inferred); defined in class path resource [org/springframework/cloud/netflix/zuul/ZuulProxyAutoConfiguration$EndpointConfiguration.class]] with [Root bean: class [null]; scope=; abstract=false; lazyInit=false; autowireMode=3; dependencyCheck=0; autowireCandidate=true; primary=false; factoryBeanName=org.springframework.cloud.netflix.zuul.ZuulProxyAutoConfiguration$NoActuatorConfiguration; factoryMethodName=proxyRequestHelper; initMethodName=null; destroyMethodName=(inferred); defined in class path resource [org/springframework/cloud/netflix/zuul/ZuulProxyAutoConfiguration$NoActuatorConfiguration.class]]
2018-07-27 08:41:20.918 [main] INFO  org.springframework.beans.factory.support.DefaultListableBeanFactory - Overriding bean definition for bean 'counterFactory' with a different definition: replacing [Root bean: class [null]; scope=; abstract=false; lazyInit=false; autowireMode=3; dependencyCheck=0; autowireCandidate=true; primary=false; factoryBeanName=org.springframework.cloud.netflix.zuul.ZuulServerAutoConfiguration$ZuulMetricsConfiguration; factoryMethodName=counterFactory; initMethodName=null; destroyMethodName=(inferred); defined in class path resource [org/springframework/cloud/netflix/zuul/ZuulServerAutoConfiguration$ZuulMetricsConfiguration.class]] with [Root bean: class [null]; scope=; abstract=false; lazyInit=false; autowireMode=3; dependencyCheck=0; autowireCandidate=true; primary=false; factoryBeanName=org.springframework.cloud.netflix.zuul.ZuulServerAutoConfiguration$ZuulCounterFactoryConfiguration; factoryMethodName=counterFactory; initMethodName=null; destroyMethodName=(inferred); defined in class path resource [org/springframework/cloud/netflix/zuul/ZuulServerAutoConfiguration$ZuulCounterFactoryConfiguration.class]]
2018-07-27 08:41:21.120 [main] INFO  org.springframework.cloud.context.scope.GenericScope - BeanFactory id=8374500a-04ba-3d2c-aa21-62c0b6943d6a
2018-07-27 08:41:21.170 [main] INFO  org.springframework.beans.factory.annotation.AutowiredAnnotationBeanPostProcessor - JSR-330 'javax.inject.Inject' annotation found and supported for autowiring
2018-07-27 08:41:21.348 [main] INFO  org.springframework.context.support.PostProcessorRegistrationDelegate$BeanPostProcessorChecker - Bean 'org.springframework.cloud.autoconfigure.ConfigurationPropertiesRebinderAutoConfiguration' of type [org.springframework.cloud.autoconfigure.ConfigurationPropertiesRebinderAutoConfiguration$$EnhancerBySpringCGLIB$$b26de5ac] is not eligible for getting processed by all BeanPostProcessors (for example: not eligible for auto-proxying)
2018-07-27 08:41:21.567 [main] INFO  org.springframework.boot.web.embedded.tomcat.TomcatWebServer - Tomcat initialized with port(s): 8888 (http)
2018-07-27 08:41:21.600 [main] INFO  org.apache.coyote.http11.Http11NioProtocol - Initializing ProtocolHandler ["http-nio-8888"]
2018-07-27 08:41:21.642 [main] INFO  org.apache.catalina.core.StandardService - Starting service [Tomcat]
2018-07-27 08:41:21.667 [main] INFO  org.apache.catalina.core.StandardEngine - Starting Servlet Engine: Apache Tomcat/8.5.29
2018-07-27 08:41:21.705 [localhost-startStop-1] INFO  org.apache.catalina.core.AprLifecycleListener - The APR based Apache Tomcat Native library which allows optimal performance in production environments was not found on the java.library.path: [D:\houtai\jdk\bin;C:\WINDOWS\Sun\Java\bin;C:\WINDOWS\system32;C:\WINDOWS;D:\houtai\jdk\bin;C:\ProgramData\Oracle\Java\javapath;F:\springboot\spring-boot-cli-1.3.0.BUILD-SNAPSHOT-bin\spring-1.3.0.BUILD-SNAPSHOT\bin;C:\WINDOWS\system32;C:\WINDOWS;C:\WINDOWS\System32\Wbem;C:\WINDOWS\System32\WindowsPowerShell\v1.0\;C:\WINDOWS\System32\OpenSSH\;D:\houtai\node_js\;E:\git\Git\cmd;F:\python\learn\Scripts\;F:\python\learn\;D:\houtai\jdk\bin;C:\Users\Administrator\AppData\Local\Microsoft\WindowsApps;C:\Users\Administrator\AppData\Roaming\npm;.]
2018-07-27 08:41:21.956 [localhost-startStop-1] INFO  org.apache.catalina.core.ContainerBase.[Tomcat].[localhost].[/] - Initializing Spring embedded WebApplicationContext
2018-07-27 08:41:21.983 [localhost-startStop-1] INFO  org.springframework.web.context.ContextLoader - Root WebApplicationContext: initialization completed in 1618 ms
2018-07-27 08:41:23.431 [localhost-startStop-1] INFO  org.springframework.cloud.commons.util.InetUtils - Cannot determine local hostname
2018-07-27 08:41:24.655 [localhost-startStop-1] INFO  org.springframework.cloud.commons.util.InetUtils - Cannot determine local hostname
2018-07-27 08:41:25.153 [localhost-startStop-1] INFO  com.netflix.config.sources.URLConfigurationSource - To enable URLs as dynamic configuration sources, define System property archaius.configurationSource.additionalUrls or make config.properties available on classpath.
2018-07-27 08:41:25.192 [localhost-startStop-1] INFO  com.netflix.config.DynamicPropertyFactory - DynamicPropertyFactory is initialized with configuration sources: com.netflix.config.ConcurrentCompositeConfiguration@48ad5742
2018-07-27 08:41:25.334 [localhost-startStop-1] INFO  org.springframework.boot.web.servlet.ServletRegistrationBean - Servlet dispatcherServlet mapped to [/]
2018-07-27 08:41:25.363 [localhost-startStop-1] INFO  org.springframework.boot.web.servlet.ServletRegistrationBean - Servlet zuulServlet mapped to [/zuul/*]
2018-07-27 08:41:25.392 [localhost-startStop-1] INFO  org.springframework.boot.web.servlet.FilterRegistrationBean - Mapping filter: 'characterEncodingFilter' to: [/*]
2018-07-27 08:41:25.417 [localhost-startStop-1] INFO  org.springframework.boot.web.servlet.FilterRegistrationBean - Mapping filter: 'hiddenHttpMethodFilter' to: [/*]
2018-07-27 08:41:25.446 [localhost-startStop-1] INFO  org.springframework.boot.web.servlet.FilterRegistrationBean - Mapping filter: 'httpPutFormContentFilter' to: [/*]
2018-07-27 08:41:25.473 [localhost-startStop-1] INFO  org.springframework.boot.web.servlet.FilterRegistrationBean - Mapping filter: 'requestContextFilter' to: [/*]
2018-07-27 08:41:25.501 [localhost-startStop-1] INFO  org.springframework.boot.web.servlet.FilterRegistrationBean - Mapping filter: 'httpTraceFilter' to: [/*]
2018-07-27 08:41:25.530 [localhost-startStop-1] INFO  org.springframework.boot.web.servlet.FilterRegistrationBean - Mapping filter: 'webMvcMetricsFilter' to: [/*]
2018-07-27 08:41:25.662 [main] INFO  com.netflix.config.sources.URLConfigurationSource - To enable URLs as dynamic configuration sources, define System property archaius.configurationSource.additionalUrls or make config.properties available on classpath.
2018-07-27 08:41:25.796 [main] INFO  org.springframework.web.servlet.handler.SimpleUrlHandlerMapping - Mapped URL path [/**/favicon.ico] onto handler of type [class org.springframework.web.servlet.resource.ResourceHttpRequestHandler]
2018-07-27 08:41:25.961 [main] INFO  org.springframework.web.servlet.mvc.method.annotation.RequestMappingHandlerAdapter - Looking for @ControllerAdvice: org.springframework.boot.web.servlet.context.AnnotationConfigServletWebServerApplicationContext@c94fd30: startup date [Fri Jul 27 08:41:20 CST 2018]; parent: org.springframework.context.annotation.AnnotationConfigApplicationContext@3943a2be
2018-07-27 08:41:26.025 [main] INFO  org.springframework.web.servlet.mvc.method.annotation.RequestMappingHandlerMapping - Mapped "{[/error]}" onto public org.springframework.http.ResponseEntity<java.util.Map<java.lang.String, java.lang.Object>> org.springframework.boot.autoconfigure.web.servlet.error.BasicErrorController.error(javax.servlet.http.HttpServletRequest)
2018-07-27 08:41:26.051 [main] INFO  org.springframework.web.servlet.mvc.method.annotation.RequestMappingHandlerMapping - Mapped "{[/error],produces=[text/html]}" onto public org.springframework.web.servlet.ModelAndView org.springframework.boot.autoconfigure.web.servlet.error.BasicErrorController.errorHtml(javax.servlet.http.HttpServletRequest,javax.servlet.http.HttpServletResponse)
2018-07-27 08:41:26.111 [main] INFO  org.springframework.web.servlet.handler.SimpleUrlHandlerMapping - Mapped URL path [/webjars/**] onto handler of type [class org.springframework.web.servlet.resource.ResourceHttpRequestHandler]
2018-07-27 08:41:26.138 [main] INFO  org.springframework.web.servlet.handler.SimpleUrlHandlerMapping - Mapped URL path [/**] onto handler of type [class org.springframework.web.servlet.resource.ResourceHttpRequestHandler]
2018-07-27 08:41:26.486 [main] INFO  org.springframework.ui.freemarker.SpringTemplateLoader - SpringTemplateLoader for FreeMarker: using resource loader [org.springframework.boot.web.servlet.context.AnnotationConfigServletWebServerApplicationContext@c94fd30: startup date [Fri Jul 27 08:41:20 CST 2018]; parent: org.springframework.context.annotation.AnnotationConfigApplicationContext@3943a2be] and template loader path [classpath:/templates/]
2018-07-27 08:41:26.513 [main] INFO  org.springframework.web.servlet.view.freemarker.FreeMarkerConfigurer - ClassTemplateLoader for Spring macros added to FreeMarker configuration
2018-07-27 08:41:27.060 [main] INFO  org.springframework.cloud.netflix.zuul.ZuulFilterInitializer - Starting filter initializer
2018-07-27 08:41:27.133 [main] INFO  org.springframework.boot.actuate.endpoint.web.EndpointLinksResolver - Exposing 2 endpoint(s) beneath base path '/actuator'
2018-07-27 08:41:27.168 [main] INFO  org.springframework.boot.actuate.endpoint.web.servlet.WebMvcEndpointHandlerMapping - Mapped "{[/actuator/health],methods=[GET],produces=[application/vnd.spring-boot.actuator.v2+json || application/json]}" onto public java.lang.Object org.springframework.boot.actuate.endpoint.web.servlet.AbstractWebMvcEndpointHandlerMapping$OperationHandler.handle(javax.servlet.http.HttpServletRequest,java.util.Map<java.lang.String, java.lang.String>)
2018-07-27 08:41:27.195 [main] INFO  org.springframework.boot.actuate.endpoint.web.servlet.WebMvcEndpointHandlerMapping - Mapped "{[/actuator/info],methods=[GET],produces=[application/vnd.spring-boot.actuator.v2+json || application/json]}" onto public java.lang.Object org.springframework.boot.actuate.endpoint.web.servlet.AbstractWebMvcEndpointHandlerMapping$OperationHandler.handle(javax.servlet.http.HttpServletRequest,java.util.Map<java.lang.String, java.lang.String>)
2018-07-27 08:41:27.223 [main] INFO  org.springframework.boot.actuate.endpoint.web.servlet.WebMvcEndpointHandlerMapping - Mapped "{[/actuator],methods=[GET],produces=[application/vnd.spring-boot.actuator.v2+json || application/json]}" onto protected java.util.Map<java.lang.String, java.util.Map<java.lang.String, org.springframework.boot.actuate.endpoint.web.Link>> org.springframework.boot.actuate.endpoint.web.servlet.WebMvcEndpointHandlerMapping.links(javax.servlet.http.HttpServletRequest,javax.servlet.http.HttpServletResponse)
2018-07-27 08:41:27.334 [main] INFO  org.springframework.jmx.export.annotation.AnnotationMBeanExporter - Registering beans for JMX exposure on startup
2018-07-27 08:41:27.369 [main] INFO  org.springframework.jmx.export.annotation.AnnotationMBeanExporter - Bean with name 'configurationPropertiesRebinder' has been autodetected for JMX exposure
2018-07-27 08:41:27.397 [main] INFO  org.springframework.jmx.export.annotation.AnnotationMBeanExporter - Bean with name 'environmentManager' has been autodetected for JMX exposure
2018-07-27 08:41:27.426 [main] INFO  org.springframework.jmx.export.annotation.AnnotationMBeanExporter - Bean with name 'refreshScope' has been autodetected for JMX exposure
2018-07-27 08:41:27.456 [main] INFO  org.springframework.jmx.export.annotation.AnnotationMBeanExporter - Located managed bean 'environmentManager': registering with JMX server as MBean [org.springframework.cloud.context.environment:name=environmentManager,type=EnvironmentManager]
2018-07-27 08:41:27.500 [main] INFO  org.springframework.jmx.export.annotation.AnnotationMBeanExporter - Located managed bean 'refreshScope': registering with JMX server as MBean [org.springframework.cloud.context.scope.refresh:name=refreshScope,type=RefreshScope]
2018-07-27 08:41:27.547 [main] INFO  org.springframework.jmx.export.annotation.AnnotationMBeanExporter - Located managed bean 'configurationPropertiesRebinder': registering with JMX server as MBean [org.springframework.cloud.context.properties:name=configurationPropertiesRebinder,context=c94fd30,type=ConfigurationPropertiesRebinder]
2018-07-27 08:41:27.583 [main] INFO  org.springframework.context.support.DefaultLifecycleProcessor - Starting beans in phase 0
2018-07-27 08:41:27.612 [main] INFO  org.springframework.cloud.netflix.eureka.InstanceInfoFactory - Setting initial instance status as: STARTING
2018-07-27 08:41:27.681 [main] INFO  com.netflix.discovery.DiscoveryClient - Initializing Eureka in region us-east-1
2018-07-27 08:41:27.746 [main] INFO  com.netflix.discovery.provider.DiscoveryJerseyProvider - Using JSON encoding codec LegacyJacksonJson
2018-07-27 08:41:27.774 [main] INFO  com.netflix.discovery.provider.DiscoveryJerseyProvider - Using JSON decoding codec LegacyJacksonJson
2018-07-27 08:41:27.877 [main] INFO  com.netflix.discovery.provider.DiscoveryJerseyProvider - Using XML encoding codec XStreamXml
2018-07-27 08:41:27.903 [main] INFO  com.netflix.discovery.provider.DiscoveryJerseyProvider - Using XML decoding codec XStreamXml
2018-07-27 08:41:28.116 [main] INFO  com.netflix.discovery.shared.resolver.aws.ConfigClusterResolver - Resolving eureka endpoints via configuration
2018-07-27 08:41:28.212 [main] INFO  com.netflix.discovery.DiscoveryClient - Disable delta property : false
2018-07-27 08:41:28.238 [main] INFO  com.netflix.discovery.DiscoveryClient - Single vip registry refresh property : null
2018-07-27 08:41:28.266 [main] INFO  com.netflix.discovery.DiscoveryClient - Force full registry fetch : false
2018-07-27 08:41:28.293 [main] INFO  com.netflix.discovery.DiscoveryClient - Application is null : false
2018-07-27 08:41:28.320 [main] INFO  com.netflix.discovery.DiscoveryClient - Registered Applications size is zero : true
2018-07-27 08:41:28.347 [main] INFO  com.netflix.discovery.DiscoveryClient - Application version is -1: true
2018-07-27 08:41:28.373 [main] INFO  com.netflix.discovery.DiscoveryClient - Getting all instance registry info from the eureka server
2018-07-27 08:41:28.573 [main] INFO  com.netflix.discovery.DiscoveryClient - The response status is 200
2018-07-27 08:41:28.603 [main] INFO  com.netflix.discovery.DiscoveryClient - Starting heartbeat executor: renew interval is: 30
2018-07-27 08:41:28.635 [main] INFO  com.netflix.discovery.InstanceInfoReplicator - InstanceInfoReplicator onDemand update allowed rate per min is 4
2018-07-27 08:41:28.673 [main] INFO  com.netflix.discovery.DiscoveryClient - Discovery Client initialized at timestamp 1532652088669 with initial instances count: 0
2018-07-27 08:41:28.710 [main] INFO  org.springframework.cloud.netflix.eureka.serviceregistry.EurekaServiceRegistry - Registering application micro-ancaiyun-zuul with eureka with status UP
2018-07-27 08:41:28.736 [main] INFO  com.netflix.discovery.DiscoveryClient - Saw local status change event StatusChangeEvent [timestamp=1532652088735, current=UP, previous=STARTING]
2018-07-27 08:41:28.764 [DiscoveryClient-InstanceInfoReplicator-0] INFO  com.netflix.discovery.DiscoveryClient - DiscoveryClient_MICRO-ANCAIYUN-ZUUL/localhost:micro-ancaiyun-zuul:8888: registering service...
2018-07-27 08:41:28.797 [main] INFO  org.apache.coyote.http11.Http11NioProtocol - Starting ProtocolHandler ["http-nio-8888"]
2018-07-27 08:41:28.831 [main] INFO  org.apache.tomcat.util.net.NioSelectorPool - Using a shared selector for servlet write/read
2018-07-27 08:41:28.865 [DiscoveryClient-InstanceInfoReplicator-0] INFO  com.netflix.discovery.DiscoveryClient - DiscoveryClient_MICRO-ANCAIYUN-ZUUL/localhost:micro-ancaiyun-zuul:8888 - registration status: 204
2018-07-27 08:41:28.873 [main] INFO  org.springframework.boot.web.embedded.tomcat.TomcatWebServer - Tomcat started on port(s): 8888 (http) with context path ''
2018-07-27 08:41:28.955 [main] INFO  org.springframework.cloud.netflix.eureka.serviceregistry.EurekaAutoServiceRegistration - Updating port to 8888
2018-07-27 08:41:28.988 [main] INFO  com.ancaiyun.MicroAncaiyunZuulApplication - Started MicroAncaiyunZuulApplication in 11.934 seconds (JVM running for 12.965)
2018-07-27 08:41:29.503 [RMI TCP Connection(8)-127.0.0.1] INFO  org.apache.catalina.core.ContainerBase.[Tomcat].[localhost].[/] - Initializing Spring FrameworkServlet 'dispatcherServlet'
2018-07-27 08:41:29.536 [RMI TCP Connection(8)-127.0.0.1] INFO  org.springframework.web.servlet.DispatcherServlet - FrameworkServlet 'dispatcherServlet': initialization started
2018-07-27 08:41:29.590 [RMI TCP Connection(8)-127.0.0.1] INFO  org.springframework.web.servlet.DispatcherServlet - FrameworkServlet 'dispatcherServlet': initialization completed in 22 ms
2018-07-27 08:41:58.605 [DiscoveryClient-CacheRefreshExecutor-0] INFO  com.netflix.discovery.DiscoveryClient - Disable delta property : false
2018-07-27 08:41:58.632 [DiscoveryClient-CacheRefreshExecutor-0] INFO  com.netflix.discovery.DiscoveryClient - Single vip registry refresh property : null
2018-07-27 08:41:58.656 [DiscoveryClient-CacheRefreshExecutor-0] INFO  com.netflix.discovery.DiscoveryClient - Force full registry fetch : false
2018-07-27 08:41:58.683 [DiscoveryClient-CacheRefreshExecutor-0] INFO  com.netflix.discovery.DiscoveryClient - Application is null : false
2018-07-27 08:41:58.713 [DiscoveryClient-CacheRefreshExecutor-0] INFO  com.netflix.discovery.DiscoveryClient - Registered Applications size is zero : true
2018-07-27 08:41:58.741 [DiscoveryClient-CacheRefreshExecutor-0] INFO  com.netflix.discovery.DiscoveryClient - Application version is -1: false
2018-07-27 08:41:58.768 [DiscoveryClient-CacheRefreshExecutor-0] INFO  com.netflix.discovery.DiscoveryClient - Getting all instance registry info from the eureka server
2018-07-27 08:41:58.861 [DiscoveryClient-CacheRefreshExecutor-0] INFO  com.netflix.discovery.DiscoveryClient - The response status is 200
2018-07-27 08:46:26.693 [http-nio-8888-exec-4] INFO  org.springframework.cloud.netflix.zuul.web.ZuulHandlerMapping - Mapped URL path [/admin-server/**] onto handler of type [class org.springframework.cloud.netflix.zuul.web.ZuulController]
2018-07-27 08:46:26.751 [http-nio-8888-exec-4] INFO  org.springframework.cloud.netflix.zuul.web.ZuulHandlerMapping - Mapped URL path [/admin-sso/**] onto handler of type [class org.springframework.cloud.netflix.zuul.web.ZuulController]
2018-07-27 08:46:26.888 [http-nio-8888-exec-4] INFO  org.springframework.cloud.netflix.zuul.web.ZuulHandlerMapping - Mapped URL path [/material/**] onto handler of type [class org.springframework.cloud.netflix.zuul.web.ZuulController]
2018-07-27 08:46:27.024 [http-nio-8888-exec-4] INFO  org.springframework.cloud.netflix.zuul.web.ZuulHandlerMapping - Mapped URL path [/project/**] onto handler of type [class org.springframework.cloud.netflix.zuul.web.ZuulController]
2018-07-27 08:46:27.157 [http-nio-8888-exec-4] INFO  org.springframework.cloud.netflix.zuul.web.ZuulHandlerMapping - Mapped URL path [/performance/**] onto handler of type [class org.springframework.cloud.netflix.zuul.web.ZuulController]
2018-07-27 08:46:27.288 [http-nio-8888-exec-4] INFO  org.springframework.cloud.netflix.zuul.web.ZuulHandlerMapping - Mapped URL path [/micro-ancaiyun-admin-sso-service/**] onto handler of type [class org.springframework.cloud.netflix.zuul.web.ZuulController]
2018-07-27 08:46:27.487 [http-nio-8888-exec-4] INFO  org.springframework.context.annotation.AnnotationConfigApplicationContext - Refreshing SpringClientFactory-micro-ancaiyun-admin-sso-service: startup date [Fri Jul 27 08:46:27 CST 2018]; parent: org.springframework.boot.web.servlet.context.AnnotationConfigServletWebServerApplicationContext@c94fd30
2018-07-27 08:46:27.566 [http-nio-8888-exec-4] INFO  org.springframework.beans.factory.annotation.AutowiredAnnotationBeanPostProcessor - JSR-330 'javax.inject.Inject' annotation found and supported for autowiring
2018-07-27 08:46:27.742 [http-nio-8888-exec-4] INFO  com.netflix.config.ChainedDynamicProperty - Flipping property: micro-ancaiyun-admin-sso-service.ribbon.ActiveConnectionsLimit to use NEXT property: niws.loadbalancer.availabilityFilteringRule.activeConnectionsLimit = 2147483647
2018-07-27 08:46:27.783 [http-nio-8888-exec-4] INFO  com.netflix.util.concurrent.ShutdownEnabledTimer - Shutdown hook installed for: NFLoadBalancer-PingTimer-micro-ancaiyun-admin-sso-service
2018-07-27 08:46:27.824 [http-nio-8888-exec-4] INFO  com.netflix.loadbalancer.BaseLoadBalancer - Client: micro-ancaiyun-admin-sso-service instantiated a LoadBalancer: DynamicServerListLoadBalancer:{NFLoadBalancer:name=micro-ancaiyun-admin-sso-service,current list of Servers=[],Load balancer stats=Zone stats: {},Server stats: []}ServerList:null
2018-07-27 08:46:27.855 [http-nio-8888-exec-4] INFO  com.netflix.loadbalancer.DynamicServerListLoadBalancer - Using serverListUpdater PollingServerListUpdater
2018-07-27 08:46:27.896 [http-nio-8888-exec-4] INFO  com.netflix.config.ChainedDynamicProperty - Flipping property: micro-ancaiyun-admin-sso-service.ribbon.ActiveConnectionsLimit to use NEXT property: niws.loadbalancer.availabilityFilteringRule.activeConnectionsLimit = 2147483647
2018-07-27 08:46:27.924 [http-nio-8888-exec-4] INFO  com.netflix.loadbalancer.DynamicServerListLoadBalancer - DynamicServerListLoadBalancer for client micro-ancaiyun-admin-sso-service initialized: DynamicServerListLoadBalancer:{NFLoadBalancer:name=micro-ancaiyun-admin-sso-service,current list of Servers=[localhost:8880],Load balancer stats=Zone stats: {defaultzone=[Zone:defaultzone;	Instance count:1;	Active connections count: 0;	Circuit breaker tripped count: 0;	Active connections per server: 0.0;]
},Server stats: [[Server:localhost:8880;	Zone:defaultZone;	Total Requests:0;	Successive connection failure:0;	Total blackout seconds:0;	Last connection made:Thu Jan 01 08:00:00 CST 1970;	First connection made: Thu Jan 01 08:00:00 CST 1970;	Active Connections:0;	total failure count in last (1000) msecs:0;	average resp time:0.0;	90 percentile resp time:0.0;	95 percentile resp time:0.0;	min resp time:0.0;	max resp time:0.0;	stddev resp time:0.0]
]}ServerList:org.springframework.cloud.netflix.ribbon.eureka.DomainExtractingServerList@6730f23
2018-07-27 08:46:28.404 [AsyncResolver-bootstrap-executor-0] INFO  com.netflix.discovery.shared.resolver.aws.ConfigClusterResolver - Resolving eureka endpoints via configuration
2018-07-27 08:46:28.885 [PollingServerListUpdater-0] INFO  com.netflix.config.ChainedDynamicProperty - Flipping property: micro-ancaiyun-admin-sso-service.ribbon.ActiveConnectionsLimit to use NEXT property: niws.loadbalancer.availabilityFilteringRule.activeConnectionsLimit = 2147483647
2018-07-27 08:47:08.404 [http-nio-8888-exec-3] INFO  org.springframework.cloud.netflix.zuul.web.ZuulHandlerMapping - Mapped URL path [/micro-ancaiyun-admin-server/**] onto handler of type [class org.springframework.cloud.netflix.zuul.web.ZuulController]
2018-07-27 08:47:08.435 [http-nio-8888-exec-3] INFO  org.springframework.context.annotation.AnnotationConfigApplicationContext - Refreshing SpringClientFactory-micro-ancaiyun-admin-server: startup date [Fri Jul 27 08:47:08 CST 2018]; parent: org.springframework.boot.web.servlet.context.AnnotationConfigServletWebServerApplicationContext@c94fd30
2018-07-27 08:47:08.483 [http-nio-8888-exec-3] INFO  org.springframework.beans.factory.annotation.AutowiredAnnotationBeanPostProcessor - JSR-330 'javax.inject.Inject' annotation found and supported for autowiring
2018-07-27 08:47:08.520 [http-nio-8888-exec-3] INFO  com.netflix.config.ChainedDynamicProperty - Flipping property: micro-ancaiyun-admin-server.ribbon.ActiveConnectionsLimit to use NEXT property: niws.loadbalancer.availabilityFilteringRule.activeConnectionsLimit = 2147483647
2018-07-27 08:47:08.550 [http-nio-8888-exec-3] INFO  com.netflix.util.concurrent.ShutdownEnabledTimer - Shutdown hook installed for: NFLoadBalancer-PingTimer-micro-ancaiyun-admin-server
2018-07-27 08:47:08.575 [http-nio-8888-exec-3] INFO  com.netflix.loadbalancer.BaseLoadBalancer - Client: micro-ancaiyun-admin-server instantiated a LoadBalancer: DynamicServerListLoadBalancer:{NFLoadBalancer:name=micro-ancaiyun-admin-server,current list of Servers=[],Load balancer stats=Zone stats: {},Server stats: []}ServerList:null
2018-07-27 08:47:08.603 [http-nio-8888-exec-3] INFO  com.netflix.loadbalancer.DynamicServerListLoadBalancer - Using serverListUpdater PollingServerListUpdater
2018-07-27 08:47:08.632 [http-nio-8888-exec-3] INFO  com.netflix.config.ChainedDynamicProperty - Flipping property: micro-ancaiyun-admin-server.ribbon.ActiveConnectionsLimit to use NEXT property: niws.loadbalancer.availabilityFilteringRule.activeConnectionsLimit = 2147483647
2018-07-27 08:47:08.661 [http-nio-8888-exec-3] INFO  com.netflix.loadbalancer.DynamicServerListLoadBalancer - DynamicServerListLoadBalancer for client micro-ancaiyun-admin-server initialized: DynamicServerListLoadBalancer:{NFLoadBalancer:name=micro-ancaiyun-admin-server,current list of Servers=[localhost:8084],Load balancer stats=Zone stats: {defaultzone=[Zone:defaultzone;	Instance count:1;	Active connections count: 0;	Circuit breaker tripped count: 0;	Active connections per server: 0.0;]
},Server stats: [[Server:localhost:8084;	Zone:defaultZone;	Total Requests:0;	Successive connection failure:0;	Total blackout seconds:0;	Last connection made:Thu Jan 01 08:00:00 CST 1970;	First connection made: Thu Jan 01 08:00:00 CST 1970;	Active Connections:0;	total failure count in last (1000) msecs:0;	average resp time:0.0;	90 percentile resp time:0.0;	95 percentile resp time:0.0;	min resp time:0.0;	max resp time:0.0;	stddev resp time:0.0]
]}ServerList:org.springframework.cloud.netflix.ribbon.eureka.DomainExtractingServerList@3df8dbeb
2018-07-27 08:47:09.633 [PollingServerListUpdater-0] INFO  com.netflix.config.ChainedDynamicProperty - Flipping property: micro-ancaiyun-admin-server.ribbon.ActiveConnectionsLimit to use NEXT property: niws.loadbalancer.availabilityFilteringRule.activeConnectionsLimit = 2147483647
2018-07-27 08:48:16.422 [main] INFO  org.springframework.boot.test.context.SpringBootTestContextBootstrapper - Neither @ContextConfiguration nor @ContextHierarchy found for test class [com.ancaiyun.MicroAncaiyunZuulApplicationTests], using SpringBootContextLoader
2018-07-27 08:48:16.543 [main] INFO  org.springframework.test.context.support.AbstractContextLoader - Could not detect default resource locations for test class [com.ancaiyun.MicroAncaiyunZuulApplicationTests]: no resource found for suffixes {-context.xml, Context.groovy}.
2018-07-27 08:48:16.572 [main] INFO  org.springframework.test.context.support.AnnotationConfigContextLoaderUtils - Could not detect default configuration classes for test class [com.ancaiyun.MicroAncaiyunZuulApplicationTests]: MicroAncaiyunZuulApplicationTests does not declare any static, non-private, non-final, nested classes annotated with @Configuration.
2018-07-27 08:48:16.725 [main] INFO  org.springframework.boot.test.context.SpringBootTestContextBootstrapper - Found @SpringBootConfiguration com.ancaiyun.MicroAncaiyunZuulApplication for test class com.ancaiyun.MicroAncaiyunZuulApplicationTests
2018-07-27 08:48:16.876 [main] INFO  org.springframework.boot.test.context.SpringBootTestContextBootstrapper - Loaded default TestExecutionListener class names from location [META-INF/spring.factories]: [org.springframework.boot.test.mock.mockito.MockitoTestExecutionListener, org.springframework.boot.test.mock.mockito.ResetMocksTestExecutionListener, org.springframework.boot.test.autoconfigure.restdocs.RestDocsTestExecutionListener, org.springframework.boot.test.autoconfigure.web.client.MockRestServiceServerResetTestExecutionListener, org.springframework.boot.test.autoconfigure.web.servlet.MockMvcPrintOnlyOnFailureTestExecutionListener, org.springframework.boot.test.autoconfigure.web.servlet.WebDriverTestExecutionListener, org.springframework.test.context.web.ServletTestExecutionListener, org.springframework.test.context.support.DirtiesContextBeforeModesTestExecutionListener, org.springframework.test.context.support.DependencyInjectionTestExecutionListener, org.springframework.test.context.support.DirtiesContextTestExecutionListener, org.springframework.test.context.transaction.TransactionalTestExecutionListener, org.springframework.test.context.jdbc.SqlScriptsTestExecutionListener]
2018-07-27 08:48:16.957 [main] INFO  org.springframework.boot.test.context.SpringBootTestContextBootstrapper - Using TestExecutionListeners: [org.springframework.test.context.web.ServletTestExecutionListener@18f8cd79, org.springframework.test.context.support.DirtiesContextBeforeModesTestExecutionListener@3e2055d6, org.springframework.boot.test.mock.mockito.MockitoTestExecutionListener@50029372, org.springframework.boot.test.autoconfigure.SpringBootDependencyInjectionTestExecutionListener@e3b3b2f, org.springframework.test.context.support.DirtiesContextTestExecutionListener@50f6ac94, org.springframework.boot.test.mock.mockito.ResetMocksTestExecutionListener@6cc4cdb9, org.springframework.boot.test.autoconfigure.restdocs.RestDocsTestExecutionListener@28194a50, org.springframework.boot.test.autoconfigure.web.client.MockRestServiceServerResetTestExecutionListener@7f2cfe3f, org.springframework.boot.test.autoconfigure.web.servlet.MockMvcPrintOnlyOnFailureTestExecutionListener@1a5b6f42, org.springframework.boot.test.autoconfigure.web.servlet.WebDriverTestExecutionListener@5038d0b5]
2018-07-27 08:48:18.474 [main] INFO  org.springframework.context.annotation.AnnotationConfigApplicationContext - Refreshing org.springframework.context.annotation.AnnotationConfigApplicationContext@b2c5e07: startup date [Fri Jul 27 08:48:18 CST 2018]; root of context hierarchy
2018-07-27 08:48:18.791 [main] INFO  org.springframework.beans.factory.annotation.AutowiredAnnotationBeanPostProcessor - JSR-330 'javax.inject.Inject' annotation found and supported for autowiring
2018-07-27 08:48:18.857 [main] INFO  org.springframework.context.support.PostProcessorRegistrationDelegate$BeanPostProcessorChecker - Bean 'configurationPropertiesRebinderAutoConfiguration' of type [org.springframework.cloud.autoconfigure.ConfigurationPropertiesRebinderAutoConfiguration$$EnhancerBySpringCGLIB$$79c945bb] is not eligible for getting processed by all BeanPostProcessors (for example: not eligible for auto-proxying)
2018-07-27 08:48:20.224 [main] INFO  com.ancaiyun.MicroAncaiyunZuulApplicationTests - No active profile set, falling back to default profiles: default
2018-07-27 08:48:20.313 [main] INFO  org.springframework.web.context.support.GenericWebApplicationContext - Refreshing org.springframework.web.context.support.GenericWebApplicationContext@70dd7e15: startup date [Fri Jul 27 08:48:20 CST 2018]; parent: org.springframework.context.annotation.AnnotationConfigApplicationContext@b2c5e07
2018-07-27 08:48:20.919 [main] INFO  org.springframework.beans.factory.support.DefaultListableBeanFactory - Overriding bean definition for bean 'environmentWebEndpointExtension' with a different definition: replacing [Root bean: class [null]; scope=; abstract=false; lazyInit=false; autowireMode=3; dependencyCheck=0; autowireCandidate=true; primary=false; factoryBeanName=org.springframework.boot.actuate.autoconfigure.env.EnvironmentEndpointAutoConfiguration; factoryMethodName=environmentWebEndpointExtension; initMethodName=null; destroyMethodName=(inferred); defined in class path resource [org/springframework/boot/actuate/autoconfigure/env/EnvironmentEndpointAutoConfiguration.class]] with [Root bean: class [null]; scope=; abstract=false; lazyInit=false; autowireMode=3; dependencyCheck=0; autowireCandidate=true; primary=false; factoryBeanName=org.springframework.cloud.autoconfigure.LifecycleMvcEndpointAutoConfiguration$EndpointConfiguration; factoryMethodName=environmentWebEndpointExtension; initMethodName=null; destroyMethodName=(inferred); defined in class path resource [org/springframework/cloud/autoconfigure/LifecycleMvcEndpointAutoConfiguration$EndpointConfiguration.class]]
2018-07-27 08:48:21.000 [main] INFO  org.springframework.beans.factory.support.DefaultListableBeanFactory - Overriding bean definition for bean 'proxyRequestHelper' with a different definition: replacing [Root bean: class [null]; scope=; abstract=false; lazyInit=false; autowireMode=3; dependencyCheck=0; autowireCandidate=true; primary=false; factoryBeanName=org.springframework.cloud.netflix.zuul.ZuulProxyAutoConfiguration$EndpointConfiguration; factoryMethodName=proxyRequestHelper; initMethodName=null; destroyMethodName=(inferred); defined in class path resource [org/springframework/cloud/netflix/zuul/ZuulProxyAutoConfiguration$EndpointConfiguration.class]] with [Root bean: class [null]; scope=; abstract=false; lazyInit=false; autowireMode=3; dependencyCheck=0; autowireCandidate=true; primary=false; factoryBeanName=org.springframework.cloud.netflix.zuul.ZuulProxyAutoConfiguration$NoActuatorConfiguration; factoryMethodName=proxyRequestHelper; initMethodName=null; destroyMethodName=(inferred); defined in class path resource [org/springframework/cloud/netflix/zuul/ZuulProxyAutoConfiguration$NoActuatorConfiguration.class]]
2018-07-27 08:48:21.035 [main] INFO  org.springframework.beans.factory.support.DefaultListableBeanFactory - Overriding bean definition for bean 'counterFactory' with a different definition: replacing [Root bean: class [null]; scope=; abstract=false; lazyInit=false; autowireMode=3; dependencyCheck=0; autowireCandidate=true; primary=false; factoryBeanName=org.springframework.cloud.netflix.zuul.ZuulServerAutoConfiguration$ZuulMetricsConfiguration; factoryMethodName=counterFactory; initMethodName=null; destroyMethodName=(inferred); defined in class path resource [org/springframework/cloud/netflix/zuul/ZuulServerAutoConfiguration$ZuulMetricsConfiguration.class]] with [Root bean: class [null]; scope=; abstract=false; lazyInit=false; autowireMode=3; dependencyCheck=0; autowireCandidate=true; primary=false; factoryBeanName=org.springframework.cloud.netflix.zuul.ZuulServerAutoConfiguration$ZuulCounterFactoryConfiguration; factoryMethodName=counterFactory; initMethodName=null; destroyMethodName=(inferred); defined in class path resource [org/springframework/cloud/netflix/zuul/ZuulServerAutoConfiguration$ZuulCounterFactoryConfiguration.class]]
2018-07-27 08:48:21.332 [main] INFO  org.springframework.cloud.context.scope.GenericScope - BeanFactory id=b8829b21-f557-3655-817a-084996450d8a
2018-07-27 08:48:21.405 [main] INFO  org.springframework.beans.factory.annotation.AutowiredAnnotationBeanPostProcessor - JSR-330 'javax.inject.Inject' annotation found and supported for autowiring
2018-07-27 08:48:21.686 [main] INFO  org.springframework.context.support.PostProcessorRegistrationDelegate$BeanPostProcessorChecker - Bean 'org.springframework.cloud.autoconfigure.ConfigurationPropertiesRebinderAutoConfiguration' of type [org.springframework.cloud.autoconfigure.ConfigurationPropertiesRebinderAutoConfiguration$$EnhancerBySpringCGLIB$$79c945bb] is not eligible for getting processed by all BeanPostProcessors (for example: not eligible for auto-proxying)
2018-07-27 08:48:22.060 [main] INFO  com.netflix.config.sources.URLConfigurationSource - To enable URLs as dynamic configuration sources, define System property archaius.configurationSource.additionalUrls or make config.properties available on classpath.
2018-07-27 08:48:22.122 [main] INFO  com.netflix.config.sources.URLConfigurationSource - To enable URLs as dynamic configuration sources, define System property archaius.configurationSource.additionalUrls or make config.properties available on classpath.
2018-07-27 08:48:22.259 [main] INFO  org.springframework.web.servlet.handler.SimpleUrlHandlerMapping - Mapped URL path [/**/favicon.ico] onto handler of type [class org.springframework.web.servlet.resource.ResourceHttpRequestHandler]
2018-07-27 08:48:22.640 [main] INFO  org.springframework.web.servlet.mvc.method.annotation.RequestMappingHandlerAdapter - Looking for @ControllerAdvice: org.springframework.web.context.support.GenericWebApplicationContext@70dd7e15: startup date [Fri Jul 27 08:48:20 CST 2018]; parent: org.springframework.context.annotation.AnnotationConfigApplicationContext@b2c5e07
2018-07-27 08:48:22.737 [main] INFO  org.springframework.web.servlet.mvc.method.annotation.RequestMappingHandlerMapping - Mapped "{[/error]}" onto public org.springframework.http.ResponseEntity<java.util.Map<java.lang.String, java.lang.Object>> org.springframework.boot.autoconfigure.web.servlet.error.BasicErrorController.error(javax.servlet.http.HttpServletRequest)
2018-07-27 08:48:22.765 [main] INFO  org.springframework.web.servlet.mvc.method.annotation.RequestMappingHandlerMapping - Mapped "{[/error],produces=[text/html]}" onto public org.springframework.web.servlet.ModelAndView org.springframework.boot.autoconfigure.web.servlet.error.BasicErrorController.errorHtml(javax.servlet.http.HttpServletRequest,javax.servlet.http.HttpServletResponse)
2018-07-27 08:48:22.823 [main] INFO  org.springframework.web.servlet.handler.SimpleUrlHandlerMapping - Mapped URL path [/webjars/**] onto handler of type [class org.springframework.web.servlet.resource.ResourceHttpRequestHandler]
2018-07-27 08:48:22.850 [main] INFO  org.springframework.web.servlet.handler.SimpleUrlHandlerMapping - Mapped URL path [/**] onto handler of type [class org.springframework.web.servlet.resource.ResourceHttpRequestHandler]
2018-07-27 08:48:24.290 [main] INFO  org.springframework.cloud.commons.util.InetUtils - Cannot determine local hostname
2018-07-27 08:48:25.510 [main] INFO  org.springframework.cloud.commons.util.InetUtils - Cannot determine local hostname
2018-07-27 08:48:26.271 [main] INFO  org.springframework.ui.freemarker.SpringTemplateLoader - SpringTemplateLoader for FreeMarker: using resource loader [org.springframework.web.context.support.GenericWebApplicationContext@70dd7e15: startup date [Fri Jul 27 08:48:20 CST 2018]; parent: org.springframework.context.annotation.AnnotationConfigApplicationContext@b2c5e07] and template loader path [classpath:/templates/]
2018-07-27 08:48:26.297 [main] INFO  org.springframework.web.servlet.view.freemarker.FreeMarkerConfigurer - ClassTemplateLoader for Spring macros added to FreeMarker configuration
2018-07-27 08:48:26.900 [main] INFO  org.springframework.cloud.netflix.zuul.ZuulFilterInitializer - Starting filter initializer
2018-07-27 08:48:26.959 [main] INFO  org.springframework.boot.actuate.endpoint.web.EndpointLinksResolver - Exposing 2 endpoint(s) beneath base path '/actuator'
2018-07-27 08:48:26.995 [main] INFO  org.springframework.boot.actuate.endpoint.web.servlet.WebMvcEndpointHandlerMapping - Mapped "{[/actuator/health],methods=[GET],produces=[application/vnd.spring-boot.actuator.v2+json || application/json]}" onto public java.lang.Object org.springframework.boot.actuate.endpoint.web.servlet.AbstractWebMvcEndpointHandlerMapping$OperationHandler.handle(javax.servlet.http.HttpServletRequest,java.util.Map<java.lang.String, java.lang.String>)
2018-07-27 08:48:27.020 [main] INFO  org.springframework.boot.actuate.endpoint.web.servlet.WebMvcEndpointHandlerMapping - Mapped "{[/actuator/info],methods=[GET],produces=[application/vnd.spring-boot.actuator.v2+json || application/json]}" onto public java.lang.Object org.springframework.boot.actuate.endpoint.web.servlet.AbstractWebMvcEndpointHandlerMapping$OperationHandler.handle(javax.servlet.http.HttpServletRequest,java.util.Map<java.lang.String, java.lang.String>)
2018-07-27 08:48:27.047 [main] INFO  org.springframework.boot.actuate.endpoint.web.servlet.WebMvcEndpointHandlerMapping - Mapped "{[/actuator],methods=[GET],produces=[application/vnd.spring-boot.actuator.v2+json || application/json]}" onto protected java.util.Map<java.lang.String, java.util.Map<java.lang.String, org.springframework.boot.actuate.endpoint.web.Link>> org.springframework.boot.actuate.endpoint.web.servlet.WebMvcEndpointHandlerMapping.links(javax.servlet.http.HttpServletRequest,javax.servlet.http.HttpServletResponse)
2018-07-27 08:48:27.127 [main] INFO  org.springframework.context.support.DefaultLifecycleProcessor - Starting beans in phase 0
2018-07-27 08:48:27.172 [main] INFO  org.springframework.cloud.netflix.eureka.InstanceInfoFactory - Setting initial instance status as: STARTING
2018-07-27 08:48:27.232 [main] INFO  com.netflix.discovery.DiscoveryClient - Initializing Eureka in region us-east-1
2018-07-27 08:48:27.308 [main] INFO  com.netflix.discovery.provider.DiscoveryJerseyProvider - Using JSON encoding codec LegacyJacksonJson
2018-07-27 08:48:27.333 [main] INFO  com.netflix.discovery.provider.DiscoveryJerseyProvider - Using JSON decoding codec LegacyJacksonJson
2018-07-27 08:48:27.494 [main] INFO  com.netflix.discovery.provider.DiscoveryJerseyProvider - Using XML encoding codec XStreamXml
2018-07-27 08:48:27.519 [main] INFO  com.netflix.discovery.provider.DiscoveryJerseyProvider - Using XML decoding codec XStreamXml
2018-07-27 08:48:27.734 [main] INFO  com.netflix.discovery.shared.resolver.aws.ConfigClusterResolver - Resolving eureka endpoints via configuration
2018-07-27 08:48:27.853 [main] INFO  com.netflix.discovery.DiscoveryClient - Disable delta property : false
2018-07-27 08:48:27.880 [main] INFO  com.netflix.discovery.DiscoveryClient - Single vip registry refresh property : null
2018-07-27 08:48:27.904 [main] INFO  com.netflix.discovery.DiscoveryClient - Force full registry fetch : false
2018-07-27 08:48:27.927 [main] INFO  com.netflix.discovery.DiscoveryClient - Application is null : false
2018-07-27 08:48:27.951 [main] INFO  com.netflix.discovery.DiscoveryClient - Registered Applications size is zero : true
2018-07-27 08:48:27.977 [main] INFO  com.netflix.discovery.DiscoveryClient - Application version is -1: true
2018-07-27 08:48:28.002 [main] INFO  com.netflix.discovery.DiscoveryClient - Getting all instance registry info from the eureka server
2018-07-27 08:48:28.203 [main] INFO  com.netflix.discovery.DiscoveryClient - The response status is 200
2018-07-27 08:48:28.233 [main] INFO  com.netflix.discovery.DiscoveryClient - Starting heartbeat executor: renew interval is: 30
2018-07-27 08:48:28.260 [main] INFO  com.netflix.discovery.InstanceInfoReplicator - InstanceInfoReplicator onDemand update allowed rate per min is 4
2018-07-27 08:48:28.285 [main] INFO  com.netflix.discovery.DiscoveryClient - Discovery Client initialized at timestamp 1532652508284 with initial instances count: 3
2018-07-27 08:48:28.316 [main] INFO  com.ancaiyun.MicroAncaiyunZuulApplicationTests - Started MicroAncaiyunZuulApplicationTests in 11.297 seconds (JVM running for 12.608)
2018-07-27 08:48:28.570 [Thread-8] INFO  org.springframework.web.context.support.GenericWebApplicationContext - Closing org.springframework.web.context.support.GenericWebApplicationContext@70dd7e15: startup date [Fri Jul 27 08:48:20 CST 2018]; parent: org.springframework.context.annotation.AnnotationConfigApplicationContext@b2c5e07
2018-07-27 08:48:28.595 [Thread-8] INFO  org.springframework.cloud.netflix.eureka.serviceregistry.EurekaServiceRegistry - Unregistering application micro-ancaiyun-zuul with eureka with status DOWN
2018-07-27 08:48:28.645 [DiscoveryClient-InstanceInfoReplicator-0] INFO  com.netflix.discovery.DiscoveryClient - DiscoveryClient_MICRO-ANCAIYUN-ZUUL/localhost:micro-ancaiyun-zuul:-1: registering service...
2018-07-27 08:48:28.646 [Thread-8] INFO  org.springframework.context.support.DefaultLifecycleProcessor - Stopping beans in phase 0
2018-07-27 08:48:28.701 [DiscoveryClient-InstanceInfoReplicator-0] INFO  com.netflix.discovery.DiscoveryClient - DiscoveryClient_MICRO-ANCAIYUN-ZUUL/localhost:micro-ancaiyun-zuul:-1 - registration status: 204
2018-07-27 08:48:28.728 [Thread-8] INFO  org.springframework.cloud.netflix.zuul.ZuulFilterInitializer - Stopping filter initializer
2018-07-27 08:48:28.757 [Thread-8] INFO  com.netflix.discovery.DiscoveryClient - Shutting down DiscoveryClient ...
2018-07-27 08:48:31.788 [Thread-8] INFO  com.netflix.discovery.DiscoveryClient - Unregistering ...
2018-07-27 08:48:31.831 [Thread-8] INFO  com.netflix.discovery.DiscoveryClient - DiscoveryClient_MICRO-ANCAIYUN-ZUUL/localhost:micro-ancaiyun-zuul:-1 - deregister  status: 200
2018-07-27 08:48:31.883 [Thread-8] INFO  com.netflix.discovery.DiscoveryClient - Completed shut down of DiscoveryClient
2018-07-27 08:48:31.986 [Thread-8] INFO  com.netflix.config.sources.URLConfigurationSource - To enable URLs as dynamic configuration sources, define System property archaius.configurationSource.additionalUrls or make config.properties available on classpath.
2018-07-27 09:51:53.545 [main] INFO  org.springframework.context.annotation.AnnotationConfigApplicationContext - Refreshing org.springframework.context.annotation.AnnotationConfigApplicationContext@fa36558: startup date [Fri Jul 27 09:51:53 CST 2018]; root of context hierarchy
2018-07-27 09:51:53.760 [main] INFO  org.springframework.beans.factory.annotation.AutowiredAnnotationBeanPostProcessor - JSR-330 'javax.inject.Inject' annotation found and supported for autowiring
2018-07-27 09:51:53.814 [main] INFO  org.springframework.context.support.PostProcessorRegistrationDelegate$BeanPostProcessorChecker - Bean 'configurationPropertiesRebinderAutoConfiguration' of type [org.springframework.cloud.autoconfigure.ConfigurationPropertiesRebinderAutoConfiguration$$EnhancerBySpringCGLIB$$2fae14b3] is not eligible for getting processed by all BeanPostProcessors (for example: not eligible for auto-proxying)
2018-07-27 09:51:55.137 [main] INFO  com.ancaiyun.MicroAncaiyunZuulApplication - No active profile set, falling back to default profiles: default
2018-07-27 09:51:55.248 [main] INFO  org.springframework.boot.web.servlet.context.AnnotationConfigServletWebServerApplicationContext - Refreshing org.springframework.boot.web.servlet.context.AnnotationConfigServletWebServerApplicationContext@332796d3: startup date [Fri Jul 27 09:51:55 CST 2018]; parent: org.springframework.context.annotation.AnnotationConfigApplicationContext@fa36558
2018-07-27 09:51:55.779 [main] INFO  org.springframework.beans.factory.support.DefaultListableBeanFactory - Overriding bean definition for bean 'environmentWebEndpointExtension' with a different definition: replacing [Root bean: class [null]; scope=; abstract=false; lazyInit=false; autowireMode=3; dependencyCheck=0; autowireCandidate=true; primary=false; factoryBeanName=org.springframework.boot.actuate.autoconfigure.env.EnvironmentEndpointAutoConfiguration; factoryMethodName=environmentWebEndpointExtension; initMethodName=null; destroyMethodName=(inferred); defined in class path resource [org/springframework/boot/actuate/autoconfigure/env/EnvironmentEndpointAutoConfiguration.class]] with [Root bean: class [null]; scope=; abstract=false; lazyInit=false; autowireMode=3; dependencyCheck=0; autowireCandidate=true; primary=false; factoryBeanName=org.springframework.cloud.autoconfigure.LifecycleMvcEndpointAutoConfiguration$EndpointConfiguration; factoryMethodName=environmentWebEndpointExtension; initMethodName=null; destroyMethodName=(inferred); defined in class path resource [org/springframework/cloud/autoconfigure/LifecycleMvcEndpointAutoConfiguration$EndpointConfiguration.class]]
2018-07-27 09:51:55.844 [main] INFO  org.springframework.beans.factory.support.DefaultListableBeanFactory - Overriding bean definition for bean 'proxyRequestHelper' with a different definition: replacing [Root bean: class [null]; scope=; abstract=false; lazyInit=false; autowireMode=3; dependencyCheck=0; autowireCandidate=true; primary=false; factoryBeanName=org.springframework.cloud.netflix.zuul.ZuulProxyAutoConfiguration$EndpointConfiguration; factoryMethodName=proxyRequestHelper; initMethodName=null; destroyMethodName=(inferred); defined in class path resource [org/springframework/cloud/netflix/zuul/ZuulProxyAutoConfiguration$EndpointConfiguration.class]] with [Root bean: class [null]; scope=; abstract=false; lazyInit=false; autowireMode=3; dependencyCheck=0; autowireCandidate=true; primary=false; factoryBeanName=org.springframework.cloud.netflix.zuul.ZuulProxyAutoConfiguration$NoActuatorConfiguration; factoryMethodName=proxyRequestHelper; initMethodName=null; destroyMethodName=(inferred); defined in class path resource [org/springframework/cloud/netflix/zuul/ZuulProxyAutoConfiguration$NoActuatorConfiguration.class]]
2018-07-27 09:51:55.873 [main] INFO  org.springframework.beans.factory.support.DefaultListableBeanFactory - Overriding bean definition for bean 'counterFactory' with a different definition: replacing [Root bean: class [null]; scope=; abstract=false; lazyInit=false; autowireMode=3; dependencyCheck=0; autowireCandidate=true; primary=false; factoryBeanName=org.springframework.cloud.netflix.zuul.ZuulServerAutoConfiguration$ZuulMetricsConfiguration; factoryMethodName=counterFactory; initMethodName=null; destroyMethodName=(inferred); defined in class path resource [org/springframework/cloud/netflix/zuul/ZuulServerAutoConfiguration$ZuulMetricsConfiguration.class]] with [Root bean: class [null]; scope=; abstract=false; lazyInit=false; autowireMode=3; dependencyCheck=0; autowireCandidate=true; primary=false; factoryBeanName=org.springframework.cloud.netflix.zuul.ZuulServerAutoConfiguration$ZuulCounterFactoryConfiguration; factoryMethodName=counterFactory; initMethodName=null; destroyMethodName=(inferred); defined in class path resource [org/springframework/cloud/netflix/zuul/ZuulServerAutoConfiguration$ZuulCounterFactoryConfiguration.class]]
2018-07-27 09:51:56.090 [main] INFO  org.springframework.cloud.context.scope.GenericScope - BeanFactory id=8374500a-04ba-3d2c-aa21-62c0b6943d6a
2018-07-27 09:51:56.125 [main] INFO  org.springframework.beans.factory.annotation.AutowiredAnnotationBeanPostProcessor - JSR-330 'javax.inject.Inject' annotation found and supported for autowiring
2018-07-27 09:51:56.290 [main] INFO  org.springframework.context.support.PostProcessorRegistrationDelegate$BeanPostProcessorChecker - Bean 'org.springframework.cloud.autoconfigure.ConfigurationPropertiesRebinderAutoConfiguration' of type [org.springframework.cloud.autoconfigure.ConfigurationPropertiesRebinderAutoConfiguration$$EnhancerBySpringCGLIB$$2fae14b3] is not eligible for getting processed by all BeanPostProcessors (for example: not eligible for auto-proxying)
2018-07-27 09:51:56.511 [main] INFO  org.springframework.boot.web.embedded.tomcat.TomcatWebServer - Tomcat initialized with port(s): 8888 (http)
2018-07-27 09:51:56.543 [main] INFO  org.apache.coyote.http11.Http11NioProtocol - Initializing ProtocolHandler ["http-nio-8888"]
2018-07-27 09:51:56.577 [main] INFO  org.apache.catalina.core.StandardService - Starting service [Tomcat]
2018-07-27 09:51:56.603 [main] INFO  org.apache.catalina.core.StandardEngine - Starting Servlet Engine: Apache Tomcat/8.5.29
2018-07-27 09:51:56.640 [localhost-startStop-1] INFO  org.apache.catalina.core.AprLifecycleListener - The APR based Apache Tomcat Native library which allows optimal performance in production environments was not found on the java.library.path: [D:\houtai\jdk\bin;C:\WINDOWS\Sun\Java\bin;C:\WINDOWS\system32;C:\WINDOWS;D:\houtai\jdk\bin;C:\ProgramData\Oracle\Java\javapath;F:\springboot\spring-boot-cli-1.3.0.BUILD-SNAPSHOT-bin\spring-1.3.0.BUILD-SNAPSHOT\bin;C:\WINDOWS\system32;C:\WINDOWS;C:\WINDOWS\System32\Wbem;C:\WINDOWS\System32\WindowsPowerShell\v1.0\;C:\WINDOWS\System32\OpenSSH\;D:\houtai\node_js\;E:\git\Git\cmd;F:\python\learn\Scripts\;F:\python\learn\;D:\houtai\jdk\bin;C:\Users\Administrator\AppData\Local\Microsoft\WindowsApps;C:\Users\Administrator\AppData\Roaming\npm;.]
2018-07-27 09:51:56.890 [localhost-startStop-1] INFO  org.apache.catalina.core.ContainerBase.[Tomcat].[localhost].[/] - Initializing Spring embedded WebApplicationContext
2018-07-27 09:51:56.915 [localhost-startStop-1] INFO  org.springframework.web.context.ContextLoader - Root WebApplicationContext: initialization completed in 1667 ms
2018-07-27 09:51:58.324 [localhost-startStop-1] INFO  org.springframework.cloud.commons.util.InetUtils - Cannot determine local hostname
2018-07-27 09:51:59.572 [localhost-startStop-1] INFO  org.springframework.cloud.commons.util.InetUtils - Cannot determine local hostname
2018-07-27 09:52:00.094 [localhost-startStop-1] INFO  com.netflix.config.sources.URLConfigurationSource - To enable URLs as dynamic configuration sources, define System property archaius.configurationSource.additionalUrls or make config.properties available on classpath.
2018-07-27 09:52:00.125 [localhost-startStop-1] INFO  com.netflix.config.DynamicPropertyFactory - DynamicPropertyFactory is initialized with configuration sources: com.netflix.config.ConcurrentCompositeConfiguration@65d87437
2018-07-27 09:52:00.268 [localhost-startStop-1] INFO  org.springframework.boot.web.servlet.ServletRegistrationBean - Servlet dispatcherServlet mapped to [/]
2018-07-27 09:52:00.294 [localhost-startStop-1] INFO  org.springframework.boot.web.servlet.ServletRegistrationBean - Servlet zuulServlet mapped to [/zuul/*]
2018-07-27 09:52:00.319 [localhost-startStop-1] INFO  org.springframework.boot.web.servlet.FilterRegistrationBean - Mapping filter: 'characterEncodingFilter' to: [/*]
2018-07-27 09:52:00.347 [localhost-startStop-1] INFO  org.springframework.boot.web.servlet.FilterRegistrationBean - Mapping filter: 'hiddenHttpMethodFilter' to: [/*]
2018-07-27 09:52:00.373 [localhost-startStop-1] INFO  org.springframework.boot.web.servlet.FilterRegistrationBean - Mapping filter: 'httpPutFormContentFilter' to: [/*]
2018-07-27 09:52:00.398 [localhost-startStop-1] INFO  org.springframework.boot.web.servlet.FilterRegistrationBean - Mapping filter: 'requestContextFilter' to: [/*]
2018-07-27 09:52:00.424 [localhost-startStop-1] INFO  org.springframework.boot.web.servlet.FilterRegistrationBean - Mapping filter: 'httpTraceFilter' to: [/*]
2018-07-27 09:52:00.452 [localhost-startStop-1] INFO  org.springframework.boot.web.servlet.FilterRegistrationBean - Mapping filter: 'webMvcMetricsFilter' to: [/*]
2018-07-27 09:52:00.603 [main] INFO  com.netflix.config.sources.URLConfigurationSource - To enable URLs as dynamic configuration sources, define System property archaius.configurationSource.additionalUrls or make config.properties available on classpath.
2018-07-27 09:52:00.685 [main] INFO  org.springframework.web.servlet.handler.SimpleUrlHandlerMapping - Mapped URL path [/**/favicon.ico] onto handler of type [class org.springframework.web.servlet.resource.ResourceHttpRequestHandler]
2018-07-27 09:52:00.878 [main] INFO  org.springframework.web.servlet.mvc.method.annotation.RequestMappingHandlerAdapter - Looking for @ControllerAdvice: org.springframework.boot.web.servlet.context.AnnotationConfigServletWebServerApplicationContext@332796d3: startup date [Fri Jul 27 09:51:55 CST 2018]; parent: org.springframework.context.annotation.AnnotationConfigApplicationContext@fa36558
2018-07-27 09:52:00.944 [main] INFO  org.springframework.web.servlet.mvc.method.annotation.RequestMappingHandlerMapping - Mapped "{[/error]}" onto public org.springframework.http.ResponseEntity<java.util.Map<java.lang.String, java.lang.Object>> org.springframework.boot.autoconfigure.web.servlet.error.BasicErrorController.error(javax.servlet.http.HttpServletRequest)
2018-07-27 09:52:00.968 [main] INFO  org.springframework.web.servlet.mvc.method.annotation.RequestMappingHandlerMapping - Mapped "{[/error],produces=[text/html]}" onto public org.springframework.web.servlet.ModelAndView org.springframework.boot.autoconfigure.web.servlet.error.BasicErrorController.errorHtml(javax.servlet.http.HttpServletRequest,javax.servlet.http.HttpServletResponse)
2018-07-27 09:52:01.017 [main] INFO  org.springframework.web.servlet.handler.SimpleUrlHandlerMapping - Mapped URL path [/webjars/**] onto handler of type [class org.springframework.web.servlet.resource.ResourceHttpRequestHandler]
2018-07-27 09:52:01.044 [main] INFO  org.springframework.web.servlet.handler.SimpleUrlHandlerMapping - Mapped URL path [/**] onto handler of type [class org.springframework.web.servlet.resource.ResourceHttpRequestHandler]
2018-07-27 09:52:01.405 [main] INFO  org.springframework.ui.freemarker.SpringTemplateLoader - SpringTemplateLoader for FreeMarker: using resource loader [org.springframework.boot.web.servlet.context.AnnotationConfigServletWebServerApplicationContext@332796d3: startup date [Fri Jul 27 09:51:55 CST 2018]; parent: org.springframework.context.annotation.AnnotationConfigApplicationContext@fa36558] and template loader path [classpath:/templates/]
2018-07-27 09:52:01.428 [main] INFO  org.springframework.web.servlet.view.freemarker.FreeMarkerConfigurer - ClassTemplateLoader for Spring macros added to FreeMarker configuration
2018-07-27 09:52:01.836 [main] INFO  org.springframework.cloud.netflix.zuul.ZuulFilterInitializer - Starting filter initializer
2018-07-27 09:52:01.884 [main] INFO  org.springframework.boot.actuate.endpoint.web.EndpointLinksResolver - Exposing 2 endpoint(s) beneath base path '/actuator'
2018-07-27 09:52:01.917 [main] INFO  org.springframework.boot.actuate.endpoint.web.servlet.WebMvcEndpointHandlerMapping - Mapped "{[/actuator/health],methods=[GET],produces=[application/vnd.spring-boot.actuator.v2+json || application/json]}" onto public java.lang.Object org.springframework.boot.actuate.endpoint.web.servlet.AbstractWebMvcEndpointHandlerMapping$OperationHandler.handle(javax.servlet.http.HttpServletRequest,java.util.Map<java.lang.String, java.lang.String>)
2018-07-27 09:52:01.945 [main] INFO  org.springframework.boot.actuate.endpoint.web.servlet.WebMvcEndpointHandlerMapping - Mapped "{[/actuator/info],methods=[GET],produces=[application/vnd.spring-boot.actuator.v2+json || application/json]}" onto public java.lang.Object org.springframework.boot.actuate.endpoint.web.servlet.AbstractWebMvcEndpointHandlerMapping$OperationHandler.handle(javax.servlet.http.HttpServletRequest,java.util.Map<java.lang.String, java.lang.String>)
2018-07-27 09:52:01.970 [main] INFO  org.springframework.boot.actuate.endpoint.web.servlet.WebMvcEndpointHandlerMapping - Mapped "{[/actuator],methods=[GET],produces=[application/vnd.spring-boot.actuator.v2+json || application/json]}" onto protected java.util.Map<java.lang.String, java.util.Map<java.lang.String, org.springframework.boot.actuate.endpoint.web.Link>> org.springframework.boot.actuate.endpoint.web.servlet.WebMvcEndpointHandlerMapping.links(javax.servlet.http.HttpServletRequest,javax.servlet.http.HttpServletResponse)
2018-07-27 09:52:02.072 [main] INFO  org.springframework.jmx.export.annotation.AnnotationMBeanExporter - Registering beans for JMX exposure on startup
2018-07-27 09:52:02.104 [main] INFO  org.springframework.jmx.export.annotation.AnnotationMBeanExporter - Bean with name 'configurationPropertiesRebinder' has been autodetected for JMX exposure
2018-07-27 09:52:02.130 [main] INFO  org.springframework.jmx.export.annotation.AnnotationMBeanExporter - Bean with name 'environmentManager' has been autodetected for JMX exposure
2018-07-27 09:52:02.160 [main] INFO  org.springframework.jmx.export.annotation.AnnotationMBeanExporter - Bean with name 'refreshScope' has been autodetected for JMX exposure
2018-07-27 09:52:02.191 [main] INFO  org.springframework.jmx.export.annotation.AnnotationMBeanExporter - Located managed bean 'environmentManager': registering with JMX server as MBean [org.springframework.cloud.context.environment:name=environmentManager,type=EnvironmentManager]
2018-07-27 09:52:02.235 [main] INFO  org.springframework.jmx.export.annotation.AnnotationMBeanExporter - Located managed bean 'refreshScope': registering with JMX server as MBean [org.springframework.cloud.context.scope.refresh:name=refreshScope,type=RefreshScope]
2018-07-27 09:52:02.293 [main] INFO  org.springframework.jmx.export.annotation.AnnotationMBeanExporter - Located managed bean 'configurationPropertiesRebinder': registering with JMX server as MBean [org.springframework.cloud.context.properties:name=configurationPropertiesRebinder,context=332796d3,type=ConfigurationPropertiesRebinder]
2018-07-27 09:52:02.334 [main] INFO  org.springframework.context.support.DefaultLifecycleProcessor - Starting beans in phase 0
2018-07-27 09:52:02.373 [main] INFO  org.springframework.cloud.netflix.eureka.InstanceInfoFactory - Setting initial instance status as: STARTING
2018-07-27 09:52:02.449 [main] INFO  com.netflix.discovery.DiscoveryClient - Initializing Eureka in region us-east-1
2018-07-27 09:52:02.524 [main] INFO  com.netflix.discovery.provider.DiscoveryJerseyProvider - Using JSON encoding codec LegacyJacksonJson
2018-07-27 09:52:02.552 [main] INFO  com.netflix.discovery.provider.DiscoveryJerseyProvider - Using JSON decoding codec LegacyJacksonJson
2018-07-27 09:52:02.692 [main] INFO  com.netflix.discovery.provider.DiscoveryJerseyProvider - Using XML encoding codec XStreamXml
2018-07-27 09:52:02.716 [main] INFO  com.netflix.discovery.provider.DiscoveryJerseyProvider - Using XML decoding codec XStreamXml
2018-07-27 09:52:02.897 [main] INFO  com.netflix.discovery.shared.resolver.aws.ConfigClusterResolver - Resolving eureka endpoints via configuration
2018-07-27 09:52:02.988 [main] INFO  com.netflix.discovery.DiscoveryClient - Disable delta property : false
2018-07-27 09:52:03.013 [main] INFO  com.netflix.discovery.DiscoveryClient - Single vip registry refresh property : null
2018-07-27 09:52:03.038 [main] INFO  com.netflix.discovery.DiscoveryClient - Force full registry fetch : false
2018-07-27 09:52:03.062 [main] INFO  com.netflix.discovery.DiscoveryClient - Application is null : false
2018-07-27 09:52:03.088 [main] INFO  com.netflix.discovery.DiscoveryClient - Registered Applications size is zero : true
2018-07-27 09:52:03.114 [main] INFO  com.netflix.discovery.DiscoveryClient - Application version is -1: true
2018-07-27 09:52:03.139 [main] INFO  com.netflix.discovery.DiscoveryClient - Getting all instance registry info from the eureka server
2018-07-27 09:52:03.315 [main] INFO  com.netflix.discovery.DiscoveryClient - The response status is 200
2018-07-27 09:52:03.341 [main] INFO  com.netflix.discovery.DiscoveryClient - Starting heartbeat executor: renew interval is: 30
2018-07-27 09:52:03.365 [main] INFO  com.netflix.discovery.InstanceInfoReplicator - InstanceInfoReplicator onDemand update allowed rate per min is 4
2018-07-27 09:52:03.389 [main] INFO  com.netflix.discovery.DiscoveryClient - Discovery Client initialized at timestamp 1532656323388 with initial instances count: 3
2018-07-27 09:52:03.417 [main] INFO  org.springframework.cloud.netflix.eureka.serviceregistry.EurekaServiceRegistry - Registering application micro-ancaiyun-zuul with eureka with status UP
2018-07-27 09:52:03.445 [main] INFO  com.netflix.discovery.DiscoveryClient - Saw local status change event StatusChangeEvent [timestamp=1532656323445, current=UP, previous=STARTING]
2018-07-27 09:52:03.476 [DiscoveryClient-InstanceInfoReplicator-0] INFO  com.netflix.discovery.DiscoveryClient - DiscoveryClient_MICRO-ANCAIYUN-ZUUL/localhost:micro-ancaiyun-zuul:8888: registering service...
2018-07-27 09:52:03.517 [main] INFO  org.apache.coyote.http11.Http11NioProtocol - Starting ProtocolHandler ["http-nio-8888"]
2018-07-27 09:52:03.546 [DiscoveryClient-InstanceInfoReplicator-0] INFO  com.netflix.discovery.DiscoveryClient - DiscoveryClient_MICRO-ANCAIYUN-ZUUL/localhost:micro-ancaiyun-zuul:8888 - registration status: 204
2018-07-27 09:52:03.550 [main] INFO  org.apache.tomcat.util.net.NioSelectorPool - Using a shared selector for servlet write/read
2018-07-27 09:52:03.642 [main] INFO  org.springframework.boot.web.embedded.tomcat.TomcatWebServer - Tomcat started on port(s): 8888 (http) with context path ''
2018-07-27 09:52:03.667 [main] INFO  org.springframework.cloud.netflix.eureka.serviceregistry.EurekaAutoServiceRegistration - Updating port to 8888
2018-07-27 09:52:03.698 [main] INFO  com.ancaiyun.MicroAncaiyunZuulApplication - Started MicroAncaiyunZuulApplication in 11.652 seconds (JVM running for 12.53)
2018-07-27 09:52:04.133 [RMI TCP Connection(4)-127.0.0.1] INFO  org.apache.catalina.core.ContainerBase.[Tomcat].[localhost].[/] - Initializing Spring FrameworkServlet 'dispatcherServlet'
2018-07-27 09:52:04.160 [RMI TCP Connection(4)-127.0.0.1] INFO  org.springframework.web.servlet.DispatcherServlet - FrameworkServlet 'dispatcherServlet': initialization started
2018-07-27 09:52:04.198 [RMI TCP Connection(4)-127.0.0.1] INFO  org.springframework.web.servlet.DispatcherServlet - FrameworkServlet 'dispatcherServlet': initialization completed in 11 ms
2018-07-27 09:54:26.956 [http-nio-8888-exec-1] INFO  org.springframework.cloud.netflix.zuul.web.ZuulHandlerMapping - Mapped URL path [/admin-server/**] onto handler of type [class org.springframework.cloud.netflix.zuul.web.ZuulController]
2018-07-27 09:54:26.985 [http-nio-8888-exec-1] INFO  org.springframework.cloud.netflix.zuul.web.ZuulHandlerMapping - Mapped URL path [/admin-sso/**] onto handler of type [class org.springframework.cloud.netflix.zuul.web.ZuulController]
2018-07-27 09:54:27.009 [http-nio-8888-exec-1] INFO  org.springframework.cloud.netflix.zuul.web.ZuulHandlerMapping - Mapped URL path [/material/**] onto handler of type [class org.springframework.cloud.netflix.zuul.web.ZuulController]
2018-07-27 09:54:27.038 [http-nio-8888-exec-1] INFO  org.springframework.cloud.netflix.zuul.web.ZuulHandlerMapping - Mapped URL path [/project/**] onto handler of type [class org.springframework.cloud.netflix.zuul.web.ZuulController]
2018-07-27 09:54:27.066 [http-nio-8888-exec-1] INFO  org.springframework.cloud.netflix.zuul.web.ZuulHandlerMapping - Mapped URL path [/performance/**] onto handler of type [class org.springframework.cloud.netflix.zuul.web.ZuulController]
2018-07-27 09:54:27.093 [http-nio-8888-exec-1] INFO  org.springframework.cloud.netflix.zuul.web.ZuulHandlerMapping - Mapped URL path [/micro-ancaiyun-admin-sso-service/**] onto handler of type [class org.springframework.cloud.netflix.zuul.web.ZuulController]
2018-07-27 09:54:27.121 [http-nio-8888-exec-1] INFO  org.springframework.cloud.netflix.zuul.web.ZuulHandlerMapping - Mapped URL path [/micro-ancaiyun-admin-server/**] onto handler of type [class org.springframework.cloud.netflix.zuul.web.ZuulController]
2018-07-27 09:54:27.195 [http-nio-8888-exec-1] INFO  org.springframework.context.annotation.AnnotationConfigApplicationContext - Refreshing SpringClientFactory-mirco-ancaiyun-performance-server: startup date [Fri Jul 27 09:54:27 CST 2018]; parent: org.springframework.boot.web.servlet.context.AnnotationConfigServletWebServerApplicationContext@332796d3
2018-07-27 09:54:27.266 [http-nio-8888-exec-1] INFO  org.springframework.beans.factory.annotation.AutowiredAnnotationBeanPostProcessor - JSR-330 'javax.inject.Inject' annotation found and supported for autowiring
2018-07-27 09:54:27.427 [http-nio-8888-exec-1] INFO  com.netflix.config.ChainedDynamicProperty - Flipping property: mirco-ancaiyun-performance-server.ribbon.ActiveConnectionsLimit to use NEXT property: niws.loadbalancer.availabilityFilteringRule.activeConnectionsLimit = 2147483647
2018-07-27 09:54:27.466 [http-nio-8888-exec-1] INFO  com.netflix.util.concurrent.ShutdownEnabledTimer - Shutdown hook installed for: NFLoadBalancer-PingTimer-mirco-ancaiyun-performance-server
2018-07-27 09:54:27.531 [http-nio-8888-exec-1] INFO  com.netflix.loadbalancer.BaseLoadBalancer - Client: mirco-ancaiyun-performance-server instantiated a LoadBalancer: DynamicServerListLoadBalancer:{NFLoadBalancer:name=mirco-ancaiyun-performance-server,current list of Servers=[],Load balancer stats=Zone stats: {},Server stats: []}ServerList:null
2018-07-27 09:54:27.571 [http-nio-8888-exec-1] INFO  com.netflix.loadbalancer.DynamicServerListLoadBalancer - Using serverListUpdater PollingServerListUpdater
2018-07-27 09:54:27.608 [http-nio-8888-exec-1] INFO  com.netflix.loadbalancer.DynamicServerListLoadBalancer - DynamicServerListLoadBalancer for client mirco-ancaiyun-performance-server initialized: DynamicServerListLoadBalancer:{NFLoadBalancer:name=mirco-ancaiyun-performance-server,current list of Servers=[],Load balancer stats=Zone stats: {},Server stats: []}ServerList:org.springframework.cloud.netflix.ribbon.eureka.DomainExtractingServerList@b2f5352
2018-07-27 09:57:03.171 [AsyncResolver-bootstrap-executor-0] INFO  com.netflix.discovery.shared.resolver.aws.ConfigClusterResolver - Resolving eureka endpoints via configuration
2018-07-27 09:58:38.678 [http-nio-8888-exec-9] INFO  org.springframework.cloud.netflix.zuul.web.ZuulHandlerMapping - Mapped URL path [/mirco-ancaiyun-performance-server/**] onto handler of type [class org.springframework.cloud.netflix.zuul.web.ZuulController]
2018-07-27 09:58:58.653 [PollingServerListUpdater-1] INFO  com.netflix.config.ChainedDynamicProperty - Flipping property: mirco-ancaiyun-performance-server.ribbon.ActiveConnectionsLimit to use NEXT property: niws.loadbalancer.availabilityFilteringRule.activeConnectionsLimit = 2147483647
2018-07-27 10:02:03.200 [AsyncResolver-bootstrap-executor-0] INFO  com.netflix.discovery.shared.resolver.aws.ConfigClusterResolver - Resolving eureka endpoints via configuration
2018-07-27 10:07:03.230 [AsyncResolver-bootstrap-executor-0] INFO  com.netflix.discovery.shared.resolver.aws.ConfigClusterResolver - Resolving eureka endpoints via configuration
2018-07-27 10:12:03.260 [AsyncResolver-bootstrap-executor-0] INFO  com.netflix.discovery.shared.resolver.aws.ConfigClusterResolver - Resolving eureka endpoints via configuration
2018-07-27 10:17:03.288 [AsyncResolver-bootstrap-executor-0] INFO  com.netflix.discovery.shared.resolver.aws.ConfigClusterResolver - Resolving eureka endpoints via configuration
2018-07-27 10:22:03.320 [AsyncResolver-bootstrap-executor-0] INFO  com.netflix.discovery.shared.resolver.aws.ConfigClusterResolver - Resolving eureka endpoints via configuration
2018-07-27 10:27:03.347 [AsyncResolver-bootstrap-executor-0] INFO  com.netflix.discovery.shared.resolver.aws.ConfigClusterResolver - Resolving eureka endpoints via configuration
2018-07-27 10:32:03.378 [AsyncResolver-bootstrap-executor-0] INFO  com.netflix.discovery.shared.resolver.aws.ConfigClusterResolver - Resolving eureka endpoints via configuration
2018-07-27 10:37:03.406 [AsyncResolver-bootstrap-executor-0] INFO  com.netflix.discovery.shared.resolver.aws.ConfigClusterResolver - Resolving eureka endpoints via configuration
2018-07-27 10:42:03.436 [AsyncResolver-bootstrap-executor-0] INFO  com.netflix.discovery.shared.resolver.aws.ConfigClusterResolver - Resolving eureka endpoints via configuration
2018-07-27 10:47:03.467 [AsyncResolver-bootstrap-executor-0] INFO  com.netflix.discovery.shared.resolver.aws.ConfigClusterResolver - Resolving eureka endpoints via configuration
2018-07-27 10:52:03.494 [AsyncResolver-bootstrap-executor-0] INFO  com.netflix.discovery.shared.resolver.aws.ConfigClusterResolver - Resolving eureka endpoints via configuration
2018-07-27 10:57:03.523 [AsyncResolver-bootstrap-executor-0] INFO  com.netflix.discovery.shared.resolver.aws.ConfigClusterResolver - Resolving eureka endpoints via configuration
2018-07-27 10:58:06.722 [http-nio-8888-exec-8] INFO  org.springframework.context.annotation.AnnotationConfigApplicationContext - Refreshing SpringClientFactory-micro-ancaiyun-admin-server: startup date [Fri Jul 27 10:58:06 CST 2018]; parent: org.springframework.boot.web.servlet.context.AnnotationConfigServletWebServerApplicationContext@332796d3
2018-07-27 10:58:06.789 [http-nio-8888-exec-8] INFO  org.springframework.beans.factory.annotation.AutowiredAnnotationBeanPostProcessor - JSR-330 'javax.inject.Inject' annotation found and supported for autowiring
2018-07-27 10:58:06.841 [http-nio-8888-exec-8] INFO  com.netflix.config.ChainedDynamicProperty - Flipping property: micro-ancaiyun-admin-server.ribbon.ActiveConnectionsLimit to use NEXT property: niws.loadbalancer.availabilityFilteringRule.activeConnectionsLimit = 2147483647
2018-07-27 10:58:06.870 [http-nio-8888-exec-8] INFO  com.netflix.util.concurrent.ShutdownEnabledTimer - Shutdown hook installed for: NFLoadBalancer-PingTimer-micro-ancaiyun-admin-server
2018-07-27 10:58:06.895 [http-nio-8888-exec-8] INFO  com.netflix.loadbalancer.BaseLoadBalancer - Client: micro-ancaiyun-admin-server instantiated a LoadBalancer: DynamicServerListLoadBalancer:{NFLoadBalancer:name=micro-ancaiyun-admin-server,current list of Servers=[],Load balancer stats=Zone stats: {},Server stats: []}ServerList:null
2018-07-27 10:58:06.927 [http-nio-8888-exec-8] INFO  com.netflix.loadbalancer.DynamicServerListLoadBalancer - Using serverListUpdater PollingServerListUpdater
2018-07-27 10:58:06.956 [http-nio-8888-exec-8] INFO  com.netflix.config.ChainedDynamicProperty - Flipping property: micro-ancaiyun-admin-server.ribbon.ActiveConnectionsLimit to use NEXT property: niws.loadbalancer.availabilityFilteringRule.activeConnectionsLimit = 2147483647
2018-07-27 10:58:06.999 [http-nio-8888-exec-8] INFO  com.netflix.loadbalancer.DynamicServerListLoadBalancer - DynamicServerListLoadBalancer for client micro-ancaiyun-admin-server initialized: DynamicServerListLoadBalancer:{NFLoadBalancer:name=micro-ancaiyun-admin-server,current list of Servers=[localhost:8084],Load balancer stats=Zone stats: {defaultzone=[Zone:defaultzone;	Instance count:1;	Active connections count: 0;	Circuit breaker tripped count: 0;	Active connections per server: 0.0;]
},Server stats: [[Server:localhost:8084;	Zone:defaultZone;	Total Requests:0;	Successive connection failure:0;	Total blackout seconds:0;	Last connection made:Thu Jan 01 08:00:00 CST 1970;	First connection made: Thu Jan 01 08:00:00 CST 1970;	Active Connections:0;	total failure count in last (1000) msecs:0;	average resp time:0.0;	90 percentile resp time:0.0;	95 percentile resp time:0.0;	min resp time:0.0;	max resp time:0.0;	stddev resp time:0.0]
]}ServerList:org.springframework.cloud.netflix.ribbon.eureka.DomainExtractingServerList@175e5028
2018-07-27 10:58:07.955 [PollingServerListUpdater-0] INFO  com.netflix.config.ChainedDynamicProperty - Flipping property: micro-ancaiyun-admin-server.ribbon.ActiveConnectionsLimit to use NEXT property: niws.loadbalancer.availabilityFilteringRule.activeConnectionsLimit = 2147483647
2018-07-27 10:58:21.959 [http-nio-8888-exec-5] INFO  org.springframework.context.annotation.AnnotationConfigApplicationContext - Refreshing SpringClientFactory-micro-ancaiyun-admin-sso-service: startup date [Fri Jul 27 10:58:21 CST 2018]; parent: org.springframework.boot.web.servlet.context.AnnotationConfigServletWebServerApplicationContext@332796d3
2018-07-27 10:58:22.011 [http-nio-8888-exec-5] INFO  org.springframework.beans.factory.annotation.AutowiredAnnotationBeanPostProcessor - JSR-330 'javax.inject.Inject' annotation found and supported for autowiring
2018-07-27 10:58:22.057 [http-nio-8888-exec-5] INFO  com.netflix.config.ChainedDynamicProperty - Flipping property: micro-ancaiyun-admin-sso-service.ribbon.ActiveConnectionsLimit to use NEXT property: niws.loadbalancer.availabilityFilteringRule.activeConnectionsLimit = 2147483647
2018-07-27 10:58:22.087 [http-nio-8888-exec-5] INFO  com.netflix.util.concurrent.ShutdownEnabledTimer - Shutdown hook installed for: NFLoadBalancer-PingTimer-micro-ancaiyun-admin-sso-service
2018-07-27 10:58:22.113 [http-nio-8888-exec-5] INFO  com.netflix.loadbalancer.BaseLoadBalancer - Client: micro-ancaiyun-admin-sso-service instantiated a LoadBalancer: DynamicServerListLoadBalancer:{NFLoadBalancer:name=micro-ancaiyun-admin-sso-service,current list of Servers=[],Load balancer stats=Zone stats: {},Server stats: []}ServerList:null
2018-07-27 10:58:22.142 [http-nio-8888-exec-5] INFO  com.netflix.loadbalancer.DynamicServerListLoadBalancer - Using serverListUpdater PollingServerListUpdater
2018-07-27 10:58:22.171 [http-nio-8888-exec-5] INFO  com.netflix.config.ChainedDynamicProperty - Flipping property: micro-ancaiyun-admin-sso-service.ribbon.ActiveConnectionsLimit to use NEXT property: niws.loadbalancer.availabilityFilteringRule.activeConnectionsLimit = 2147483647
2018-07-27 10:58:22.201 [http-nio-8888-exec-5] INFO  com.netflix.loadbalancer.DynamicServerListLoadBalancer - DynamicServerListLoadBalancer for client micro-ancaiyun-admin-sso-service initialized: DynamicServerListLoadBalancer:{NFLoadBalancer:name=micro-ancaiyun-admin-sso-service,current list of Servers=[localhost:8880],Load balancer stats=Zone stats: {defaultzone=[Zone:defaultzone;	Instance count:1;	Active connections count: 0;	Circuit breaker tripped count: 0;	Active connections per server: 0.0;]
},Server stats: [[Server:localhost:8880;	Zone:defaultZone;	Total Requests:0;	Successive connection failure:0;	Total blackout seconds:0;	Last connection made:Thu Jan 01 08:00:00 CST 1970;	First connection made: Thu Jan 01 08:00:00 CST 1970;	Active Connections:0;	total failure count in last (1000) msecs:0;	average resp time:0.0;	90 percentile resp time:0.0;	95 percentile resp time:0.0;	min resp time:0.0;	max resp time:0.0;	stddev resp time:0.0]
]}ServerList:org.springframework.cloud.netflix.ribbon.eureka.DomainExtractingServerList@2a9e750f
2018-07-27 10:58:23.173 [PollingServerListUpdater-1] INFO  com.netflix.config.ChainedDynamicProperty - Flipping property: micro-ancaiyun-admin-sso-service.ribbon.ActiveConnectionsLimit to use NEXT property: niws.loadbalancer.availabilityFilteringRule.activeConnectionsLimit = 2147483647
2018-07-27 11:02:03.554 [AsyncResolver-bootstrap-executor-0] INFO  com.netflix.discovery.shared.resolver.aws.ConfigClusterResolver - Resolving eureka endpoints via configuration
2018-07-27 11:07:03.585 [AsyncResolver-bootstrap-executor-0] INFO  com.netflix.discovery.shared.resolver.aws.ConfigClusterResolver - Resolving eureka endpoints via configuration
2018-07-27 11:12:03.617 [AsyncResolver-bootstrap-executor-0] INFO  com.netflix.discovery.shared.resolver.aws.ConfigClusterResolver - Resolving eureka endpoints via configuration
2018-07-27 11:17:03.645 [AsyncResolver-bootstrap-executor-0] INFO  com.netflix.discovery.shared.resolver.aws.ConfigClusterResolver - Resolving eureka endpoints via configuration
2018-07-27 11:22:03.676 [AsyncResolver-bootstrap-executor-0] INFO  com.netflix.discovery.shared.resolver.aws.ConfigClusterResolver - Resolving eureka endpoints via configuration
2018-07-27 11:27:03.709 [AsyncResolver-bootstrap-executor-0] INFO  com.netflix.discovery.shared.resolver.aws.ConfigClusterResolver - Resolving eureka endpoints via configuration
2018-07-27 11:32:03.733 [AsyncResolver-bootstrap-executor-0] INFO  com.netflix.discovery.shared.resolver.aws.ConfigClusterResolver - Resolving eureka endpoints via configuration
2018-07-27 11:37:03.767 [AsyncResolver-bootstrap-executor-0] INFO  com.netflix.discovery.shared.resolver.aws.ConfigClusterResolver - Resolving eureka endpoints via configuration
2018-07-27 11:42:03.794 [AsyncResolver-bootstrap-executor-0] INFO  com.netflix.discovery.shared.resolver.aws.ConfigClusterResolver - Resolving eureka endpoints via configuration
2018-07-27 11:47:03.837 [AsyncResolver-bootstrap-executor-0] INFO  com.netflix.discovery.shared.resolver.aws.ConfigClusterResolver - Resolving eureka endpoints via configuration
2018-07-27 11:52:03.879 [AsyncResolver-bootstrap-executor-0] INFO  com.netflix.discovery.shared.resolver.aws.ConfigClusterResolver - Resolving eureka endpoints via configuration
2018-07-27 11:57:03.909 [AsyncResolver-bootstrap-executor-0] INFO  com.netflix.discovery.shared.resolver.aws.ConfigClusterResolver - Resolving eureka endpoints via configuration
2018-07-27 12:02:03.937 [AsyncResolver-bootstrap-executor-0] INFO  com.netflix.discovery.shared.resolver.aws.ConfigClusterResolver - Resolving eureka endpoints via configuration
2018-07-27 12:07:03.966 [AsyncResolver-bootstrap-executor-0] INFO  com.netflix.discovery.shared.resolver.aws.ConfigClusterResolver - Resolving eureka endpoints via configuration
2018-07-27 12:12:03.997 [AsyncResolver-bootstrap-executor-0] INFO  com.netflix.discovery.shared.resolver.aws.ConfigClusterResolver - Resolving eureka endpoints via configuration
2018-07-27 12:17:04.027 [AsyncResolver-bootstrap-executor-0] INFO  com.netflix.discovery.shared.resolver.aws.ConfigClusterResolver - Resolving eureka endpoints via configuration
2018-07-27 12:22:04.058 [AsyncResolver-bootstrap-executor-0] INFO  com.netflix.discovery.shared.resolver.aws.ConfigClusterResolver - Resolving eureka endpoints via configuration
2018-07-27 12:27:04.086 [AsyncResolver-bootstrap-executor-0] INFO  com.netflix.discovery.shared.resolver.aws.ConfigClusterResolver - Resolving eureka endpoints via configuration
2018-07-27 12:32:04.116 [AsyncResolver-bootstrap-executor-0] INFO  com.netflix.discovery.shared.resolver.aws.ConfigClusterResolver - Resolving eureka endpoints via configuration
2018-07-27 12:37:04.143 [AsyncResolver-bootstrap-executor-0] INFO  com.netflix.discovery.shared.resolver.aws.ConfigClusterResolver - Resolving eureka endpoints via configuration
2018-07-27 12:42:04.170 [AsyncResolver-bootstrap-executor-0] INFO  com.netflix.discovery.shared.resolver.aws.ConfigClusterResolver - Resolving eureka endpoints via configuration
2018-07-27 12:47:04.203 [AsyncResolver-bootstrap-executor-0] INFO  com.netflix.discovery.shared.resolver.aws.ConfigClusterResolver - Resolving eureka endpoints via configuration
2018-07-27 12:52:04.234 [AsyncResolver-bootstrap-executor-0] INFO  com.netflix.discovery.shared.resolver.aws.ConfigClusterResolver - Resolving eureka endpoints via configuration
2018-07-27 12:57:04.264 [AsyncResolver-bootstrap-executor-0] INFO  com.netflix.discovery.shared.resolver.aws.ConfigClusterResolver - Resolving eureka endpoints via configuration
2018-07-27 13:02:04.297 [AsyncResolver-bootstrap-executor-0] INFO  com.netflix.discovery.shared.resolver.aws.ConfigClusterResolver - Resolving eureka endpoints via configuration
2018-07-27 13:07:04.338 [AsyncResolver-bootstrap-executor-0] INFO  com.netflix.discovery.shared.resolver.aws.ConfigClusterResolver - Resolving eureka endpoints via configuration
2018-07-27 13:12:04.372 [AsyncResolver-bootstrap-executor-0] INFO  com.netflix.discovery.shared.resolver.aws.ConfigClusterResolver - Resolving eureka endpoints via configuration
2018-07-27 13:17:04.405 [AsyncResolver-bootstrap-executor-0] INFO  com.netflix.discovery.shared.resolver.aws.ConfigClusterResolver - Resolving eureka endpoints via configuration
2018-07-27 13:22:04.436 [AsyncResolver-bootstrap-executor-0] INFO  com.netflix.discovery.shared.resolver.aws.ConfigClusterResolver - Resolving eureka endpoints via configuration
2018-07-27 13:27:04.465 [AsyncResolver-bootstrap-executor-0] INFO  com.netflix.discovery.shared.resolver.aws.ConfigClusterResolver - Resolving eureka endpoints via configuration
2018-07-27 13:32:04.493 [AsyncResolver-bootstrap-executor-0] INFO  com.netflix.discovery.shared.resolver.aws.ConfigClusterResolver - Resolving eureka endpoints via configuration
2018-07-27 13:37:04.524 [AsyncResolver-bootstrap-executor-0] INFO  com.netflix.discovery.shared.resolver.aws.ConfigClusterResolver - Resolving eureka endpoints via configuration
2018-07-27 14:16:57.838 [AsyncResolver-bootstrap-executor-0] INFO  com.netflix.discovery.shared.resolver.aws.ConfigClusterResolver - Resolving eureka endpoints via configuration
2018-07-27 14:21:57.945 [AsyncResolver-bootstrap-executor-0] INFO  com.netflix.discovery.shared.resolver.aws.ConfigClusterResolver - Resolving eureka endpoints via configuration
2018-07-27 14:26:57.960 [AsyncResolver-bootstrap-executor-0] INFO  com.netflix.discovery.shared.resolver.aws.ConfigClusterResolver - Resolving eureka endpoints via configuration
2018-07-27 14:31:58.068 [AsyncResolver-bootstrap-executor-0] INFO  com.netflix.discovery.shared.resolver.aws.ConfigClusterResolver - Resolving eureka endpoints via configuration
2018-07-27 14:36:58.093 [AsyncResolver-bootstrap-executor-0] INFO  com.netflix.discovery.shared.resolver.aws.ConfigClusterResolver - Resolving eureka endpoints via configuration
2018-07-27 14:41:58.123 [AsyncResolver-bootstrap-executor-0] INFO  com.netflix.discovery.shared.resolver.aws.ConfigClusterResolver - Resolving eureka endpoints via configuration
2018-07-27 14:46:58.152 [AsyncResolver-bootstrap-executor-0] INFO  com.netflix.discovery.shared.resolver.aws.ConfigClusterResolver - Resolving eureka endpoints via configuration
2018-07-27 14:52:02.092 [AsyncResolver-bootstrap-executor-0] INFO  com.netflix.discovery.shared.resolver.aws.ConfigClusterResolver - Resolving eureka endpoints via configuration
2018-07-27 14:57:02.117 [AsyncResolver-bootstrap-executor-0] INFO  com.netflix.discovery.shared.resolver.aws.ConfigClusterResolver - Resolving eureka endpoints via configuration
2018-07-27 15:02:02.150 [AsyncResolver-bootstrap-executor-0] INFO  com.netflix.discovery.shared.resolver.aws.ConfigClusterResolver - Resolving eureka endpoints via configuration
2018-07-27 15:07:02.180 [AsyncResolver-bootstrap-executor-0] INFO  com.netflix.discovery.shared.resolver.aws.ConfigClusterResolver - Resolving eureka endpoints via configuration
2018-07-27 15:12:02.207 [AsyncResolver-bootstrap-executor-0] INFO  com.netflix.discovery.shared.resolver.aws.ConfigClusterResolver - Resolving eureka endpoints via configuration
2018-07-27 15:17:02.235 [AsyncResolver-bootstrap-executor-0] INFO  com.netflix.discovery.shared.resolver.aws.ConfigClusterResolver - Resolving eureka endpoints via configuration
2018-07-27 15:22:02.264 [AsyncResolver-bootstrap-executor-0] INFO  com.netflix.discovery.shared.resolver.aws.ConfigClusterResolver - Resolving eureka endpoints via configuration
2018-07-27 15:27:02.292 [AsyncResolver-bootstrap-executor-0] INFO  com.netflix.discovery.shared.resolver.aws.ConfigClusterResolver - Resolving eureka endpoints via configuration
2018-07-27 15:32:02.318 [AsyncResolver-bootstrap-executor-0] INFO  com.netflix.discovery.shared.resolver.aws.ConfigClusterResolver - Resolving eureka endpoints via configuration
2018-07-27 15:37:02.344 [AsyncResolver-bootstrap-executor-0] INFO  com.netflix.discovery.shared.resolver.aws.ConfigClusterResolver - Resolving eureka endpoints via configuration
2018-07-27 15:42:02.407 [AsyncResolver-bootstrap-executor-0] INFO  com.netflix.discovery.shared.resolver.aws.ConfigClusterResolver - Resolving eureka endpoints via configuration
2018-07-27 15:47:02.432 [AsyncResolver-bootstrap-executor-0] INFO  com.netflix.discovery.shared.resolver.aws.ConfigClusterResolver - Resolving eureka endpoints via configuration
2018-07-27 15:52:02.458 [AsyncResolver-bootstrap-executor-0] INFO  com.netflix.discovery.shared.resolver.aws.ConfigClusterResolver - Resolving eureka endpoints via configuration
2018-07-27 15:57:02.485 [AsyncResolver-bootstrap-executor-0] INFO  com.netflix.discovery.shared.resolver.aws.ConfigClusterResolver - Resolving eureka endpoints via configuration
2018-07-27 16:02:02.510 [AsyncResolver-bootstrap-executor-0] INFO  com.netflix.discovery.shared.resolver.aws.ConfigClusterResolver - Resolving eureka endpoints via configuration
2018-07-27 16:07:02.541 [AsyncResolver-bootstrap-executor-0] INFO  com.netflix.discovery.shared.resolver.aws.ConfigClusterResolver - Resolving eureka endpoints via configuration
2018-07-27 16:12:02.567 [AsyncResolver-bootstrap-executor-0] INFO  com.netflix.discovery.shared.resolver.aws.ConfigClusterResolver - Resolving eureka endpoints via configuration
2018-07-27 16:17:02.596 [AsyncResolver-bootstrap-executor-0] INFO  com.netflix.discovery.shared.resolver.aws.ConfigClusterResolver - Resolving eureka endpoints via configuration
2018-07-27 16:22:02.624 [AsyncResolver-bootstrap-executor-0] INFO  com.netflix.discovery.shared.resolver.aws.ConfigClusterResolver - Resolving eureka endpoints via configuration
2018-07-27 16:27:02.651 [AsyncResolver-bootstrap-executor-0] INFO  com.netflix.discovery.shared.resolver.aws.ConfigClusterResolver - Resolving eureka endpoints via configuration
2018-07-27 16:32:02.676 [AsyncResolver-bootstrap-executor-0] INFO  com.netflix.discovery.shared.resolver.aws.ConfigClusterResolver - Resolving eureka endpoints via configuration
2018-07-27 16:37:02.704 [AsyncResolver-bootstrap-executor-0] INFO  com.netflix.discovery.shared.resolver.aws.ConfigClusterResolver - Resolving eureka endpoints via configuration
2018-07-27 16:42:02.730 [AsyncResolver-bootstrap-executor-0] INFO  com.netflix.discovery.shared.resolver.aws.ConfigClusterResolver - Resolving eureka endpoints via configuration
2018-07-27 16:47:02.757 [AsyncResolver-bootstrap-executor-0] INFO  com.netflix.discovery.shared.resolver.aws.ConfigClusterResolver - Resolving eureka endpoints via configuration
2018-07-27 16:52:02.782 [AsyncResolver-bootstrap-executor-0] INFO  com.netflix.discovery.shared.resolver.aws.ConfigClusterResolver - Resolving eureka endpoints via configuration
2018-07-27 16:57:02.810 [AsyncResolver-bootstrap-executor-0] INFO  com.netflix.discovery.shared.resolver.aws.ConfigClusterResolver - Resolving eureka endpoints via configuration
2018-07-27 17:02:02.837 [AsyncResolver-bootstrap-executor-0] INFO  com.netflix.discovery.shared.resolver.aws.ConfigClusterResolver - Resolving eureka endpoints via configuration
2018-07-27 17:07:02.863 [AsyncResolver-bootstrap-executor-0] INFO  com.netflix.discovery.shared.resolver.aws.ConfigClusterResolver - Resolving eureka endpoints via configuration
2018-07-27 17:12:02.890 [AsyncResolver-bootstrap-executor-0] INFO  com.netflix.discovery.shared.resolver.aws.ConfigClusterResolver - Resolving eureka endpoints via configuration
2018-07-27 17:17:02.915 [AsyncResolver-bootstrap-executor-0] INFO  com.netflix.discovery.shared.resolver.aws.ConfigClusterResolver - Resolving eureka endpoints via configuration
2018-07-27 17:22:02.945 [AsyncResolver-bootstrap-executor-0] INFO  com.netflix.discovery.shared.resolver.aws.ConfigClusterResolver - Resolving eureka endpoints via configuration
2018-07-27 17:27:02.971 [AsyncResolver-bootstrap-executor-0] INFO  com.netflix.discovery.shared.resolver.aws.ConfigClusterResolver - Resolving eureka endpoints via configuration
2018-07-27 17:32:02.997 [AsyncResolver-bootstrap-executor-0] INFO  com.netflix.discovery.shared.resolver.aws.ConfigClusterResolver - Resolving eureka endpoints via configuration
2018-07-27 17:37:03.021 [AsyncResolver-bootstrap-executor-0] INFO  com.netflix.discovery.shared.resolver.aws.ConfigClusterResolver - Resolving eureka endpoints via configuration
2018-07-27 17:42:03.050 [AsyncResolver-bootstrap-executor-0] INFO  com.netflix.discovery.shared.resolver.aws.ConfigClusterResolver - Resolving eureka endpoints via configuration
2018-07-27 17:47:03.078 [AsyncResolver-bootstrap-executor-0] INFO  com.netflix.discovery.shared.resolver.aws.ConfigClusterResolver - Resolving eureka endpoints via configuration
2018-07-27 17:52:03.105 [AsyncResolver-bootstrap-executor-0] INFO  com.netflix.discovery.shared.resolver.aws.ConfigClusterResolver - Resolving eureka endpoints via configuration
2018-07-27 17:57:03.134 [AsyncResolver-bootstrap-executor-0] INFO  com.netflix.discovery.shared.resolver.aws.ConfigClusterResolver - Resolving eureka endpoints via configuration
2018-07-27 18:02:03.162 [AsyncResolver-bootstrap-executor-0] INFO  com.netflix.discovery.shared.resolver.aws.ConfigClusterResolver - Resolving eureka endpoints via configuration
2018-07-27 18:07:03.194 [AsyncResolver-bootstrap-executor-0] INFO  com.netflix.discovery.shared.resolver.aws.ConfigClusterResolver - Resolving eureka endpoints via configuration
